TpTrace Verbose: 0 : 26768, 1, 2024/05/31, 00:05:27.640, 10648969059311, vstest.console.dll, Version: 17.9.0-release-24072-02 Current process architecture: X64
TpTrace Verbose: 0 : 26768, 1, 2024/05/31, 00:05:27.643, 10648969087893, vstest.console.dll, Runtime location: C:\Program Files\dotnet\shared\Microsoft.NETCore.App\8.0.3
TpTrace Verbose: 0 : 26768, 1, 2024/05/31, 00:05:27.646, 10648969113071, vstest.console.dll, ArtifactProcessingPostProcessModeProcessorExecutor.Initialize: ArtifactProcessingMode.Collect
TpTrace Verbose: 0 : 26768, 1, 2024/05/31, 00:05:27.646, 10648969114542, vstest.console.dll, TestSessionCorrelationIdProcessorModeProcessorExecutor.Initialize: TestSessionCorrelationId '25808_24b734f8-0d49-45f7-a8f8-30ef848c34c8'
TpTrace Information: 0 : 26768, 1, 2024/05/31, 00:05:27.652, 10648969176631, vstest.console.dll, FilePatternParser: The given file C:\Users\VC\Desktop\mini-project\FoodDeliveryWebAppSln\FoodDeliveryAppTests\bin\Debug\net6.0\fine-code-coverage\build-output\FoodDeliveryAppTests.dll is a full path.
TpTrace Verbose: 0 : 26768, 1, 2024/05/31, 00:05:27.655, 10648969207463, vstest.console.dll, TestPluginCache.DiscoverTestExtensions: finding test extensions in assemblies ends with: RuntimeProvider.dll TPluginInfo: Microsoft.VisualStudio.TestPlatform.Common.ExtensionFramework.Utilities.TestRuntimePluginInformation TExtension: Microsoft.VisualStudio.TestPlatform.ObjectModel.Host.ITestRuntimeProvider
TpTrace Verbose: 0 : 26768, 1, 2024/05/31, 00:05:27.656, 10648969210205, vstest.console.dll, TestPluginCache.GetExtensionPaths: Filtered extension paths: 
TpTrace Verbose: 0 : 26768, 1, 2024/05/31, 00:05:27.656, 10648969210825, vstest.console.dll, TestPluginCache.GetExtensionPaths: Added default extension paths: C:\Program Files\dotnet\sdk\8.0.202\Extensions\Microsoft.Diagnostics.NETCore.Client.dll
C:\Program Files\dotnet\sdk\8.0.202\Extensions\Microsoft.TestPlatform.Extensions.BlameDataCollector.dll
C:\Program Files\dotnet\sdk\8.0.202\Extensions\Microsoft.TestPlatform.Extensions.EventLogCollector.dll
C:\Program Files\dotnet\sdk\8.0.202\Extensions\Microsoft.TestPlatform.TestHostRuntimeProvider.dll
C:\Program Files\dotnet\sdk\8.0.202\Extensions\Microsoft.VisualStudio.TestPlatform.Extensions.Html.TestLogger.dll
C:\Program Files\dotnet\sdk\8.0.202\Extensions\Microsoft.VisualStudio.TestPlatform.Extensions.Trx.TestLogger.dll
TpTrace Verbose: 0 : 26768, 1, 2024/05/31, 00:05:27.656, 10648969211034, vstest.console.dll, TestPluginCache.GetExtensionPaths: Added unfilterableExtensionPaths: 
TpTrace Information: 0 : 26768, 1, 2024/05/31, 00:05:27.656, 10648969214991, vstest.console.dll, AssemblyResolver.ctor: Creating AssemblyResolver with searchDirectories C:\Program Files\dotnet\sdk\8.0.202\Extensions,C:\Program Files\dotnet\sdk\8.0.202
TpTrace Verbose: 0 : 26768, 1, 2024/05/31, 00:05:27.657, 10648969225203, vstest.console.dll, TestPluginCache.DiscoverTestExtensions: Discovering the extensions using extension path.
TpTrace Verbose: 0 : 26768, 1, 2024/05/31, 00:05:27.657, 10648969226189, vstest.console.dll, TestPluginCache.GetExtensionPaths: Filtered extension paths: 
TpTrace Verbose: 0 : 26768, 1, 2024/05/31, 00:05:27.657, 10648969226468, vstest.console.dll, TestPluginCache.GetExtensionPaths: Added default extension paths: C:\Program Files\dotnet\sdk\8.0.202\Extensions\Microsoft.Diagnostics.NETCore.Client.dll
C:\Program Files\dotnet\sdk\8.0.202\Extensions\Microsoft.TestPlatform.Extensions.BlameDataCollector.dll
C:\Program Files\dotnet\sdk\8.0.202\Extensions\Microsoft.TestPlatform.Extensions.EventLogCollector.dll
C:\Program Files\dotnet\sdk\8.0.202\Extensions\Microsoft.TestPlatform.TestHostRuntimeProvider.dll
C:\Program Files\dotnet\sdk\8.0.202\Extensions\Microsoft.VisualStudio.TestPlatform.Extensions.Html.TestLogger.dll
C:\Program Files\dotnet\sdk\8.0.202\Extensions\Microsoft.VisualStudio.TestPlatform.Extensions.Trx.TestLogger.dll
TpTrace Verbose: 0 : 26768, 1, 2024/05/31, 00:05:27.657, 10648969226643, vstest.console.dll, TestPluginCache.GetExtensionPaths: Added unfilterableExtensionPaths: 
TpTrace Verbose: 0 : 26768, 1, 2024/05/31, 00:05:27.657, 10648969227534, vstest.console.dll, TestPluginCache.DiscoverTestExtensions: Discovering the extensions using allExtensionPaths: C:\Program Files\dotnet\sdk\8.0.202\Extensions\Microsoft.Diagnostics.NETCore.Client.dll
C:\Program Files\dotnet\sdk\8.0.202\Extensions\Microsoft.TestPlatform.Extensions.BlameDataCollector.dll
C:\Program Files\dotnet\sdk\8.0.202\Extensions\Microsoft.TestPlatform.Extensions.EventLogCollector.dll
C:\Program Files\dotnet\sdk\8.0.202\Extensions\Microsoft.TestPlatform.TestHostRuntimeProvider.dll
C:\Program Files\dotnet\sdk\8.0.202\Extensions\Microsoft.VisualStudio.TestPlatform.Extensions.Html.TestLogger.dll
C:\Program Files\dotnet\sdk\8.0.202\Extensions\Microsoft.VisualStudio.TestPlatform.Extensions.Trx.TestLogger.dll
TpTrace Information: 0 : 26768, 1, 2024/05/31, 00:05:27.657, 10648969228233, vstest.console.dll, AssemblyResolver.AddSearchDirectories: Adding more searchDirectories C:\Program Files\dotnet\sdk\8.0.202\Extensions,C:\Program Files\dotnet\sdk\8.0.202
TpTrace Information: 0 : 26768, 1, 2024/05/31, 00:05:27.657, 10648969228567, vstest.console.dll, AssemblyResolver.AddSearchDirectories: Adding more searchDirectories C:\Program Files\dotnet\sdk\8.0.202\Extensions,C:\Program Files\dotnet\sdk\8.0.202
TpTrace Information: 0 : 26768, 1, 2024/05/31, 00:05:27.657, 10648969228749, vstest.console.dll, AssemblyResolver.AddSearchDirectories: Adding more searchDirectories C:\Program Files\dotnet\sdk\8.0.202\Extensions,C:\Program Files\dotnet\sdk\8.0.202
TpTrace Information: 0 : 26768, 1, 2024/05/31, 00:05:27.657, 10648969228915, vstest.console.dll, AssemblyResolver.AddSearchDirectories: Adding more searchDirectories C:\Program Files\dotnet\sdk\8.0.202\Extensions,C:\Program Files\dotnet\sdk\8.0.202
TpTrace Information: 0 : 26768, 1, 2024/05/31, 00:05:27.657, 10648969229114, vstest.console.dll, AssemblyResolver.AddSearchDirectories: Adding more searchDirectories C:\Program Files\dotnet\sdk\8.0.202\Extensions,C:\Program Files\dotnet\sdk\8.0.202
TpTrace Information: 0 : 26768, 1, 2024/05/31, 00:05:27.657, 10648969229281, vstest.console.dll, AssemblyResolver.AddSearchDirectories: Adding more searchDirectories C:\Program Files\dotnet\sdk\8.0.202\Extensions,C:\Program Files\dotnet\sdk\8.0.202
TpTrace Information: 0 : 26768, 1, 2024/05/31, 00:05:27.658, 10648969232994, vstest.console.dll, AssemblyResolver.OnResolve: Microsoft.Diagnostics.NETCore.Client: Resolving assembly.
TpTrace Information: 0 : 26768, 1, 2024/05/31, 00:05:27.658, 10648969233576, vstest.console.dll, AssemblyResolver.OnResolve: Microsoft.Diagnostics.NETCore.Client: Searching in: 'C:\Program Files\dotnet\sdk\8.0.202\Extensions'.
TpTrace Information: 0 : 26768, 1, 2024/05/31, 00:05:27.662, 10648969278547, vstest.console.dll, AssemblyResolver.OnResolve: Microsoft.Diagnostics.NETCore.Client: Loading assembly 'C:\Program Files\dotnet\sdk\8.0.202\Extensions\Microsoft.Diagnostics.NETCore.Client.dll'.
TpTrace Information: 0 : 26768, 1, 2024/05/31, 00:05:27.663, 10648969282246, vstest.console.dll, AssemblyResolver.OnResolve: Resolved assembly: Microsoft.Diagnostics.NETCore.Client, from path: C:\Program Files\dotnet\sdk\8.0.202\Extensions\Microsoft.Diagnostics.NETCore.Client.dll
TpTrace Verbose: 0 : 26768, 1, 2024/05/31, 00:05:27.666, 10648969316041, vstest.console.dll, MetadataReaderExtensionsHelper: Discovering extensions inside assembly 'Microsoft.Diagnostics.NETCore.Client, Version=0.2.9.2401, Culture=neutral, PublicKeyToken=31bf3856ad364e35' file path 'C:\Program Files\dotnet\sdk\8.0.202\Extensions\Microsoft.Diagnostics.NETCore.Client.dll'
TpTrace Information: 0 : 26768, 1, 2024/05/31, 00:05:27.669, 10648969342471, vstest.console.dll, AssemblyResolver.OnResolve: Microsoft.Bcl.AsyncInterfaces: Resolving assembly.
TpTrace Information: 0 : 26768, 1, 2024/05/31, 00:05:27.669, 10648969343369, vstest.console.dll, AssemblyResolver.OnResolve: Microsoft.Bcl.AsyncInterfaces: Searching in: 'C:\Program Files\dotnet\sdk\8.0.202\Extensions'.
TpTrace Information: 0 : 26768, 1, 2024/05/31, 00:05:27.669, 10648969343806, vstest.console.dll, AssemblyResolver.OnResolve: Microsoft.Bcl.AsyncInterfaces: Assembly path does not exist: 'C:\Program Files\dotnet\sdk\8.0.202\Extensions\Microsoft.Bcl.AsyncInterfaces.dll', returning.
TpTrace Information: 0 : 26768, 1, 2024/05/31, 00:05:27.669, 10648969344488, vstest.console.dll, AssemblyResolver.OnResolve: Microsoft.Bcl.AsyncInterfaces: Assembly path does not exist: 'C:\Program Files\dotnet\sdk\8.0.202\Extensions\Microsoft.Bcl.AsyncInterfaces.exe', returning.
TpTrace Information: 0 : 26768, 1, 2024/05/31, 00:05:27.669, 10648969344656, vstest.console.dll, AssemblyResolver.OnResolve: Microsoft.Bcl.AsyncInterfaces: Searching in: 'C:\Program Files\dotnet\sdk\8.0.202'.
TpTrace Information: 0 : 26768, 1, 2024/05/31, 00:05:27.669, 10648969344931, vstest.console.dll, AssemblyResolver.OnResolve: Microsoft.Bcl.AsyncInterfaces: Assembly path does not exist: 'C:\Program Files\dotnet\sdk\8.0.202\Microsoft.Bcl.AsyncInterfaces.dll', returning.
TpTrace Information: 0 : 26768, 1, 2024/05/31, 00:05:27.669, 10648969345151, vstest.console.dll, AssemblyResolver.OnResolve: Microsoft.Bcl.AsyncInterfaces: Assembly path does not exist: 'C:\Program Files\dotnet\sdk\8.0.202\Microsoft.Bcl.AsyncInterfaces.exe', returning.
TpTrace Information: 0 : 26768, 1, 2024/05/31, 00:05:27.669, 10648969345327, vstest.console.dll, AssemblyResolver.OnResolve: Microsoft.Bcl.AsyncInterfaces: Failed to load assembly.
TpTrace Verbose: 0 : 26768, 1, 2024/05/31, 00:05:27.669, 10648969345519, vstest.console.dll, CurrentDomainAssemblyResolve: Resolving assembly 'Microsoft.Bcl.AsyncInterfaces'.
TpTrace Information: 0 : 26768, 1, 2024/05/31, 00:05:27.669, 10648969345849, vstest.console.dll, AssemblyResolver.OnResolve: Microsoft.Bcl.AsyncInterfaces: Resolving assembly.
TpTrace Information: 0 : 26768, 1, 2024/05/31, 00:05:27.669, 10648969346048, vstest.console.dll, AssemblyResolver.OnResolve: Microsoft.Bcl.AsyncInterfaces: Resolved from cache.
TpTrace Verbose: 0 : 26768, 1, 2024/05/31, 00:05:27.669, 10648969346175, vstest.console.dll, CurrentDomainAssemblyResolve: Resolving assembly 'Microsoft.Bcl.AsyncInterfaces'.
TpTrace Verbose: 0 : 26768, 1, 2024/05/31, 00:05:27.669, 10648969346341, vstest.console.dll, CurrentDomainAssemblyResolve: Failed to resolve assembly 'Microsoft.Bcl.AsyncInterfaces'.
TpTrace Verbose: 0 : 26768, 1, 2024/05/31, 00:05:27.670, 10648969350050, vstest.console.dll, CurrentDomainAssemblyResolve: Failed to resolve assembly 'Microsoft.Bcl.AsyncInterfaces'.
TpTrace Warning: 0 : 26768, 1, 2024/05/31, 00:05:27.676, 10648969413829, vstest.console.dll, TestPluginDiscoverer: Failed to get types from assembly 'Microsoft.Diagnostics.NETCore.Client, Version=0.2.9.2401, Culture=neutral, PublicKeyToken=31bf3856ad364e35'. Error: System.Reflection.ReflectionTypeLoadException: Unable to load one or more of the requested types.
Could not load file or assembly 'Microsoft.Bcl.AsyncInterfaces, Version=6.0.0.0, Culture=neutral, PublicKeyToken=cc7b13ffcd2ddd51'. The system cannot find the file specified.
   at System.Reflection.RuntimeModule.GetTypes(RuntimeModule module)
   at System.Reflection.RuntimeModule.GetTypes()
   at Microsoft.VisualStudio.TestPlatform.Common.ExtensionFramework.TestPluginDiscoverer.GetTestExtensionsFromAssembly[TPluginInfo,TExtension](Assembly assembly, Dictionary`2 pluginInfos, String filePath) in /_/src/Microsoft.TestPlatform.Common/ExtensionFramework/TestPluginDiscoverer.cs:line 158
System.IO.FileNotFoundException: Could not load file or assembly 'Microsoft.Bcl.AsyncInterfaces, Version=6.0.0.0, Culture=neutral, PublicKeyToken=cc7b13ffcd2ddd51'. The system cannot find the file specified.
File name: 'Microsoft.Bcl.AsyncInterfaces, Version=6.0.0.0, Culture=neutral, PublicKeyToken=cc7b13ffcd2ddd51'
 ---> System.IO.FileNotFoundException: Could not load file or assembly 'Microsoft.Bcl.AsyncInterfaces, Culture=neutral, PublicKeyToken=null'. The system cannot find the file specified.
File name: 'Microsoft.Bcl.AsyncInterfaces, Culture=neutral, PublicKeyToken=null'
   at System.Reflection.RuntimeAssembly.InternalLoad(AssemblyName assemblyName, StackCrawlMark& stackMark, AssemblyLoadContext assemblyLoadContext, RuntimeAssembly requestingAssembly, Boolean throwOnFileNotFound)
   at System.Reflection.Assembly.Load(AssemblyName assemblyRef)
   at Microsoft.VisualStudio.TestPlatform.Common.ExtensionFramework.TestPluginCache.CurrentDomainAssemblyResolve(Object sender, AssemblyResolveEventArgs args) in /_/src/Microsoft.TestPlatform.Common/ExtensionFramework/TestPluginCache.cs:line 513
   at System.Runtime.Loader.AssemblyLoadContext.GetFirstResolvedAssemblyFromResolvingEvent(AssemblyName assemblyName)
   at System.Runtime.Loader.AssemblyLoadContext.ResolveUsingEvent(AssemblyName assemblyName)
   at System.Runtime.Loader.AssemblyLoadContext.ResolveUsingResolvingEvent(IntPtr gchManagedAssemblyLoadContext, AssemblyName assemblyName)
TpTrace Warning: 0 : 26768, 1, 2024/05/31, 00:05:27.676, 10648969416386, vstest.console.dll, LoaderExceptions: System.IO.FileNotFoundException: Could not load file or assembly 'Microsoft.Bcl.AsyncInterfaces, Version=6.0.0.0, Culture=neutral, PublicKeyToken=cc7b13ffcd2ddd51'. The system cannot find the file specified.
File name: 'Microsoft.Bcl.AsyncInterfaces, Version=6.0.0.0, Culture=neutral, PublicKeyToken=cc7b13ffcd2ddd51'
 ---> System.IO.FileNotFoundException: Could not load file or assembly 'Microsoft.Bcl.AsyncInterfaces, Culture=neutral, PublicKeyToken=null'. The system cannot find the file specified.
File name: 'Microsoft.Bcl.AsyncInterfaces, Culture=neutral, PublicKeyToken=null'
   at System.Reflection.RuntimeAssembly.InternalLoad(AssemblyName assemblyName, StackCrawlMark& stackMark, AssemblyLoadContext assemblyLoadContext, RuntimeAssembly requestingAssembly, Boolean throwOnFileNotFound)
   at System.Reflection.Assembly.Load(AssemblyName assemblyRef)
   at Microsoft.VisualStudio.TestPlatform.Common.ExtensionFramework.TestPluginCache.CurrentDomainAssemblyResolve(Object sender, AssemblyResolveEventArgs args) in /_/src/Microsoft.TestPlatform.Common/ExtensionFramework/TestPluginCache.cs:line 513
   at System.Runtime.Loader.AssemblyLoadContext.GetFirstResolvedAssemblyFromResolvingEvent(AssemblyName assemblyName)
   at System.Runtime.Loader.AssemblyLoadContext.ResolveUsingEvent(AssemblyName assemblyName)
   at System.Runtime.Loader.AssemblyLoadContext.ResolveUsingResolvingEvent(IntPtr gchManagedAssemblyLoadContext, AssemblyName assemblyName)
TpTrace Information: 0 : 26768, 1, 2024/05/31, 00:05:27.676, 10648969417338, vstest.console.dll, AssemblyResolver.OnResolve: Microsoft.TestPlatform.Extensions.BlameDataCollector: Resolving assembly.
TpTrace Information: 0 : 26768, 1, 2024/05/31, 00:05:27.676, 10648969417567, vstest.console.dll, AssemblyResolver.OnResolve: Microsoft.TestPlatform.Extensions.BlameDataCollector: Searching in: 'C:\Program Files\dotnet\sdk\8.0.202\Extensions'.
TpTrace Information: 0 : 26768, 1, 2024/05/31, 00:05:27.676, 10648969419347, vstest.console.dll, AssemblyResolver.OnResolve: Microsoft.TestPlatform.Extensions.BlameDataCollector: Loading assembly 'C:\Program Files\dotnet\sdk\8.0.202\Extensions\Microsoft.TestPlatform.Extensions.BlameDataCollector.dll'.
TpTrace Information: 0 : 26768, 1, 2024/05/31, 00:05:27.677, 10648969421266, vstest.console.dll, AssemblyResolver.OnResolve: Resolved assembly: Microsoft.TestPlatform.Extensions.BlameDataCollector, from path: C:\Program Files\dotnet\sdk\8.0.202\Extensions\Microsoft.TestPlatform.Extensions.BlameDataCollector.dll
TpTrace Verbose: 0 : 26768, 1, 2024/05/31, 00:05:27.677, 10648969421757, vstest.console.dll, MetadataReaderExtensionsHelper: Discovering extensions inside assembly 'Microsoft.TestPlatform.Extensions.BlameDataCollector, Version=15.0.0.0, Culture=neutral, PublicKeyToken=b03f5f7f11d50a3a' file path 'C:\Program Files\dotnet\sdk\8.0.202\Extensions\Microsoft.TestPlatform.Extensions.BlameDataCollector.dll'
TpTrace Information: 0 : 26768, 1, 2024/05/31, 00:05:27.678, 10648969431350, vstest.console.dll, AssemblyResolver.OnResolve: Microsoft.TestPlatform.Extensions.EventLogCollector: Resolving assembly.
TpTrace Information: 0 : 26768, 1, 2024/05/31, 00:05:27.678, 10648969432127, vstest.console.dll, AssemblyResolver.OnResolve: Microsoft.TestPlatform.Extensions.EventLogCollector: Searching in: 'C:\Program Files\dotnet\sdk\8.0.202\Extensions'.
TpTrace Information: 0 : 26768, 1, 2024/05/31, 00:05:27.678, 10648969433394, vstest.console.dll, AssemblyResolver.OnResolve: Microsoft.TestPlatform.Extensions.EventLogCollector: Loading assembly 'C:\Program Files\dotnet\sdk\8.0.202\Extensions\Microsoft.TestPlatform.Extensions.EventLogCollector.dll'.
TpTrace Information: 0 : 26768, 1, 2024/05/31, 00:05:27.678, 10648969435252, vstest.console.dll, AssemblyResolver.OnResolve: Resolved assembly: Microsoft.TestPlatform.Extensions.EventLogCollector, from path: C:\Program Files\dotnet\sdk\8.0.202\Extensions\Microsoft.TestPlatform.Extensions.EventLogCollector.dll
TpTrace Verbose: 0 : 26768, 1, 2024/05/31, 00:05:27.678, 10648969435627, vstest.console.dll, MetadataReaderExtensionsHelper: Discovering extensions inside assembly 'Microsoft.TestPlatform.Extensions.EventLogCollector, Version=15.0.0.0, Culture=neutral, PublicKeyToken=b03f5f7f11d50a3a' file path 'C:\Program Files\dotnet\sdk\8.0.202\Extensions\Microsoft.TestPlatform.Extensions.EventLogCollector.dll'
TpTrace Information: 0 : 26768, 1, 2024/05/31, 00:05:27.680, 10648969452585, vstest.console.dll, AssemblyResolver.OnResolve: Microsoft.TestPlatform.TestHostRuntimeProvider: Resolving assembly.
TpTrace Information: 0 : 26768, 1, 2024/05/31, 00:05:27.680, 10648969453220, vstest.console.dll, AssemblyResolver.OnResolve: Microsoft.TestPlatform.TestHostRuntimeProvider: Searching in: 'C:\Program Files\dotnet\sdk\8.0.202\Extensions'.
TpTrace Information: 0 : 26768, 1, 2024/05/31, 00:05:27.680, 10648969454822, vstest.console.dll, AssemblyResolver.OnResolve: Microsoft.TestPlatform.TestHostRuntimeProvider: Loading assembly 'C:\Program Files\dotnet\sdk\8.0.202\Extensions\Microsoft.TestPlatform.TestHostRuntimeProvider.dll'.
TpTrace Information: 0 : 26768, 1, 2024/05/31, 00:05:27.680, 10648969457130, vstest.console.dll, AssemblyResolver.OnResolve: Resolved assembly: Microsoft.TestPlatform.TestHostRuntimeProvider, from path: C:\Program Files\dotnet\sdk\8.0.202\Extensions\Microsoft.TestPlatform.TestHostRuntimeProvider.dll
TpTrace Verbose: 0 : 26768, 1, 2024/05/31, 00:05:27.680, 10648969457732, vstest.console.dll, MetadataReaderExtensionsHelper: Discovering extensions inside assembly 'Microsoft.TestPlatform.TestHostRuntimeProvider, Version=15.0.0.0, Culture=neutral, PublicKeyToken=b03f5f7f11d50a3a' file path 'C:\Program Files\dotnet\sdk\8.0.202\Extensions\Microsoft.TestPlatform.TestHostRuntimeProvider.dll'
TpTrace Information: 0 : 26768, 1, 2024/05/31, 00:05:27.681, 10648969468856, vstest.console.dll, GetTestExtensionFromType: Register extension with identifier data 'HostProvider://DefaultTestHost' and type 'Microsoft.VisualStudio.TestPlatform.CrossPlatEngine.Hosting.DefaultTestHostManager, Microsoft.TestPlatform.TestHostRuntimeProvider, Version=15.0.0.0, Culture=neutral, PublicKeyToken=b03f5f7f11d50a3a' inside file 'C:\Program Files\dotnet\sdk\8.0.202\Extensions\Microsoft.TestPlatform.TestHostRuntimeProvider.dll'
TpTrace Information: 0 : 26768, 1, 2024/05/31, 00:05:27.682, 10648969471198, vstest.console.dll, GetTestExtensionFromType: Register extension with identifier data 'HostProvider://DotnetTestHost' and type 'Microsoft.VisualStudio.TestPlatform.CrossPlatEngine.Hosting.DotnetTestHostManager, Microsoft.TestPlatform.TestHostRuntimeProvider, Version=15.0.0.0, Culture=neutral, PublicKeyToken=b03f5f7f11d50a3a' inside file 'C:\Program Files\dotnet\sdk\8.0.202\Extensions\Microsoft.TestPlatform.TestHostRuntimeProvider.dll'
TpTrace Information: 0 : 26768, 1, 2024/05/31, 00:05:27.682, 10648969471838, vstest.console.dll, AssemblyResolver.OnResolve: Microsoft.VisualStudio.TestPlatform.Extensions.Html.TestLogger: Resolving assembly.
TpTrace Information: 0 : 26768, 1, 2024/05/31, 00:05:27.682, 10648969472065, vstest.console.dll, AssemblyResolver.OnResolve: Microsoft.VisualStudio.TestPlatform.Extensions.Html.TestLogger: Searching in: 'C:\Program Files\dotnet\sdk\8.0.202\Extensions'.
TpTrace Information: 0 : 26768, 1, 2024/05/31, 00:05:27.682, 10648969474159, vstest.console.dll, AssemblyResolver.OnResolve: Microsoft.VisualStudio.TestPlatform.Extensions.Html.TestLogger: Loading assembly 'C:\Program Files\dotnet\sdk\8.0.202\Extensions\Microsoft.VisualStudio.TestPlatform.Extensions.Html.TestLogger.dll'.
TpTrace Information: 0 : 26768, 1, 2024/05/31, 00:05:27.682, 10648969476870, vstest.console.dll, AssemblyResolver.OnResolve: Resolved assembly: Microsoft.VisualStudio.TestPlatform.Extensions.Html.TestLogger, from path: C:\Program Files\dotnet\sdk\8.0.202\Extensions\Microsoft.VisualStudio.TestPlatform.Extensions.Html.TestLogger.dll
TpTrace Verbose: 0 : 26768, 1, 2024/05/31, 00:05:27.682, 10648969477524, vstest.console.dll, MetadataReaderExtensionsHelper: Discovering extensions inside assembly 'Microsoft.VisualStudio.TestPlatform.Extensions.Html.TestLogger, Version=15.0.0.0, Culture=neutral, PublicKeyToken=b03f5f7f11d50a3a' file path 'C:\Program Files\dotnet\sdk\8.0.202\Extensions\Microsoft.VisualStudio.TestPlatform.Extensions.Html.TestLogger.dll'
TpTrace Information: 0 : 26768, 1, 2024/05/31, 00:05:27.683, 10648969482803, vstest.console.dll, AssemblyResolver.OnResolve: Microsoft.VisualStudio.TestPlatform.Extensions.Trx.TestLogger: Resolving assembly.
TpTrace Information: 0 : 26768, 1, 2024/05/31, 00:05:27.683, 10648969483165, vstest.console.dll, AssemblyResolver.OnResolve: Microsoft.VisualStudio.TestPlatform.Extensions.Trx.TestLogger: Searching in: 'C:\Program Files\dotnet\sdk\8.0.202\Extensions'.
TpTrace Information: 0 : 26768, 1, 2024/05/31, 00:05:27.683, 10648969484440, vstest.console.dll, AssemblyResolver.OnResolve: Microsoft.VisualStudio.TestPlatform.Extensions.Trx.TestLogger: Loading assembly 'C:\Program Files\dotnet\sdk\8.0.202\Extensions\Microsoft.VisualStudio.TestPlatform.Extensions.Trx.TestLogger.dll'.
TpTrace Information: 0 : 26768, 1, 2024/05/31, 00:05:27.683, 10648969486834, vstest.console.dll, AssemblyResolver.OnResolve: Resolved assembly: Microsoft.VisualStudio.TestPlatform.Extensions.Trx.TestLogger, from path: C:\Program Files\dotnet\sdk\8.0.202\Extensions\Microsoft.VisualStudio.TestPlatform.Extensions.Trx.TestLogger.dll
TpTrace Verbose: 0 : 26768, 1, 2024/05/31, 00:05:27.683, 10648969487339, vstest.console.dll, MetadataReaderExtensionsHelper: Discovering extensions inside assembly 'Microsoft.VisualStudio.TestPlatform.Extensions.Trx.TestLogger, Version=15.0.0.0, Culture=neutral, PublicKeyToken=b03f5f7f11d50a3a' file path 'C:\Program Files\dotnet\sdk\8.0.202\Extensions\Microsoft.VisualStudio.TestPlatform.Extensions.Trx.TestLogger.dll'
TpTrace Verbose: 0 : 26768, 1, 2024/05/31, 00:05:27.684, 10648969493879, vstest.console.dll, TestPluginCache: Discovered the extensions using extension path ''.
TpTrace Verbose: 0 : 26768, 1, 2024/05/31, 00:05:27.684, 10648969494434, vstest.console.dll, TestPluginCache: Discoverers are ''.
TpTrace Verbose: 0 : 26768, 1, 2024/05/31, 00:05:27.684, 10648969494573, vstest.console.dll, TestPluginCache: Executors are ''.
TpTrace Verbose: 0 : 26768, 1, 2024/05/31, 00:05:27.684, 10648969494699, vstest.console.dll, TestPluginCache: Executors2 are ''.
TpTrace Verbose: 0 : 26768, 1, 2024/05/31, 00:05:27.684, 10648969494819, vstest.console.dll, TestPluginCache: Setting providers are ''.
TpTrace Verbose: 0 : 26768, 1, 2024/05/31, 00:05:27.684, 10648969494941, vstest.console.dll, TestPluginCache: Loggers are ''.
TpTrace Verbose: 0 : 26768, 1, 2024/05/31, 00:05:27.684, 10648969496147, vstest.console.dll, TestPluginCache: TestHosts are 'HostProvider://DefaultTestHost,HostProvider://DotnetTestHost'.
TpTrace Verbose: 0 : 26768, 1, 2024/05/31, 00:05:27.684, 10648969496408, vstest.console.dll, TestPluginCache: DataCollectors are ''.
TpTrace Information: 0 : 26768, 1, 2024/05/31, 00:05:27.695, 10648969600066, vstest.console.dll, RunTestsArgumentProcessor:Execute: Test run is starting.
TpTrace Verbose: 0 : 26768, 1, 2024/05/31, 00:05:27.695, 10648969600950, vstest.console.dll, RunTestsArgumentProcessor:Execute: Queuing Test run.
TpTrace Information: 0 : 26768, 1, 2024/05/31, 00:05:27.695, 10648969603721, vstest.console.dll, TestRequestManager.RunTests: run tests started.
TpTrace Information: 0 : 26768, 1, 2024/05/31, 00:05:27.697, 10648969624204, vstest.console.dll, AssemblyMetadataProvider.GetFrameworkName: Determined framework:'.NETCoreApp,Version=v6.0' for source: 'C:\Users\VC\Desktop\mini-project\FoodDeliveryWebAppSln\FoodDeliveryAppTests\bin\Debug\net6.0\fine-code-coverage\build-output\FoodDeliveryAppTests.dll'
TpTrace Information: 0 : 26768, 1, 2024/05/31, 00:05:27.697, 10648969626199, vstest.console.dll, Determined framework for all sources: .NETCoreApp,Version=v6.0
TpTrace Verbose: 0 : 26768, 1, 2024/05/31, 00:05:27.698, 10648969629902, vstest.console.dll, TestRequestManager.UpdateRunSettingsIfRequired: Default architecture: X64 IsDefaultTargetArchitecture: True, Current process architecture: X64 OperatingSystem: Windows.
TpTrace Information: 0 : 26768, 1, 2024/05/31, 00:05:27.699, 10648969648929, vstest.console.dll, AssemblyMetadataProvider.GetArchitecture: Determined architecture:AnyCPU info for assembly: C:\Users\VC\Desktop\mini-project\FoodDeliveryWebAppSln\FoodDeliveryAppTests\bin\Debug\net6.0\fine-code-coverage\build-output\FoodDeliveryAppTests.dll
TpTrace Information: 0 : 26768, 1, 2024/05/31, 00:05:27.700, 10648969649699, vstest.console.dll, Determined platform for source 'C:\Users\VC\Desktop\mini-project\FoodDeliveryWebAppSln\FoodDeliveryAppTests\bin\Debug\net6.0\fine-code-coverage\build-output\FoodDeliveryAppTests.dll' was AnyCPU and it will use the default plaform X64.
TpTrace Information: 0 : 26768, 1, 2024/05/31, 00:05:27.700, 10648969649951, vstest.console.dll, None of the sources provided any runnable platform, using the default platform: X64
TpTrace Information: 0 : 26768, 1, 2024/05/31, 00:05:27.700, 10648969651043, vstest.console.dll, Platform was updated to 'X64'.
TpTrace Information: 0 : 26768, 1, 2024/05/31, 00:05:27.703, 10648969686182, vstest.console.dll, InferRunSettingsHelper.IsTestSettingsEnabled: Unable to navigate to RunSettings/MSTest. Current node: RunSettings
TpTrace Information: 0 : 26768, 1, 2024/05/31, 00:05:27.704, 10648969691650, vstest.console.dll, AssemblyResolver.OnResolve: Microsoft.VisualStudio.TestPlatform.Fakes: Resolving assembly.
TpTrace Information: 0 : 26768, 1, 2024/05/31, 00:05:27.704, 10648969692164, vstest.console.dll, AssemblyResolver.OnResolve: Microsoft.VisualStudio.TestPlatform.Fakes: Searching in: 'C:\Program Files\dotnet\sdk\8.0.202\Extensions'.
TpTrace Information: 0 : 26768, 1, 2024/05/31, 00:05:27.704, 10648969692827, vstest.console.dll, AssemblyResolver.OnResolve: Microsoft.VisualStudio.TestPlatform.Fakes: Assembly path does not exist: 'C:\Program Files\dotnet\sdk\8.0.202\Extensions\Microsoft.VisualStudio.TestPlatform.Fakes.dll', returning.
TpTrace Information: 0 : 26768, 1, 2024/05/31, 00:05:27.704, 10648969693101, vstest.console.dll, AssemblyResolver.OnResolve: Microsoft.VisualStudio.TestPlatform.Fakes: Assembly path does not exist: 'C:\Program Files\dotnet\sdk\8.0.202\Extensions\Microsoft.VisualStudio.TestPlatform.Fakes.exe', returning.
TpTrace Information: 0 : 26768, 1, 2024/05/31, 00:05:27.704, 10648969693301, vstest.console.dll, AssemblyResolver.OnResolve: Microsoft.VisualStudio.TestPlatform.Fakes: Searching in: 'C:\Program Files\dotnet\sdk\8.0.202'.
TpTrace Information: 0 : 26768, 1, 2024/05/31, 00:05:27.704, 10648969693586, vstest.console.dll, AssemblyResolver.OnResolve: Microsoft.VisualStudio.TestPlatform.Fakes: Assembly path does not exist: 'C:\Program Files\dotnet\sdk\8.0.202\Microsoft.VisualStudio.TestPlatform.Fakes.dll', returning.
TpTrace Information: 0 : 26768, 1, 2024/05/31, 00:05:27.704, 10648969693814, vstest.console.dll, AssemblyResolver.OnResolve: Microsoft.VisualStudio.TestPlatform.Fakes: Assembly path does not exist: 'C:\Program Files\dotnet\sdk\8.0.202\Microsoft.VisualStudio.TestPlatform.Fakes.exe', returning.
TpTrace Information: 0 : 26768, 1, 2024/05/31, 00:05:27.704, 10648969693984, vstest.console.dll, AssemblyResolver.OnResolve: Microsoft.VisualStudio.TestPlatform.Fakes: Failed to load assembly.
TpTrace Information: 0 : 26768, 1, 2024/05/31, 00:05:27.704, 10648969696066, vstest.console.dll, Failed to load assembly Microsoft.VisualStudio.TestPlatform.Fakes, Version=17.0.0.0, Culture=neutral. Reason:System.IO.FileNotFoundException: Could not load file or assembly 'Microsoft.VisualStudio.TestPlatform.Fakes, Version=17.0.0.0, Culture=neutral, PublicKeyToken=null'. The system cannot find the file specified.
File name: 'Microsoft.VisualStudio.TestPlatform.Fakes, Version=17.0.0.0, Culture=neutral, PublicKeyToken=null'
   at System.Reflection.RuntimeAssembly.InternalLoad(AssemblyName assemblyName, StackCrawlMark& stackMark, AssemblyLoadContext assemblyLoadContext, RuntimeAssembly requestingAssembly, Boolean throwOnFileNotFound)
   at System.Reflection.Assembly.Load(AssemblyName assemblyRef)
   at Microsoft.VisualStudio.TestPlatform.Common.Utilities.FakesUtilities.LoadTestPlatformAssembly() in /_/src/Microsoft.TestPlatform.Common/Utilities/FakesUtilities.cs:line 272
TpTrace Verbose: 0 : 26768, 1, 2024/05/31, 00:05:27.706, 10648969719273, vstest.console.dll, TestPluginCache.DiscoverTestExtensions: finding test extensions in assemblies ends with: TestLogger.dll TPluginInfo: Microsoft.VisualStudio.TestPlatform.Common.ExtensionFramework.Utilities.TestLoggerPluginInformation TExtension: Microsoft.VisualStudio.TestPlatform.ObjectModel.Client.ITestLogger
TpTrace Verbose: 0 : 26768, 1, 2024/05/31, 00:05:27.707, 10648969719985, vstest.console.dll, TestPluginCache.GetExtensionPaths: Filtered extension paths: 
TpTrace Verbose: 0 : 26768, 1, 2024/05/31, 00:05:27.707, 10648969720153, vstest.console.dll, TestPluginCache.GetExtensionPaths: Added default extension paths: C:\Program Files\dotnet\sdk\8.0.202\Extensions\Microsoft.Diagnostics.NETCore.Client.dll
C:\Program Files\dotnet\sdk\8.0.202\Extensions\Microsoft.TestPlatform.Extensions.BlameDataCollector.dll
C:\Program Files\dotnet\sdk\8.0.202\Extensions\Microsoft.TestPlatform.Extensions.EventLogCollector.dll
C:\Program Files\dotnet\sdk\8.0.202\Extensions\Microsoft.TestPlatform.TestHostRuntimeProvider.dll
C:\Program Files\dotnet\sdk\8.0.202\Extensions\Microsoft.VisualStudio.TestPlatform.Extensions.Html.TestLogger.dll
C:\Program Files\dotnet\sdk\8.0.202\Extensions\Microsoft.VisualStudio.TestPlatform.Extensions.Trx.TestLogger.dll
TpTrace Verbose: 0 : 26768, 1, 2024/05/31, 00:05:27.707, 10648969720326, vstest.console.dll, TestPluginCache.GetExtensionPaths: Added unfilterableExtensionPaths: 
TpTrace Information: 0 : 26768, 1, 2024/05/31, 00:05:27.707, 10648969721111, vstest.console.dll, AssemblyResolver.AddSearchDirectories: Adding more searchDirectories C:\Program Files\dotnet\sdk\8.0.202\Extensions,C:\Program Files\dotnet\sdk\8.0.202
TpTrace Verbose: 0 : 26768, 1, 2024/05/31, 00:05:27.707, 10648969721353, vstest.console.dll, TestPluginCache.DiscoverTestExtensions: Discovering the extensions using extension path.
TpTrace Verbose: 0 : 26768, 1, 2024/05/31, 00:05:27.707, 10648969721546, vstest.console.dll, TestPluginCache.GetExtensionPaths: Filtered extension paths: 
TpTrace Verbose: 0 : 26768, 1, 2024/05/31, 00:05:27.707, 10648969721684, vstest.console.dll, TestPluginCache.GetExtensionPaths: Added default extension paths: C:\Program Files\dotnet\sdk\8.0.202\Extensions\Microsoft.Diagnostics.NETCore.Client.dll
C:\Program Files\dotnet\sdk\8.0.202\Extensions\Microsoft.TestPlatform.Extensions.BlameDataCollector.dll
C:\Program Files\dotnet\sdk\8.0.202\Extensions\Microsoft.TestPlatform.Extensions.EventLogCollector.dll
C:\Program Files\dotnet\sdk\8.0.202\Extensions\Microsoft.TestPlatform.TestHostRuntimeProvider.dll
C:\Program Files\dotnet\sdk\8.0.202\Extensions\Microsoft.VisualStudio.TestPlatform.Extensions.Html.TestLogger.dll
C:\Program Files\dotnet\sdk\8.0.202\Extensions\Microsoft.VisualStudio.TestPlatform.Extensions.Trx.TestLogger.dll
TpTrace Verbose: 0 : 26768, 1, 2024/05/31, 00:05:27.707, 10648969721828, vstest.console.dll, TestPluginCache.GetExtensionPaths: Added unfilterableExtensionPaths: 
TpTrace Verbose: 0 : 26768, 1, 2024/05/31, 00:05:27.707, 10648969722398, vstest.console.dll, TestPluginCache.DiscoverTestExtensions: Discovering the extensions using allExtensionPaths: C:\Program Files\dotnet\sdk\8.0.202\Extensions\Microsoft.Diagnostics.NETCore.Client.dll
C:\Program Files\dotnet\sdk\8.0.202\Extensions\Microsoft.TestPlatform.Extensions.BlameDataCollector.dll
C:\Program Files\dotnet\sdk\8.0.202\Extensions\Microsoft.TestPlatform.Extensions.EventLogCollector.dll
C:\Program Files\dotnet\sdk\8.0.202\Extensions\Microsoft.TestPlatform.TestHostRuntimeProvider.dll
C:\Program Files\dotnet\sdk\8.0.202\Extensions\Microsoft.VisualStudio.TestPlatform.Extensions.Html.TestLogger.dll
C:\Program Files\dotnet\sdk\8.0.202\Extensions\Microsoft.VisualStudio.TestPlatform.Extensions.Trx.TestLogger.dll
TpTrace Information: 0 : 26768, 1, 2024/05/31, 00:05:27.707, 10648969722691, vstest.console.dll, AssemblyResolver.AddSearchDirectories: Adding more searchDirectories C:\Program Files\dotnet\sdk\8.0.202\Extensions,C:\Program Files\dotnet\sdk\8.0.202
TpTrace Information: 0 : 26768, 1, 2024/05/31, 00:05:27.707, 10648969722855, vstest.console.dll, AssemblyResolver.AddSearchDirectories: Adding more searchDirectories C:\Program Files\dotnet\sdk\8.0.202\Extensions,C:\Program Files\dotnet\sdk\8.0.202
TpTrace Information: 0 : 26768, 1, 2024/05/31, 00:05:27.707, 10648969722999, vstest.console.dll, AssemblyResolver.AddSearchDirectories: Adding more searchDirectories C:\Program Files\dotnet\sdk\8.0.202\Extensions,C:\Program Files\dotnet\sdk\8.0.202
TpTrace Information: 0 : 26768, 1, 2024/05/31, 00:05:27.707, 10648969723141, vstest.console.dll, AssemblyResolver.AddSearchDirectories: Adding more searchDirectories C:\Program Files\dotnet\sdk\8.0.202\Extensions,C:\Program Files\dotnet\sdk\8.0.202
TpTrace Information: 0 : 26768, 1, 2024/05/31, 00:05:27.707, 10648969723328, vstest.console.dll, AssemblyResolver.AddSearchDirectories: Adding more searchDirectories C:\Program Files\dotnet\sdk\8.0.202\Extensions,C:\Program Files\dotnet\sdk\8.0.202
TpTrace Information: 0 : 26768, 1, 2024/05/31, 00:05:27.707, 10648969723472, vstest.console.dll, AssemblyResolver.AddSearchDirectories: Adding more searchDirectories C:\Program Files\dotnet\sdk\8.0.202\Extensions,C:\Program Files\dotnet\sdk\8.0.202
TpTrace Verbose: 0 : 26768, 1, 2024/05/31, 00:05:27.707, 10648969724208, vstest.console.dll, MetadataReaderExtensionsHelper: Discovering extensions inside assembly 'Microsoft.Diagnostics.NETCore.Client, Version=0.2.9.2401, Culture=neutral, PublicKeyToken=31bf3856ad364e35' file path 'C:\Program Files\dotnet\sdk\8.0.202\Extensions\Microsoft.Diagnostics.NETCore.Client.dll'
TpTrace Information: 0 : 26768, 1, 2024/05/31, 00:05:27.708, 10648969729381, vstest.console.dll, AssemblyResolver.OnResolve: Microsoft.Bcl.AsyncInterfaces: Resolving assembly.
TpTrace Information: 0 : 26768, 1, 2024/05/31, 00:05:27.708, 10648969729802, vstest.console.dll, AssemblyResolver.OnResolve: Microsoft.Bcl.AsyncInterfaces: Resolved from cache.
TpTrace Verbose: 0 : 26768, 1, 2024/05/31, 00:05:27.708, 10648969729955, vstest.console.dll, CurrentDomainAssemblyResolve: Resolving assembly 'Microsoft.Bcl.AsyncInterfaces'.
TpTrace Information: 0 : 26768, 1, 2024/05/31, 00:05:27.708, 10648969730210, vstest.console.dll, AssemblyResolver.OnResolve: Microsoft.Bcl.AsyncInterfaces: Resolving assembly.
TpTrace Information: 0 : 26768, 1, 2024/05/31, 00:05:27.708, 10648969730352, vstest.console.dll, AssemblyResolver.OnResolve: Microsoft.Bcl.AsyncInterfaces: Resolved from cache.
TpTrace Verbose: 0 : 26768, 1, 2024/05/31, 00:05:27.708, 10648969730479, vstest.console.dll, CurrentDomainAssemblyResolve: Resolving assembly 'Microsoft.Bcl.AsyncInterfaces'.
TpTrace Verbose: 0 : 26768, 1, 2024/05/31, 00:05:27.708, 10648969730605, vstest.console.dll, CurrentDomainAssemblyResolve: Failed to resolve assembly 'Microsoft.Bcl.AsyncInterfaces'.
TpTrace Verbose: 0 : 26768, 1, 2024/05/31, 00:05:27.708, 10648969731565, vstest.console.dll, CurrentDomainAssemblyResolve: Failed to resolve assembly 'Microsoft.Bcl.AsyncInterfaces'.
TpTrace Warning: 0 : 26768, 1, 2024/05/31, 00:05:27.708, 10648969734498, vstest.console.dll, TestPluginDiscoverer: Failed to get types from assembly 'Microsoft.Diagnostics.NETCore.Client, Version=0.2.9.2401, Culture=neutral, PublicKeyToken=31bf3856ad364e35'. Error: System.Reflection.ReflectionTypeLoadException: Unable to load one or more of the requested types.
Could not load file or assembly 'Microsoft.Bcl.AsyncInterfaces, Version=6.0.0.0, Culture=neutral, PublicKeyToken=cc7b13ffcd2ddd51'. The system cannot find the file specified.
   at System.Reflection.RuntimeModule.GetTypes(RuntimeModule module)
   at System.Reflection.RuntimeModule.GetTypes()
   at Microsoft.VisualStudio.TestPlatform.Common.ExtensionFramework.TestPluginDiscoverer.GetTestExtensionsFromAssembly[TPluginInfo,TExtension](Assembly assembly, Dictionary`2 pluginInfos, String filePath) in /_/src/Microsoft.TestPlatform.Common/ExtensionFramework/TestPluginDiscoverer.cs:line 158
System.IO.FileNotFoundException: Could not load file or assembly 'Microsoft.Bcl.AsyncInterfaces, Version=6.0.0.0, Culture=neutral, PublicKeyToken=cc7b13ffcd2ddd51'. The system cannot find the file specified.
File name: 'Microsoft.Bcl.AsyncInterfaces, Version=6.0.0.0, Culture=neutral, PublicKeyToken=cc7b13ffcd2ddd51'
 ---> System.IO.FileNotFoundException: Could not load file or assembly 'Microsoft.Bcl.AsyncInterfaces, Culture=neutral, PublicKeyToken=null'. The system cannot find the file specified.
File name: 'Microsoft.Bcl.AsyncInterfaces, Culture=neutral, PublicKeyToken=null'
   at System.Reflection.RuntimeAssembly.InternalLoad(AssemblyName assemblyName, StackCrawlMark& stackMark, AssemblyLoadContext assemblyLoadContext, RuntimeAssembly requestingAssembly, Boolean throwOnFileNotFound)
   at System.Reflection.Assembly.Load(AssemblyName assemblyRef)
   at Microsoft.VisualStudio.TestPlatform.Common.ExtensionFramework.TestPluginCache.CurrentDomainAssemblyResolve(Object sender, AssemblyResolveEventArgs args) in /_/src/Microsoft.TestPlatform.Common/ExtensionFramework/TestPluginCache.cs:line 513
   at System.Runtime.Loader.AssemblyLoadContext.GetFirstResolvedAssemblyFromResolvingEvent(AssemblyName assemblyName)
   at System.Runtime.Loader.AssemblyLoadContext.ResolveUsingEvent(AssemblyName assemblyName)
   at System.Runtime.Loader.AssemblyLoadContext.ResolveUsingResolvingEvent(IntPtr gchManagedAssemblyLoadContext, AssemblyName assemblyName)
TpTrace Warning: 0 : 26768, 1, 2024/05/31, 00:05:27.708, 10648969735619, vstest.console.dll, LoaderExceptions: System.IO.FileNotFoundException: Could not load file or assembly 'Microsoft.Bcl.AsyncInterfaces, Version=6.0.0.0, Culture=neutral, PublicKeyToken=cc7b13ffcd2ddd51'. The system cannot find the file specified.
File name: 'Microsoft.Bcl.AsyncInterfaces, Version=6.0.0.0, Culture=neutral, PublicKeyToken=cc7b13ffcd2ddd51'
 ---> System.IO.FileNotFoundException: Could not load file or assembly 'Microsoft.Bcl.AsyncInterfaces, Culture=neutral, PublicKeyToken=null'. The system cannot find the file specified.
File name: 'Microsoft.Bcl.AsyncInterfaces, Culture=neutral, PublicKeyToken=null'
   at System.Reflection.RuntimeAssembly.InternalLoad(AssemblyName assemblyName, StackCrawlMark& stackMark, AssemblyLoadContext assemblyLoadContext, RuntimeAssembly requestingAssembly, Boolean throwOnFileNotFound)
   at System.Reflection.Assembly.Load(AssemblyName assemblyRef)
   at Microsoft.VisualStudio.TestPlatform.Common.ExtensionFramework.TestPluginCache.CurrentDomainAssemblyResolve(Object sender, AssemblyResolveEventArgs args) in /_/src/Microsoft.TestPlatform.Common/ExtensionFramework/TestPluginCache.cs:line 513
   at System.Runtime.Loader.AssemblyLoadContext.GetFirstResolvedAssemblyFromResolvingEvent(AssemblyName assemblyName)
   at System.Runtime.Loader.AssemblyLoadContext.ResolveUsingEvent(AssemblyName assemblyName)
   at System.Runtime.Loader.AssemblyLoadContext.ResolveUsingResolvingEvent(IntPtr gchManagedAssemblyLoadContext, AssemblyName assemblyName)
TpTrace Verbose: 0 : 26768, 1, 2024/05/31, 00:05:27.708, 10648969736110, vstest.console.dll, MetadataReaderExtensionsHelper: Discovering extensions inside assembly 'Microsoft.TestPlatform.Extensions.BlameDataCollector, Version=15.0.0.0, Culture=neutral, PublicKeyToken=b03f5f7f11d50a3a' file path 'C:\Program Files\dotnet\sdk\8.0.202\Extensions\Microsoft.TestPlatform.Extensions.BlameDataCollector.dll'
TpTrace Information: 0 : 26768, 1, 2024/05/31, 00:05:27.708, 10648969739047, vstest.console.dll, GetTestExtensionFromType: Register extension with identifier data 'logger://Microsoft/TestPlatform/Extensions/Blame/v1' and type 'Microsoft.TestPlatform.Extensions.BlameDataCollector.BlameLogger, Microsoft.TestPlatform.Extensions.BlameDataCollector, Version=15.0.0.0, Culture=neutral, PublicKeyToken=b03f5f7f11d50a3a' inside file 'C:\Program Files\dotnet\sdk\8.0.202\Extensions\Microsoft.TestPlatform.Extensions.BlameDataCollector.dll'
TpTrace Verbose: 0 : 26768, 1, 2024/05/31, 00:05:27.709, 10648969739494, vstest.console.dll, MetadataReaderExtensionsHelper: Discovering extensions inside assembly 'Microsoft.TestPlatform.Extensions.EventLogCollector, Version=15.0.0.0, Culture=neutral, PublicKeyToken=b03f5f7f11d50a3a' file path 'C:\Program Files\dotnet\sdk\8.0.202\Extensions\Microsoft.TestPlatform.Extensions.EventLogCollector.dll'
TpTrace Verbose: 0 : 26768, 1, 2024/05/31, 00:05:27.709, 10648969741235, vstest.console.dll, MetadataReaderExtensionsHelper: Discovering extensions inside assembly 'Microsoft.TestPlatform.TestHostRuntimeProvider, Version=15.0.0.0, Culture=neutral, PublicKeyToken=b03f5f7f11d50a3a' file path 'C:\Program Files\dotnet\sdk\8.0.202\Extensions\Microsoft.TestPlatform.TestHostRuntimeProvider.dll'
TpTrace Verbose: 0 : 26768, 1, 2024/05/31, 00:05:27.709, 10648969742814, vstest.console.dll, MetadataReaderExtensionsHelper: Discovering extensions inside assembly 'Microsoft.VisualStudio.TestPlatform.Extensions.Html.TestLogger, Version=15.0.0.0, Culture=neutral, PublicKeyToken=b03f5f7f11d50a3a' file path 'C:\Program Files\dotnet\sdk\8.0.202\Extensions\Microsoft.VisualStudio.TestPlatform.Extensions.Html.TestLogger.dll'
TpTrace Information: 0 : 26768, 1, 2024/05/31, 00:05:27.709, 10648969745955, vstest.console.dll, GetTestExtensionFromType: Register extension with identifier data 'logger://Microsoft/TestPlatform/HtmlLogger/v1' and type 'Microsoft.VisualStudio.TestPlatform.Extensions.HtmlLogger.HtmlLogger, Microsoft.VisualStudio.TestPlatform.Extensions.Html.TestLogger, Version=15.0.0.0, Culture=neutral, PublicKeyToken=b03f5f7f11d50a3a' inside file 'C:\Program Files\dotnet\sdk\8.0.202\Extensions\Microsoft.VisualStudio.TestPlatform.Extensions.Html.TestLogger.dll'
TpTrace Verbose: 0 : 26768, 1, 2024/05/31, 00:05:27.709, 10648969746388, vstest.console.dll, MetadataReaderExtensionsHelper: Discovering extensions inside assembly 'Microsoft.VisualStudio.TestPlatform.Extensions.Trx.TestLogger, Version=15.0.0.0, Culture=neutral, PublicKeyToken=b03f5f7f11d50a3a' file path 'C:\Program Files\dotnet\sdk\8.0.202\Extensions\Microsoft.VisualStudio.TestPlatform.Extensions.Trx.TestLogger.dll'
TpTrace Information: 0 : 26768, 1, 2024/05/31, 00:05:27.709, 10648969748302, vstest.console.dll, GetTestExtensionFromType: Register extension with identifier data 'logger://Microsoft/TestPlatform/TrxLogger/v1' and type 'Microsoft.VisualStudio.TestPlatform.Extensions.TrxLogger.TrxLogger, Microsoft.VisualStudio.TestPlatform.Extensions.Trx.TestLogger, Version=15.0.0.0, Culture=neutral, PublicKeyToken=b03f5f7f11d50a3a' inside file 'C:\Program Files\dotnet\sdk\8.0.202\Extensions\Microsoft.VisualStudio.TestPlatform.Extensions.Trx.TestLogger.dll'
TpTrace Verbose: 0 : 26768, 1, 2024/05/31, 00:05:27.709, 10648969748753, vstest.console.dll, TestPluginCache: Discovered the extensions using extension path ''.
TpTrace Verbose: 0 : 26768, 1, 2024/05/31, 00:05:27.709, 10648969748914, vstest.console.dll, TestPluginCache: Discoverers are ''.
TpTrace Verbose: 0 : 26768, 1, 2024/05/31, 00:05:27.709, 10648969749042, vstest.console.dll, TestPluginCache: Executors are ''.
TpTrace Verbose: 0 : 26768, 1, 2024/05/31, 00:05:27.709, 10648969749210, vstest.console.dll, TestPluginCache: Executors2 are ''.
TpTrace Verbose: 0 : 26768, 1, 2024/05/31, 00:05:27.709, 10648969749353, vstest.console.dll, TestPluginCache: Setting providers are ''.
TpTrace Verbose: 0 : 26768, 1, 2024/05/31, 00:05:27.710, 10648969749846, vstest.console.dll, TestPluginCache: Loggers are 'logger://Microsoft/TestPlatform/Extensions/Blame/v1,logger://Microsoft/TestPlatform/HtmlLogger/v1,logger://Microsoft/TestPlatform/TrxLogger/v1'.
TpTrace Verbose: 0 : 26768, 1, 2024/05/31, 00:05:27.710, 10648969750078, vstest.console.dll, TestPluginCache: TestHosts are 'HostProvider://DefaultTestHost,HostProvider://DotnetTestHost'.
TpTrace Verbose: 0 : 26768, 1, 2024/05/31, 00:05:27.710, 10648969750213, vstest.console.dll, TestPluginCache: DataCollectors are ''.
TpTrace Information: 0 : 26768, 1, 2024/05/31, 00:05:27.710, 10648969755797, vstest.console.dll, TestPluginManager.CreateTestExtension: Attempting to load test extension: Microsoft.TestPlatform.Extensions.BlameDataCollector.BlameLogger
TpTrace Verbose: 0 : 26768, 1, 2024/05/31, 00:05:27.716, 10648969811319, vstest.console.dll, TestEngine: Initializing Parallel Execution as MaxCpuCount is set to: 1
TpTrace Information: 0 : 26768, 1, 2024/05/31, 00:05:27.717, 10648969822240, vstest.console.dll, TestPluginManager.CreateTestExtension: Attempting to load test extension: Microsoft.VisualStudio.TestPlatform.CrossPlatEngine.Hosting.DefaultTestHostManager
TpTrace Information: 0 : 26768, 1, 2024/05/31, 00:05:27.717, 10648969829019, vstest.console.dll, TestPluginManager.CreateTestExtension: Attempting to load test extension: Microsoft.VisualStudio.TestPlatform.CrossPlatEngine.Hosting.DotnetTestHostManager
TpTrace Information: 0 : 26768, 1, 2024/05/31, 00:05:27.719, 10648969841783, vstest.console.dll, InferRunSettingsHelper.IsTestSettingsEnabled: Unable to navigate to RunSettings/MSTest. Current node: RunSettings
TpTrace Verbose: 0 : 26768, 1, 2024/05/31, 00:05:27.719, 10648969846754, vstest.console.dll, ParallelOperationManager.ClearSlots: Clearing all slots. Slots should accept more work: True
TpTrace Verbose: 0 : 26768, 1, 2024/05/31, 00:05:27.720, 10648969852872, vstest.console.dll, ParallelOperationManager.SetOccupiedSlotCount: Setting slot counts AvailableSlotCount = 1, OccupiedSlotCount = 0.
TpTrace Verbose: 0 : 26768, 1, 2024/05/31, 00:05:27.720, 10648969855625, vstest.console.dll, Occupied slots:

TpTrace Verbose: 0 : 26768, 1, 2024/05/31, 00:05:27.723, 10648969888318, vstest.console.dll, TestEngine.GetExecutionManager: Chosen execution manager 'Microsoft.VisualStudio.TestPlatform.CrossPlatEngine.Client.Parallel.ParallelProxyExecutionManager, Microsoft.TestPlatform.CrossPlatEngine, Version=15.0.0.0, Culture=neutral, PublicKeyToken=b03f5f7f11d50a3a' ParallelLevel '1'.
TpTrace Verbose: 0 : 26768, 1, 2024/05/31, 00:05:27.724, 10648969889400, vstest.console.dll, TestRunRequest.ExecuteAsync: Creating test run request.
TpTrace Verbose: 0 : 26768, 1, 2024/05/31, 00:05:27.724, 10648969891234, vstest.console.dll, TestRunRequest.ExecuteAsync: Starting.
TpTrace Information: 0 : 26768, 1, 2024/05/31, 00:05:27.725, 10648969902337, vstest.console.dll, TestRunRequest.ExecuteAsync: Starting run with settings:TestRunCriteria:
   KeepAlive=False,FrequencyOfRunStatsChangeEvent=10,RunStatsChangeEventTimeout=00:00:01.5000000,TestCaseFilter=,TestExecutorLauncher=
   Settingsxml=<RunSettings>
  <RunConfiguration>
    <ResultsDirectory>C:\Users\VC\Desktop\mini-project\FoodDeliveryWebAppSln\FoodDeliveryAppTests\bin\Debug\net6.0\fine-code-coverage\coverage-tool-output</ResultsDirectory>
    <TargetPlatform>X64</TargetPlatform>
    <TargetFrameworkVersion>.NETCoreApp,Version=v6.0</TargetFrameworkVersion>
    <DesignMode>False</DesignMode>
    <CollectSourceInformation>False</CollectSourceInformation>
  </RunConfiguration>
  <LoggerRunSettings>
    <Loggers>
      <Logger friendlyName="blame" enabled="True" />
      <Logger friendlyName="Console" uri="logger://microsoft/TestPlatform/ConsoleLogger/v1" assemblyQualifiedName="Microsoft.VisualStudio.TestPlatform.CommandLine.Internal.ConsoleLogger, vstest.console, Version=15.0.0.0, Culture=neutral, PublicKeyToken=b03f5f7f11d50a3a" codeBase="C:\Program Files\dotnet\sdk\8.0.202\vstest.console.dll" enabled="True" />
    </Loggers>
  </LoggerRunSettings>
  <DataCollectionRunSettings>
    <DataCollectors>
      <DataCollector friendlyName="blame" enabled="True">
        <Configuration>
          <ResultsDirectory>C:\Users\VC\Desktop\mini-project\FoodDeliveryWebAppSln\FoodDeliveryAppTests\bin\Debug\net6.0\fine-code-coverage\coverage-tool-output</ResultsDirectory>
        </Configuration>
      </DataCollector>
    </DataCollectors>
  </DataCollectionRunSettings>
</RunSettings>

TpTrace Verbose: 0 : 26768, 1, 2024/05/31, 00:05:27.725, 10648969902810, vstest.console.dll, TestRunRequest.ExecuteAsync: Wait for the first run request is over.
TpTrace Verbose: 0 : 26768, 1, 2024/05/31, 00:05:27.725, 10648969905010, vstest.console.dll, MulticastDelegateUtilities.SafeInvoke: TestRun.TestRunStart: Invoking callbacks was skipped because there are no subscribers.
TpTrace Verbose: 0 : 26768, 4, 2024/05/31, 00:05:27.725, 10648969908027, vstest.console.dll, MulticastDelegateUtilities.SafeInvoke: InternalTestLoggerEvents.SendTestRunStart: Invoking callback 1/1 for Microsoft.VisualStudio.TestPlatform.CommandLine.Internal.ConsoleLogger., took 0 ms.
TpTrace Verbose: 0 : 26768, 1, 2024/05/31, 00:05:27.726, 10648969916109, vstest.console.dll, ParallelProxyExecutionManager: Start execution. Total sources: 1
TpTrace Verbose: 0 : 26768, 1, 2024/05/31, 00:05:27.727, 10648969919519, vstest.console.dll, ParallelOperationManager.StartWork: Starting adding 1 workloads.
TpTrace Verbose: 0 : 26768, 1, 2024/05/31, 00:05:27.727, 10648969920000, vstest.console.dll, ParallelOperationManager.ClearSlots: Clearing all slots. Slots should accept more work: True
TpTrace Verbose: 0 : 26768, 1, 2024/05/31, 00:05:27.727, 10648969920487, vstest.console.dll, ParallelOperationManager.SetOccupiedSlotCount: Setting slot counts AvailableSlotCount = 1, OccupiedSlotCount = 0.
TpTrace Verbose: 0 : 26768, 1, 2024/05/31, 00:05:27.727, 10648969920726, vstest.console.dll, Occupied slots:

TpTrace Verbose: 0 : 26768, 1, 2024/05/31, 00:05:27.728, 10648969931615, vstest.console.dll, TestRequestSender is acting as server.
TpTrace Verbose: 0 : 26768, 1, 2024/05/31, 00:05:27.729, 10648969941043, vstest.console.dll, ParallelOperationManager.RunWorkInParallel: Adding 1 workload to slot, remaining workloads 0.
TpTrace Verbose: 0 : 26768, 1, 2024/05/31, 00:05:27.729, 10648969941697, vstest.console.dll, ParallelOperationManager.SetOccupiedSlotCount: Setting slot counts AvailableSlotCount = 0, OccupiedSlotCount = 1.
TpTrace Verbose: 0 : 26768, 1, 2024/05/31, 00:05:27.729, 10648969942837, vstest.console.dll, Occupied slots:
0: C:\Users\VC\Desktop\mini-project\FoodDeliveryWebAppSln\FoodDeliveryAppTests\bin\Debug\net6.0\fine-code-coverage\build-output\FoodDeliveryAppTests.dll
TpTrace Verbose: 0 : 26768, 1, 2024/05/31, 00:05:27.730, 10648969951149, vstest.console.dll, ParallelOperationManager.RunWorkInParallel: Started host in slot number 0 for work (source): C:\Users\VC\Desktop\mini-project\FoodDeliveryWebAppSln\FoodDeliveryAppTests\bin\Debug\net6.0\fine-code-coverage\build-output\FoodDeliveryAppTests.dll.
TpTrace Verbose: 0 : 26768, 1, 2024/05/31, 00:05:27.730, 10648969959297, vstest.console.dll, ParallelOperationManager.RunWorkInParallel: We started 1 work items, which is the max parallel level. Won't start more work.
TpTrace Verbose: 0 : 26768, 1, 2024/05/31, 00:05:27.731, 10648969959804, vstest.console.dll, ParallelOperationManager.RunWorkInParallel: We started 1 work items in here, returning True.
TpTrace Information: 0 : 26768, 1, 2024/05/31, 00:05:27.731, 10648969960022, vstest.console.dll, TestRunRequest.ExecuteAsync: Started.
TpTrace Verbose: 0 : 26768, 5, 2024/05/31, 00:05:27.731, 10648969961434, vstest.console.dll, ParallelProxyExecutionManager.StartTestRunOnConcurrentManager: Initializing uninitialized client. Started clients: 0
TpTrace Verbose: 0 : 26768, 5, 2024/05/31, 00:05:27.731, 10648969962877, vstest.console.dll, DataCollectionRequestSender.InitializeCommunication : Initialize communication. 
TpTrace Verbose: 0 : 26768, 1, 2024/05/31, 00:05:27.731, 10648969965158, vstest.console.dll, TestRunRequest.WaitForCompletion: Waiting with timeout -1.
TpTrace Information: 0 : 26768, 5, 2024/05/31, 00:05:27.737, 10648970020091, vstest.console.dll, Listening on Endpoint : 127.0.0.1:62906
TpTrace Verbose: 0 : 26768, 5, 2024/05/31, 00:05:27.741, 10648970063079, vstest.console.dll, DotnetDataCollectionLauncher: Adding  --runtimeconfig "C:\Program Files\dotnet\sdk\8.0.202\datacollector.runtimeconfig.json" in args
TpTrace Verbose: 0 : 26768, 5, 2024/05/31, 00:05:27.741, 10648970063843, vstest.console.dll, DotnetDataCollectionLauncher: Adding  --depsfile "C:\Program Files\dotnet\sdk\8.0.202\datacollector.deps.json" in args
TpTrace Verbose: 0 : 26768, 5, 2024/05/31, 00:05:27.741, 10648970064758, vstest.console.dll, DotnetDataCollectionLauncher: Full path of dotnet.exe is C:\Program Files\dotnet\dotnet.exe
TpTrace Information: 0 : 26768, 5, 2024/05/31, 00:05:27.747, 10648970127366, vstest.console.dll, ProxyDataCollectionManager.Initialize: Launched datacollector processId: 19380 port: 62906
TpTrace Information: 0 : 26768, 5, 2024/05/31, 00:05:27.747, 10648970129234, vstest.console.dll, ProxyDataCollectionManager.Initialize: waiting for connection with timeout: 90 seconds
TpTrace Verbose: 0 : 26768, 5, 2024/05/31, 00:05:27.748, 10648970129752, vstest.console.dll, DataCollectionRequestSender.WaitForRequestHandlerConnection : Waiting for connection with timeout: 90000
TpTrace Information: 0 : 26768, 7, 2024/05/31, 00:05:27.860, 10648971249383, vstest.console.dll, Using the buffer size of 16384 bytes
TpTrace Verbose: 0 : 26768, 5, 2024/05/31, 00:05:27.860, 10648971249561, vstest.console.dll, SocketCommunicationManager.WaitForClientConnection took: 111 ms, with 90000 ms timeout, and finished with True.
TpTrace Information: 0 : 26768, 7, 2024/05/31, 00:05:27.860, 10648971250394, vstest.console.dll, Accepted Client request and set the flag
TpTrace Verbose: 0 : 26768, 5, 2024/05/31, 00:05:27.860, 10648971251653, vstest.console.dll, ProxyDataCollectionManager.InvokeDataCollectionServiceAction: Starting.
TpTrace Information: 0 : 26768, 5, 2024/05/31, 00:05:27.860, 10648971252453, vstest.console.dll, ProxyDataCollectionManager.BeforeTestRunStart: Get environment variable and port for datacollector processId: 19380 port: 62906
TpTrace Verbose: 0 : 26768, 5, 2024/05/31, 00:05:27.860, 10648971253499, vstest.console.dll, DataCollectionRequestSender.SendBeforeTestRunStartAndGetResult: Send BeforeTestRunStart message with settingsXml <RunSettings><RunConfiguration><ResultsDirectory>C:\Users\VC\Desktop\mini-project\FoodDeliveryWebAppSln\FoodDeliveryAppTests\bin\Debug\net6.0\fine-code-coverage\coverage-tool-output</ResultsDirectory><TargetPlatform>X64</TargetPlatform><TargetFrameworkVersion>.NETCoreApp,Version=v6.0</TargetFrameworkVersion><DesignMode>False</DesignMode><CollectSourceInformation>False</CollectSourceInformation><TestAdaptersPaths>C:\Program Files\dotnet\sdk\8.0.202\Extensions</TestAdaptersPaths></RunConfiguration><LoggerRunSettings><Loggers><Logger friendlyName="blame" enabled="True" /><Logger friendlyName="Console" uri="logger://microsoft/TestPlatform/ConsoleLogger/v1" assemblyQualifiedName="Microsoft.VisualStudio.TestPlatform.CommandLine.Internal.ConsoleLogger, vstest.console, Version=15.0.0.0, Culture=neutral, PublicKeyToken=b03f5f7f11d50a3a" codeBase="C:\Program Files\dotnet\sdk\8.0.202\vstest.console.dll" enabled="True" /></Loggers></LoggerRunSettings><DataCollectionRunSettings><DataCollectors><DataCollector friendlyName="blame" enabled="True"><Configuration><ResultsDirectory>C:\Users\VC\Desktop\mini-project\FoodDeliveryWebAppSln\FoodDeliveryAppTests\bin\Debug\net6.0\fine-code-coverage\coverage-tool-output</ResultsDirectory></Configuration></DataCollector></DataCollectors></DataCollectionRunSettings></RunSettings> and sources System.Collections.Generic.List`1[System.String]: 
TpTrace Verbose: 0 : 26768, 5, 2024/05/31, 00:05:27.899, 10648971644104, vstest.console.dll, DataCollectionRequestSender.SendBeforeTestRunStartAndGetResult: Received message: (DataCollection.SendMessage) -> {"MessageType":"DataCollection.SendMessage","Payload":{"FriendlyName":null,"Uri":null,"TestCaseId":"00000000-0000-0000-0000-000000000000","Message":"Logging DataCollector Diagnostics in file: C:\\Users\\VC\\Desktop\\mini-project\\FoodDeliveryWebAppSln\\FoodDeliveryAppTests\\bin\\Debug\\net6.0\\fine-code-coverage\\coverage-tool-output\\diagnostics.datacollector.24-05-31_00-05-27_74121_5.log","Level":0}}
TpTrace Verbose: 0 : 26768, 5, 2024/05/31, 00:05:27.962, 10648972278891, vstest.console.dll, DataCollectionRequestSender.SendBeforeTestRunStartAndGetResult: Received message: (DataCollection.BeforeTestRunStartResult) -> {"MessageType":"DataCollection.BeforeTestRunStartResult","Payload":{"EnvironmentVariables":{},"DataCollectionEventsPort":62908}}
TpTrace Information: 0 : 26768, 5, 2024/05/31, 00:05:27.967, 10648972321070, vstest.console.dll, ProxyDataCollectionManager.BeforeTestRunStart: SendBeforeTestRunStartAndGetResult successful, env variable from datacollector:   and testhost port: 62908
TpTrace Information: 0 : 26768, 5, 2024/05/31, 00:05:27.967, 10648972322226, vstest.console.dll, ProxyDataCollectionManager.InvokeDataCollectionServiceAction: Completed.
TpTrace Verbose: 0 : 26768, 5, 2024/05/31, 00:05:27.967, 10648972322513, vstest.console.dll, ParallelProxyExecutionManager.StartTestRunOnConcurrentManager: Initializing test run. Started clients: 0
TpTrace Verbose: 0 : 26768, 5, 2024/05/31, 00:05:27.967, 10648972323212, vstest.console.dll, ProxyExecutionManager: Test host is always Lazy initialize.
TpTrace Verbose: 0 : 26768, 5, 2024/05/31, 00:05:27.967, 10648972324949, vstest.console.dll, TestRequestSender.InitializeCommunication: initialize communication. 
TpTrace Information: 0 : 26768, 5, 2024/05/31, 00:05:27.967, 10648972328838, vstest.console.dll, SocketServer.Start: Listening on endpoint : 127.0.0.1:62909
TpTrace Verbose: 0 : 26768, 5, 2024/05/31, 00:05:27.968, 10648972334787, vstest.console.dll, DotnetTestHostmanager.GetTestHostProcessStartInfo: Platform environment 'X64' target architecture 'X64' framework '.NETCoreApp,Version=v6.0' OS 'Windows'
TpTrace Verbose: 0 : 26768, 5, 2024/05/31, 00:05:27.968, 10648972336249, vstest.console.dll, DotnetTestHostmanager: Adding  --runtimeconfig "C:\Users\VC\Desktop\mini-project\FoodDeliveryWebAppSln\FoodDeliveryAppTests\bin\Debug\net6.0\fine-code-coverage\build-output\FoodDeliveryAppTests.runtimeconfig.json" in args
TpTrace Verbose: 0 : 26768, 5, 2024/05/31, 00:05:27.968, 10648972336706, vstest.console.dll, DotnetTestHostmanager: Adding  --depsfile "C:\Users\VC\Desktop\mini-project\FoodDeliveryWebAppSln\FoodDeliveryAppTests\bin\Debug\net6.0\fine-code-coverage\build-output\FoodDeliveryAppTests.deps.json" in args
TpTrace Verbose: 0 : 26768, 5, 2024/05/31, 00:05:27.968, 10648972338923, vstest.console.dll, DotnetTestHostmanager.IsWinOnArm: Current PROCESSOR_ARCHITECTURE from environment variable 'AMD64'
TpTrace Verbose: 0 : 26768, 5, 2024/05/31, 00:05:27.968, 10648972339304, vstest.console.dll, DotnetTestHostmanager.IsWinOnArm: Is Windows on ARM 'False'
TpTrace Verbose: 0 : 26768, 5, 2024/05/31, 00:05:27.969, 10648972339787, vstest.console.dll, DotnetTestHostManager: testhost.exe found at path: C:\Users\VC\Desktop\mini-project\FoodDeliveryWebAppSln\FoodDeliveryAppTests\bin\Debug\net6.0\fine-code-coverage\build-output\testhost.exe
TpTrace Verbose: 0 : 26768, 5, 2024/05/31, 00:05:27.969, 10648972340043, vstest.console.dll, DotnetTestHostmanager: Full path of host exe is C:\Users\VC\Desktop\mini-project\FoodDeliveryWebAppSln\FoodDeliveryAppTests\bin\Debug\net6.0\fine-code-coverage\build-output\testhost.exe
TpTrace Verbose: 0 : 26768, 5, 2024/05/31, 00:05:27.969, 10648972340831, vstest.console.dll, DotnetTestHostmanager.LaunchTestHostAsync: Found 'VSTEST_WINAPPHOST_DOTNET_ROOT' in env variables, value 'C:\Program Files\dotnet', forwarding to 'DOTNET_ROOT'
TpTrace Verbose: 0 : 26768, 5, 2024/05/31, 00:05:27.969, 10648972341797, vstest.console.dll, DotnetTestHostManager: Starting process 'C:\Users\VC\Desktop\mini-project\FoodDeliveryWebAppSln\FoodDeliveryAppTests\bin\Debug\net6.0\fine-code-coverage\build-output\testhost.exe' with command line ' --runtimeconfig "C:\Users\VC\Desktop\mini-project\FoodDeliveryWebAppSln\FoodDeliveryAppTests\bin\Debug\net6.0\fine-code-coverage\build-output\FoodDeliveryAppTests.runtimeconfig.json" --depsfile "C:\Users\VC\Desktop\mini-project\FoodDeliveryWebAppSln\FoodDeliveryAppTests\bin\Debug\net6.0\fine-code-coverage\build-output\FoodDeliveryAppTests.deps.json" --port 62909 --endpoint 127.0.0.1:062909 --role client --parentprocessid 26768 --diag "C:\Users\VC\Desktop\mini-project\FoodDeliveryWebAppSln\FoodDeliveryAppTests\bin\Debug\net6.0\fine-code-coverage\coverage-tool-output\diagnostics.host.24-05-31_00-05-27_96825_5.log" --tracelevel 4 --datacollectionport 62908 --telemetryoptedin false'
TpTrace Verbose: 0 : 26768, 5, 2024/05/31, 00:05:27.975, 10648972400718, vstest.console.dll, MulticastDelegateUtilities.SafeInvoke: HostProviderEvents.OnHostLaunched: Invoking callback 1/2 for Microsoft.VisualStudio.TestPlatform.CrossPlatEngine.Client.ProxyExecutionManagerWithDataCollection., took 1 ms.
TpTrace Verbose: 0 : 26768, 5, 2024/05/31, 00:05:27.975, 10648972404341, vstest.console.dll, Test Runtime launched
TpTrace Verbose: 0 : 26768, 5, 2024/05/31, 00:05:27.975, 10648972405013, vstest.console.dll, MulticastDelegateUtilities.SafeInvoke: HostProviderEvents.OnHostLaunched: Invoking callback 2/2 for Microsoft.VisualStudio.TestPlatform.CrossPlatEngine.Client.ProxyOperationManager., took 0 ms.
TpTrace Verbose: 0 : 26768, 5, 2024/05/31, 00:05:27.975, 10648972406199, vstest.console.dll, TestRequestSender.WaitForRequestHandlerConnection: waiting for connection with timeout: 90000.
TpTrace Verbose: 0 : 26768, 5, 2024/05/31, 00:05:28.122, 10648973873699, vstest.console.dll, TestRequestSender.WaitForRequestHandlerConnection: waiting took 146 ms, with timeout 90000 ms, and result 0, which is success.
TpTrace Verbose: 0 : 26768, 12, 2024/05/31, 00:05:28.122, 10648973873698, vstest.console.dll, MulticastDelegateUtilities.SafeInvoke: SocketServer: ClientConnected: Invoking callback 1/1 for Microsoft.VisualStudio.TestPlatform.CommunicationUtilities.TestRequestSender., took 0 ms.
TpTrace Verbose: 0 : 26768, 12, 2024/05/31, 00:05:28.122, 10648973876313, vstest.console.dll, SocketServer.OnClientConnected: Client connected for endPoint: 127.0.0.1:62909, starting MessageLoopAsync:
TpTrace Verbose: 0 : 26768, 12, 2024/05/31, 00:05:28.123, 10648973883174, vstest.console.dll, TcpClientExtensions.MessageLoopAsync: Polling on remoteEndPoint: 127.0.0.1:62910 localEndPoint: 127.0.0.1:62909 after 0 ms
TpTrace Verbose: 0 : 26768, 5, 2024/05/31, 00:05:28.123, 10648973883607, vstest.console.dll, TestRequestSender.CheckVersionWithTestHost: Sending check version message: {"MessageType":"ProtocolVersion","Payload":7}
TpTrace Verbose: 0 : 26768, 12, 2024/05/31, 00:05:28.269, 10648975347134, vstest.console.dll, TcpClientExtensions.MessageLoopAsync: NotifyDataAvailable remoteEndPoint: 127.0.0.1:62910 localEndPoint: 127.0.0.1:62909
TpTrace Verbose: 0 : 26768, 12, 2024/05/31, 00:05:28.270, 10648975351545, vstest.console.dll, TestRequestSender.CheckVersionWithTestHost: onMessageReceived received message: (ProtocolVersion) -> {"MessageType":"ProtocolVersion","Payload":7}
TpTrace Verbose: 0 : 26768, 12, 2024/05/31, 00:05:28.270, 10648975358008, vstest.console.dll, MulticastDelegateUtilities.SafeInvoke: LengthPrefixCommunicationChannel: MessageReceived: Invoking callback 1/1 for Microsoft.VisualStudio.TestPlatform.CommunicationUtilities.TestRequestSender+<>c__DisplayClass29_0., took 0 ms.
TpTrace Verbose: 0 : 26768, 12, 2024/05/31, 00:05:28.270, 10648975358863, vstest.console.dll, TcpClientExtensions.MessageLoopAsync: Polling on remoteEndPoint: 127.0.0.1:62910 localEndPoint: 127.0.0.1:62909 after 147 ms
TpTrace Verbose: 0 : 26768, 5, 2024/05/31, 00:05:28.271, 10648975362901, vstest.console.dll, TestPluginCache.GetExtensionPaths: Filtered extension paths: 
TpTrace Verbose: 0 : 26768, 5, 2024/05/31, 00:05:28.271, 10648975364174, vstest.console.dll, TestPluginCache.GetExtensionPaths: Added default extension paths: C:\Program Files\dotnet\sdk\8.0.202\Extensions\Microsoft.Diagnostics.NETCore.Client.dll
C:\Program Files\dotnet\sdk\8.0.202\Extensions\Microsoft.TestPlatform.Extensions.BlameDataCollector.dll
C:\Program Files\dotnet\sdk\8.0.202\Extensions\Microsoft.TestPlatform.Extensions.EventLogCollector.dll
C:\Program Files\dotnet\sdk\8.0.202\Extensions\Microsoft.TestPlatform.TestHostRuntimeProvider.dll
C:\Program Files\dotnet\sdk\8.0.202\Extensions\Microsoft.VisualStudio.TestPlatform.Extensions.Html.TestLogger.dll
C:\Program Files\dotnet\sdk\8.0.202\Extensions\Microsoft.VisualStudio.TestPlatform.Extensions.Trx.TestLogger.dll
TpTrace Verbose: 0 : 26768, 5, 2024/05/31, 00:05:28.271, 10648975364555, vstest.console.dll, TestPluginCache.GetExtensionPaths: Added unfilterableExtensionPaths: 
TpTrace Verbose: 0 : 26768, 5, 2024/05/31, 00:05:28.274, 10648975389909, vstest.console.dll, TestRequestSender.InitializeExecution: Sending initialize execution with message: {"Version":7,"MessageType":"TestExecution.Initialize","Payload":["C:\\Users\\VC\\Desktop\\mini-project\\FoodDeliveryWebAppSln\\FoodDeliveryAppTests\\bin\\Debug\\net6.0\\fine-code-coverage\\build-output\\NUnit3.TestAdapter.dll"]}
TpTrace Verbose: 0 : 26768, 5, 2024/05/31, 00:05:28.274, 10648975391739, vstest.console.dll, ParallelProxyExecutionManager.StartTestRunOnConcurrentManager: Execution starting. Started clients: 1
TpTrace Verbose: 0 : 26768, 5, 2024/05/31, 00:05:28.274, 10648975394028, vstest.console.dll, TestRunRequest:SendTestRunMessage: Starting.
TpTrace Verbose: 0 : 26768, 5, 2024/05/31, 00:05:28.274, 10648975395300, vstest.console.dll, MulticastDelegateUtilities.SafeInvoke: TestRun.LogMessages: Invoking callback 1/1 for Microsoft.VisualStudio.TestPlatform.CommandLine.TestRunResultAggregator., took 0 ms.
TpTrace Information: 0 : 26768, 5, 2024/05/31, 00:05:28.274, 10648975395604, vstest.console.dll, TestRunRequest:SendTestRunMessage: Completed.
TpTrace Warning: 0 : 26768, 5, 2024/05/31, 00:05:28.274, 10648975398712, vstest.console.dll, InferRunSettingsHelper.MakeRunsettingsCompatible: Removing the following settings: TargetPlatform from RunSettings file. To use those settings please move to latest version of Microsoft.NET.Test.Sdk
TpTrace Verbose: 0 : 26768, 4, 2024/05/31, 00:05:28.275, 10648975400595, vstest.console.dll, MulticastDelegateUtilities.SafeInvoke: InternalTestLoggerEvents.SendTestRunMessage: Invoking callback 1/1 for Microsoft.VisualStudio.TestPlatform.CommandLine.Internal.ConsoleLogger., took 0 ms.
TpTrace Verbose: 0 : 26768, 12, 2024/05/31, 00:05:28.275, 10648975408391, vstest.console.dll, TcpClientExtensions.MessageLoopAsync: NotifyDataAvailable remoteEndPoint: 127.0.0.1:62910 localEndPoint: 127.0.0.1:62909
TpTrace Verbose: 0 : 26768, 12, 2024/05/31, 00:05:28.276, 10648975411820, vstest.console.dll, TestRequestSender.OnExecutionMessageReceived: Received message: {"Version":7,"MessageType":"TestSession.Message","Payload":{"MessageLevel":0,"Message":"Logging TestHost Diagnostics in file: C:\\Users\\VC\\Desktop\\mini-project\\FoodDeliveryWebAppSln\\FoodDeliveryAppTests\\bin\\Debug\\net6.0\\fine-code-coverage\\coverage-tool-output\\diagnostics.host.24-05-31_00-05-27_96825_5.log"}}
TpTrace Verbose: 0 : 26768, 12, 2024/05/31, 00:05:28.278, 10648975431419, vstest.console.dll, TestRunRequest:SendTestRunMessage: Starting.
TpTrace Verbose: 0 : 26768, 12, 2024/05/31, 00:05:28.278, 10648975432494, vstest.console.dll, MulticastDelegateUtilities.SafeInvoke: TestRun.LogMessages: Invoking callback 1/1 for Microsoft.VisualStudio.TestPlatform.CommandLine.TestRunResultAggregator., took 0 ms.
TpTrace Information: 0 : 26768, 12, 2024/05/31, 00:05:28.278, 10648975432761, vstest.console.dll, TestRunRequest:SendTestRunMessage: Completed.
TpTrace Verbose: 0 : 26768, 4, 2024/05/31, 00:05:28.278, 10648975432874, vstest.console.dll, MulticastDelegateUtilities.SafeInvoke: InternalTestLoggerEvents.SendTestRunMessage: Invoking callback 1/1 for Microsoft.VisualStudio.TestPlatform.CommandLine.Internal.ConsoleLogger., took 0 ms.
TpTrace Verbose: 0 : 26768, 12, 2024/05/31, 00:05:28.278, 10648975432979, vstest.console.dll, MulticastDelegateUtilities.SafeInvoke: LengthPrefixCommunicationChannel: MessageReceived: Invoking callback 1/1 for Microsoft.VisualStudio.TestPlatform.CommunicationUtilities.TestRequestSender+<>c__DisplayClass34_0., took 2 ms.
TpTrace Verbose: 0 : 26768, 12, 2024/05/31, 00:05:28.278, 10648975434794, vstest.console.dll, TcpClientExtensions.MessageLoopAsync: Polling on remoteEndPoint: 127.0.0.1:62910 localEndPoint: 127.0.0.1:62909 after 7 ms
TpTrace Verbose: 0 : 26768, 5, 2024/05/31, 00:05:28.286, 10648975510324, vstest.console.dll, TestRequestSender.StartTestRun: Sending test run with message: {"Version":7,"MessageType":"TestExecution.StartWithSources","Payload":{"AdapterSourceMap":{"_none_":["C:\\Users\\VC\\Desktop\\mini-project\\FoodDeliveryWebAppSln\\FoodDeliveryAppTests\\bin\\Debug\\net6.0\\fine-code-coverage\\build-output\\FoodDeliveryAppTests.dll"]},"RunSettings":"<RunSettings>\r\n  <RunConfiguration>\r\n    <ResultsDirectory>C:\\Users\\VC\\Desktop\\mini-project\\FoodDeliveryWebAppSln\\FoodDeliveryAppTests\\bin\\Debug\\net6.0\\fine-code-coverage\\coverage-tool-output</ResultsDirectory>\r\n    <TargetFrameworkVersion>.NETCoreApp,Version=v6.0</TargetFrameworkVersion>\r\n    <DesignMode>False</DesignMode>\r\n    <CollectSourceInformation>False</CollectSourceInformation>\r\n  </RunConfiguration>\r\n  <LoggerRunSettings>\r\n    <Loggers>\r\n      <Logger friendlyName=\"blame\" enabled=\"True\" />\r\n      <Logger friendlyName=\"Console\" uri=\"logger://microsoft/TestPlatform/ConsoleLogger/v1\" assemblyQualifiedName=\"Microsoft.VisualStudio.TestPlatform.CommandLine.Internal.ConsoleLogger, vstest.console, Version=15.0.0.0, Culture=neutral, PublicKeyToken=b03f5f7f11d50a3a\" codeBase=\"C:\\Program Files\\dotnet\\sdk\\8.0.202\\vstest.console.dll\" enabled=\"True\" />\r\n    </Loggers>\r\n  </LoggerRunSettings>\r\n  <DataCollectionRunSettings>\r\n    <DataCollectors>\r\n      <DataCollector friendlyName=\"blame\" enabled=\"True\">\r\n        <Configuration>\r\n          <ResultsDirectory>C:\\Users\\VC\\Desktop\\mini-project\\FoodDeliveryWebAppSln\\FoodDeliveryAppTests\\bin\\Debug\\net6.0\\fine-code-coverage\\coverage-tool-output</ResultsDirectory>\r\n        </Configuration>\r\n      </DataCollector>\r\n    </DataCollectors>\r\n  </DataCollectionRunSettings>\r\n</RunSettings>","TestExecutionContext":{"FrequencyOfRunStatsChangeEvent":10,"RunStatsChangeEventTimeout":"00:00:01.5000000","InIsolation":false,"KeepAlive":false,"AreTestCaseLevelEventsRequired":false,"IsDebug":false,"TestCaseFilter":null,"FilterOptions":null},"Package":null}}
TpTrace Verbose: 0 : 26768, 5, 2024/05/31, 00:05:28.286, 10648975513187, vstest.console.dll, ParallelProxyExecutionManager.StartTestRunOnConcurrentManager: Execution started. Started clients: 1
TpTrace Verbose: 0 : 26768, 12, 2024/05/31, 00:05:28.441, 10648977061109, vstest.console.dll, TcpClientExtensions.MessageLoopAsync: NotifyDataAvailable remoteEndPoint: 127.0.0.1:62910 localEndPoint: 127.0.0.1:62909
TpTrace Verbose: 0 : 26768, 12, 2024/05/31, 00:05:28.441, 10648977063447, vstest.console.dll, TestRequestSender.OnExecutionMessageReceived: Received message: {"Version":7,"MessageType":"TestSession.Message","Payload":{"MessageLevel":0,"Message":"NUnit Adapter 4.4.0.0: Test execution started"}}
TpTrace Verbose: 0 : 26768, 12, 2024/05/31, 00:05:28.441, 10648977065662, vstest.console.dll, TestRunRequest:SendTestRunMessage: Starting.
TpTrace Verbose: 0 : 26768, 12, 2024/05/31, 00:05:28.441, 10648977066305, vstest.console.dll, MulticastDelegateUtilities.SafeInvoke: TestRun.LogMessages: Invoking callback 1/1 for Microsoft.VisualStudio.TestPlatform.CommandLine.TestRunResultAggregator., took 0 ms.
TpTrace Information: 0 : 26768, 12, 2024/05/31, 00:05:28.441, 10648977066732, vstest.console.dll, TestRunRequest:SendTestRunMessage: Completed.
TpTrace Verbose: 0 : 26768, 12, 2024/05/31, 00:05:28.441, 10648977067063, vstest.console.dll, MulticastDelegateUtilities.SafeInvoke: LengthPrefixCommunicationChannel: MessageReceived: Invoking callback 1/1 for Microsoft.VisualStudio.TestPlatform.CommunicationUtilities.TestRequestSender+<>c__DisplayClass34_0., took 0 ms.
TpTrace Verbose: 0 : 26768, 12, 2024/05/31, 00:05:28.441, 10648977067331, vstest.console.dll, TcpClientExtensions.MessageLoopAsync: Polling on remoteEndPoint: 127.0.0.1:62910 localEndPoint: 127.0.0.1:62909 after 163 ms
TpTrace Verbose: 0 : 26768, 4, 2024/05/31, 00:05:28.441, 10648977069213, vstest.console.dll, MulticastDelegateUtilities.SafeInvoke: InternalTestLoggerEvents.SendTestRunMessage: Invoking callback 1/1 for Microsoft.VisualStudio.TestPlatform.CommandLine.Internal.ConsoleLogger., took 0 ms.
TpTrace Verbose: 0 : 26768, 12, 2024/05/31, 00:05:28.474, 10648977394686, vstest.console.dll, TcpClientExtensions.MessageLoopAsync: NotifyDataAvailable remoteEndPoint: 127.0.0.1:62910 localEndPoint: 127.0.0.1:62909
TpTrace Verbose: 0 : 26768, 12, 2024/05/31, 00:05:28.474, 10648977398598, vstest.console.dll, TestRequestSender.OnExecutionMessageReceived: Received message: {"Version":7,"MessageType":"TestSession.Message","Payload":{"MessageLevel":0,"Message":"Running all tests in C:\\Users\\VC\\Desktop\\mini-project\\FoodDeliveryWebAppSln\\FoodDeliveryAppTests\\bin\\Debug\\net6.0\\fine-code-coverage\\build-output\\FoodDeliveryAppTests.dll"}}
TpTrace Verbose: 0 : 26768, 12, 2024/05/31, 00:05:28.475, 10648977399787, vstest.console.dll, TestRunRequest:SendTestRunMessage: Starting.
TpTrace Verbose: 0 : 26768, 12, 2024/05/31, 00:05:28.475, 10648977400276, vstest.console.dll, MulticastDelegateUtilities.SafeInvoke: TestRun.LogMessages: Invoking callback 1/1 for Microsoft.VisualStudio.TestPlatform.CommandLine.TestRunResultAggregator., took 0 ms.
TpTrace Information: 0 : 26768, 12, 2024/05/31, 00:05:28.475, 10648977400608, vstest.console.dll, TestRunRequest:SendTestRunMessage: Completed.
TpTrace Verbose: 0 : 26768, 12, 2024/05/31, 00:05:28.475, 10648977400879, vstest.console.dll, MulticastDelegateUtilities.SafeInvoke: LengthPrefixCommunicationChannel: MessageReceived: Invoking callback 1/1 for Microsoft.VisualStudio.TestPlatform.CommunicationUtilities.TestRequestSender+<>c__DisplayClass34_0., took 0 ms.
TpTrace Verbose: 0 : 26768, 12, 2024/05/31, 00:05:28.475, 10648977401140, vstest.console.dll, TcpClientExtensions.MessageLoopAsync: Polling on remoteEndPoint: 127.0.0.1:62910 localEndPoint: 127.0.0.1:62909 after 33 ms
TpTrace Verbose: 0 : 26768, 4, 2024/05/31, 00:05:28.475, 10648977401759, vstest.console.dll, MulticastDelegateUtilities.SafeInvoke: InternalTestLoggerEvents.SendTestRunMessage: Invoking callback 1/1 for Microsoft.VisualStudio.TestPlatform.CommandLine.Internal.ConsoleLogger., took 0 ms.
TpTrace Verbose: 0 : 26768, 12, 2024/05/31, 00:05:28.635, 10648979007218, vstest.console.dll, TcpClientExtensions.MessageLoopAsync: NotifyDataAvailable remoteEndPoint: 127.0.0.1:62910 localEndPoint: 127.0.0.1:62909
TpTrace Verbose: 0 : 26768, 12, 2024/05/31, 00:05:28.636, 10648979009730, vstest.console.dll, TestRequestSender.OnExecutionMessageReceived: Received message: {"Version":7,"MessageType":"TestSession.Message","Payload":{"MessageLevel":0,"Message":"   NUnit3TestExecutor discovered 87 of 87 NUnit test cases using Current Discovery mode, Non-Explicit run"}}
TpTrace Verbose: 0 : 26768, 12, 2024/05/31, 00:05:28.636, 10648979011125, vstest.console.dll, TestRunRequest:SendTestRunMessage: Starting.
TpTrace Verbose: 0 : 26768, 12, 2024/05/31, 00:05:28.636, 10648979011724, vstest.console.dll, MulticastDelegateUtilities.SafeInvoke: TestRun.LogMessages: Invoking callback 1/1 for Microsoft.VisualStudio.TestPlatform.CommandLine.TestRunResultAggregator., took 0 ms.
TpTrace Information: 0 : 26768, 12, 2024/05/31, 00:05:28.636, 10648979012119, vstest.console.dll, TestRunRequest:SendTestRunMessage: Completed.
TpTrace Verbose: 0 : 26768, 12, 2024/05/31, 00:05:28.636, 10648979012410, vstest.console.dll, MulticastDelegateUtilities.SafeInvoke: LengthPrefixCommunicationChannel: MessageReceived: Invoking callback 1/1 for Microsoft.VisualStudio.TestPlatform.CommunicationUtilities.TestRequestSender+<>c__DisplayClass34_0., took 0 ms.
TpTrace Verbose: 0 : 26768, 12, 2024/05/31, 00:05:28.636, 10648979012749, vstest.console.dll, TcpClientExtensions.MessageLoopAsync: Polling on remoteEndPoint: 127.0.0.1:62910 localEndPoint: 127.0.0.1:62909 after 161 ms
TpTrace Verbose: 0 : 26768, 4, 2024/05/31, 00:05:28.636, 10648979013077, vstest.console.dll, MulticastDelegateUtilities.SafeInvoke: InternalTestLoggerEvents.SendTestRunMessage: Invoking callback 1/1 for Microsoft.VisualStudio.TestPlatform.CommandLine.Internal.ConsoleLogger., took 0 ms.
TpTrace Verbose: 0 : 26768, 12, 2024/05/31, 00:05:29.538, 10648988037941, vstest.console.dll, TcpClientExtensions.MessageLoopAsync: NotifyDataAvailable remoteEndPoint: 127.0.0.1:62910 localEndPoint: 127.0.0.1:62909
TpTrace Verbose: 0 : 26768, 12, 2024/05/31, 00:05:29.539, 10648988046124, vstest.console.dll, TestRequestSender.OnExecutionMessageReceived: Received message: {"Version":7,"MessageType":"TestExecution.StatsChange","Payload":{"NewTestResults":[{"TestCase":{"Id":"44fe85d0-9a04-e6ef-f461-0a142ccdcd5e","FullyQualifiedName":"FoodDeliveryAppTests.exceptionstests.ExceptionsTest.ExceptionTest1","DisplayName":"ExceptionTest1","ExecutorUri":"executor://NUnit3TestExecutor","Source":"C:\\Users\\VC\\Desktop\\mini-project\\FoodDeliveryWebAppSln\\FoodDeliveryAppTests\\bin\\Debug\\net6.0\\fine-code-coverage\\build-output\\FoodDeliveryAppTests.dll","CodeFilePath":null,"LineNumber":0,"Properties":[{"Key":{"Id":"NUnit.Seed","Label":"Seed","Category":"","Description":"","Attributes":0,"ValueType":"System.String"},"Value":"918999353"}]},"Attachments":[],"Outcome":1,"ErrorMessage":null,"ErrorStackTrace":null,"DisplayName":"ExceptionTest1","Messages":[],"ComputerName":"DESKTOP-DPV93JG","Duration":"00:00:00.7291120","StartTime":"2024-05-30T18:35:28.658783+00:00","EndTime":"2024-05-30T18:35:29.387846+00:00","Properties":[{"Key":{"Id":"NUnit.Seed","Label":"Seed","Category":"","Description":"","Attributes":0,"ValueType":"System.String"},"Value":"918999353"}]},{"TestCase":{"Id":"bcee9608-d545-b5b4-ef01-00b7de826f33","FullyQualifiedName":"FoodDeliveryAppTests.exceptionstests.ExceptionsTest.ExceptionTest4","DisplayName":"ExceptionTest4","ExecutorUri":"executor://NUnit3TestExecutor","Source":"C:\\Users\\VC\\Desktop\\mini-project\\FoodDeliveryWebAppSln\\FoodDeliveryAppTests\\bin\\Debug\\net6.0\\fine-code-coverage\\build-output\\FoodDeliveryAppTests.dll","CodeFilePath":null,"LineNumber":0,"Properties":[{"Key":{"Id":"NUnit.Seed","Label":"Seed","Category":"","Description":"","Attributes":0,"ValueType":"System.String"},"Value":"647606057"}]},"Attachments":[],"Outcome":1,"ErrorMessage":null,"ErrorStackTrace":null,"DisplayName":"ExceptionTest4","Messages":[],"ComputerName":"DESKTOP-DPV93JG","Duration":"00:00:00.0321600","StartTime":"2024-05-30T18:35:29.3889601+00:00","EndTime":"2024-05-30T18:35:29.4211197+00:00","Properties":[{"Key":{"Id":"NUnit.Seed","Label":"Seed","Category":"","Description":"","Attributes":0,"ValueType":"System.String"},"Value":"647606057"}]},{"TestCase":{"Id":"be0eb1d6-94a6-9bb6-5509-5b13cafac502","FullyQualifiedName":"FoodDeliveryAppTests.repositorytests.AdminTest.AddTest","DisplayName":"AddTest","ExecutorUri":"executor://NUnit3TestExecutor","Source":"C:\\Users\\VC\\Desktop\\mini-project\\FoodDeliveryWebAppSln\\FoodDeliveryAppTests\\bin\\Debug\\net6.0\\fine-code-coverage\\build-output\\FoodDeliveryAppTests.dll","CodeFilePath":null,"LineNumber":0,"Properties":[{"Key":{"Id":"NUnit.Seed","Label":"Seed","Category":"","Description":"","Attributes":0,"ValueType":"System.String"},"Value":"1505558435"}]},"Attachments":[],"Outcome":2,"ErrorMessage":"System.ArgumentException : An item with the same key has already been added. Key: 1","ErrorStackTrace":"   at System.Collections.Generic.Dictionary`2.TryInsert(TKey key, TValue value, InsertionBehavior behavior)\r\n   at Microsoft.EntityFrameworkCore.InMemory.Storage.Internal.InMemoryTable`1.Create(IUpdateEntry entry)\r\n   at Microsoft.EntityFrameworkCore.InMemory.Storage.Internal.InMemoryStore.ExecuteTransaction(IList`1 entries, IDiagnosticsLogger`1 updateLogger)\r\n   at Microsoft.EntityFrameworkCore.InMemory.Storage.Internal.InMemoryDatabase.SaveChangesAsync(IList`1 entries, CancellationToken cancellationToken)\r\n   at Microsoft.EntityFrameworkCore.ChangeTracking.Internal.StateManager.SaveChangesAsync(IList`1 entriesToSave, CancellationToken cancellationToken)\r\n   at Microsoft.EntityFrameworkCore.ChangeTracking.Internal.StateManager.SaveChangesAsync(StateManager stateManager, Boolean acceptAllChangesOnSuccess, CancellationToken cancellationToken)\r\n   at Microsoft.EntityFrameworkCore.DbContext.SaveChangesAsync(Boolean acceptAllChangesOnSuccess, CancellationToken cancellationToken)\r\n   at Microsoft.EntityFrameworkCore.DbContext.SaveChangesAsync(Boolean acceptAllChangesOnSuccess, CancellationToken cancellationToken)\r\n   at FoodDeliveryWebApp.repositories.AdminRepository.Add(Admin item) in C:\\Users\\VC\\Desktop\\mini-project\\FoodDeliveryWebAppSln\\FoodDeliveryWebApp\\repositories\\AdminRepository.cs:line 22\r\n   at FoodDeliveryAppTests.repositorytests.AdminTest.AddTest() in C:\\Users\\VC\\Desktop\\mini-project\\FoodDeliveryWebAppSln\\FoodDeliveryAppTests\\repositorytests\\AdminTest.cs:line 39\r\n   at NUnit.Framework.Internal.TaskAwaitAdapter.GenericAdapter`1.GetResult()\r\n   at NUnit.Framework.Internal.AsyncToSyncAdapter.Await(Func`1 invoke)\r\n   at NUnit.Framework.Internal.Commands.TestMethodCommand.RunTestMethod(TestExecutionContext context)\r\n   at NUnit.Framework.Internal.Commands.TestMethodCommand.Execute(TestExecutionContext context)\r\n   at NUnit.Framework.Internal.Commands.BeforeAndAfterTestCommand.<>c__DisplayClass1_0.<Execute>b__0()\r\n   at NUnit.Framework.Internal.Commands.DelegatingTestCommand.RunTestMethodInThreadAbortSafeZone(TestExecutionContext context, Action action)\n","DisplayName":"AddTest","Messages":[],"ComputerName":"DESKTOP-DPV93JG","Duration":"00:00:00.0235360","StartTime":"2024-05-30T18:35:29.4238526+00:00","EndTime":"2024-05-30T18:35:29.4473886+00:00","Properties":[{"Key":{"Id":"NUnit.Seed","Label":"Seed","Category":"","Description":"","Attributes":0,"ValueType":"System.String"},"Value":"1505558435"}]},{"TestCase":{"Id":"64f8c7dc-ce50-f1dd-6079-472d68ed42d5","FullyQualifiedName":"FoodDeliveryAppTests.repositorytests.AdminTest.DelTest","DisplayName":"DelTest","ExecutorUri":"executor://NUnit3TestExecutor","Source":"C:\\Users\\VC\\Desktop\\mini-project\\FoodDeliveryWebAppSln\\FoodDeliveryAppTests\\bin\\Debug\\net6.0\\fine-code-coverage\\build-output\\FoodDeliveryAppTests.dll","CodeFilePath":null,"LineNumber":0,"Properties":[{"Key":{"Id":"NUnit.Seed","Label":"Seed","Category":"","Description":"","Attributes":0,"ValueType":"System.String"},"Value":"406300142"}]},"Attachments":[],"Outcome":1,"ErrorMessage":null,"ErrorStackTrace":null,"DisplayName":"DelTest","Messages":[],"ComputerName":"DESKTOP-DPV93JG","Duration":"00:00:00.0191140","StartTime":"2024-05-30T18:35:29.4474938+00:00","EndTime":"2024-05-30T18:35:29.466607+00:00","Properties":[{"Key":{"Id":"NUnit.Seed","Label":"Seed","Category":"","Description":"","Attributes":0,"ValueType":"System.String"},"Value":"406300142"}]},{"TestCase":{"Id":"522ea1b8-1994-d49f-555b-7ccf2cb06f22","FullyQualifiedName":"FoodDeliveryAppTests.repositorytests.AdminTest.GetAllTest","DisplayName":"GetAllTest","ExecutorUri":"executor://NUnit3TestExecutor","Source":"C:\\Users\\VC\\Desktop\\mini-project\\FoodDeliveryWebAppSln\\FoodDeliveryAppTests\\bin\\Debug\\net6.0\\fine-code-coverage\\build-output\\FoodDeliveryAppTests.dll","CodeFilePath":null,"LineNumber":0,"Properties":[{"Key":{"Id":"NUnit.Seed","Label":"Seed","Category":"","Description":"","Attributes":0,"ValueType":"System.String"},"Value":"39330543"}]},"Attachments":[],"Outcome":1,"ErrorMessage":null,"ErrorStackTrace":null,"DisplayName":"GetAllTest","Messages":[],"ComputerName":"DESKTOP-DPV93JG","Duration":"00:00:00.0081390","StartTime":"2024-05-30T18:35:29.4666356+00:00","EndTime":"2024-05-30T18:35:29.4747738+00:00","Properties":[{"Key":{"Id":"NUnit.Seed","Label":"Seed","Category":"","Description":"","Attributes":0,"ValueType":"System.String"},"Value":"39330543"}]},{"TestCase":{"Id":"0c970c4d-0caa-f5f4-81b0-eedcd9bf31c8","FullyQualifiedName":"FoodDeliveryAppTests.repositorytests.AdminTest.GetTest","DisplayName":"GetTest","ExecutorUri":"executor://NUnit3TestExecutor","Source":"C:\\Users\\VC\\Desktop\\mini-project\\FoodDeliveryWebAppSln\\FoodDeliveryAppTests\\bin\\Debug\\net6.0\\fine-code-coverage\\build-output\\FoodDeliveryAppTests.dll","CodeFilePath":null,"LineNumber":0,"Properties":[{"Key":{"Id":"NUnit.Seed","Label":"Seed","Category":"","Description":"","Attributes":0,"ValueType":"System.String"},"Value":"1093813127"}]},"Attachments":[],"Outcome":1,"ErrorMessage":null,"ErrorStackTrace":null,"DisplayName":"GetTest","Messages":[],"ComputerName":"DESKTOP-DPV93JG","Duration":"00:00:00.0021900","StartTime":"2024-05-30T18:35:29.474796+00:00","EndTime":"2024-05-30T18:35:29.4769855+00:00","Properties":[{"Key":{"Id":"NUnit.Seed","Label":"Seed","Category":"","Description":"","Attributes":0,"ValueType":"System.String"},"Value":"1093813127"}]},{"TestCase":{"Id":"ccfa59a1-50a5-73e5-0da2-eb0822be638f","FullyQualifiedName":"FoodDeliveryAppTests.repositorytests.AdminTest.UpdateTest","DisplayName":"UpdateTest","ExecutorUri":"executor://NUnit3TestExecutor","Source":"C:\\Users\\VC\\Desktop\\mini-project\\FoodDeliveryWebAppSln\\FoodDeliveryAppTests\\bin\\Debug\\net6.0\\fine-code-coverage\\build-output\\FoodDeliveryAppTests.dll","CodeFilePath":null,"LineNumber":0,"Properties":[{"Key":{"Id":"NUnit.Seed","Label":"Seed","Category":"","Description":"","Attributes":0,"ValueType":"System.String"},"Value":"939797979"}]},"Attachments":[],"Outcome":1,"ErrorMessage":null,"ErrorStackTrace":null,"DisplayName":"UpdateTest","Messages":[],"ComputerName":"DESKTOP-DPV93JG","Duration":"00:00:00.0079160","StartTime":"2024-05-30T18:35:29.4769991+00:00","EndTime":"2024-05-30T18:35:29.4849146+00:00","Properties":[{"Key":{"Id":"NUnit.Seed","Label":"Seed","Category":"","Description":"","Attributes":0,"ValueType":"System.String"},"Value":"939797979"}]},{"TestCase":{"Id":"c5b4cc3f-881d-55df-7a81-bc2b87840213","FullyQualifiedName":"FoodDeliveryAppTests.repositorytests.CartDetailsTest.AddTest","DisplayName":"AddTest","ExecutorUri":"executor://NUnit3TestExecutor","Source":"C:\\Users\\VC\\Desktop\\mini-project\\FoodDeliveryWebAppSln\\FoodDeliveryAppTests\\bin\\Debug\\net6.0\\fine-code-coverage\\build-output\\FoodDeliveryAppTests.dll","CodeFilePath":null,"LineNumber":0,"Properties":[{"Key":{"Id":"NUnit.Seed","Label":"Seed","Category":"","Description":"","Attributes":0,"ValueType":"System.String"},"Value":"1036474301"}]},"Attachments":[],"Outcome":1,"ErrorMessage":null,"ErrorStackTrace":null,"DisplayName":"AddTest","Messages":[],"ComputerName":"DESKTOP-DPV93JG","Duration":"00:00:00.0222660","StartTime":"2024-05-30T18:35:29.4850259+00:00","EndTime":"2024-05-30T18:35:29.5072911+00:00","Properties":[{"Key":{"Id":"NUnit.Seed","Label":"Seed","Category":"","Description":"","Attributes":0,"ValueType":"System.String"},"Value":"1036474301"}]},{"TestCase":{"Id":"844c8fcc-fba6-6a07-8441-e1c0e19e5514","FullyQualifiedName":"FoodDeliveryAppTests.repositorytests.CartDetailsTest.DelTest","DisplayName":"DelTest","ExecutorUri":"executor://NUnit3TestExecutor","Source":"C:\\Users\\VC\\Desktop\\mini-project\\FoodDeliveryWebAppSln\\FoodDeliveryAppTests\\bin\\Debug\\net6.0\\fine-code-coverage\\build-output\\FoodDeliveryAppTests.dll","CodeFilePath":null,"LineNumber":0,"Properties":[{"Key":{"Id":"NUnit.Seed","Label":"Seed","Category":"","Description":"","Attributes":0,"ValueType":"System.String"},"Value":"2139510625"}]},"Attachments":[],"Outcome":1,"ErrorMessage":null,"ErrorStackTrace":null,"DisplayName":"DelTest","Messages":[],"ComputerName":"DESKTOP-DPV93JG","Duration":"00:00:00.0066630","StartTime":"2024-05-30T18:35:29.5073193+00:00","EndTime":"2024-05-30T18:35:29.5139817+00:00","Properties":[{"Key":{"Id":"NUnit.Seed","Label":"Seed","Category":"","Description":"","Attributes":0,"ValueType":"System.String"},"Value":"2139510625"}]}],"TestRunStatistics":{"ExecutedTests":9,"Stats":{"Passed":8,"Failed":1}},"ActiveTests":[{"Id":"ddbff065-3ba2-243d-bc28-b18c7906bc5a","FullyQualifiedName":"FoodDeliveryAppTests.repositorytests.CartDetailsTest.GetAllByCIdTest","DisplayName":"GetAllByCIdTest","ExecutorUri":"executor://NUnit3TestExecutor","Source":"C:\\Users\\VC\\Desktop\\mini-project\\FoodDeliveryWebAppSln\\FoodDeliveryAppTests\\bin\\Debug\\net6.0\\fine-code-coverage\\build-output\\FoodDeliveryAppTests.dll","CodeFilePath":null,"LineNumber":0,"Properties":[{"Key":{"Id":"NUnit.Seed","Label":"Seed","Category":"","Description":"","Attributes":0,"ValueType":"System.String"},"Value":"93875109"}]}]}}
TpTrace Verbose: 0 : 26768, 12, 2024/05/31, 00:05:29.570, 10648988351962, vstest.console.dll, TestRunRequest:SendTestRunStatsChange: Starting.
TpTrace Verbose: 0 : 26768, 12, 2024/05/31, 00:05:29.570, 10648988353837, vstest.console.dll, InProgress is GetAllByCIdTest
TpTrace Verbose: 0 : 26768, 12, 2024/05/31, 00:05:29.570, 10648988356022, vstest.console.dll, MulticastDelegateUtilities.SafeInvoke: TestRun.RunStatsChanged: Invoking callbacks was skipped because there are no subscribers.
TpTrace Information: 0 : 26768, 12, 2024/05/31, 00:05:29.570, 10648988356456, vstest.console.dll, TestRunRequest:SendTestRunStatsChange: Completed.
TpTrace Verbose: 0 : 26768, 12, 2024/05/31, 00:05:29.570, 10648988356977, vstest.console.dll, MulticastDelegateUtilities.SafeInvoke: LengthPrefixCommunicationChannel: MessageReceived: Invoking callback 1/1 for Microsoft.VisualStudio.TestPlatform.CommunicationUtilities.TestRequestSender+<>c__DisplayClass34_0., took 31 ms.
TpTrace Verbose: 0 : 26768, 12, 2024/05/31, 00:05:29.570, 10648988357316, vstest.console.dll, TcpClientExtensions.MessageLoopAsync: Polling on remoteEndPoint: 127.0.0.1:62910 localEndPoint: 127.0.0.1:62909 after 934 ms
TpTrace Verbose: 0 : 26768, 4, 2024/05/31, 00:05:29.572, 10648988374183, vstest.console.dll, MulticastDelegateUtilities.SafeInvoke: InternalTestLoggerEvents.SendTestResult: Invoking callback 1/1 for Microsoft.VisualStudio.TestPlatform.CommandLine.Internal.ConsoleLogger., took 1 ms.
TpTrace Verbose: 0 : 26768, 4, 2024/05/31, 00:05:29.572, 10648988377231, vstest.console.dll, MulticastDelegateUtilities.SafeInvoke: InternalTestLoggerEvents.SendTestResult: Invoking callback 1/1 for Microsoft.VisualStudio.TestPlatform.CommandLine.Internal.ConsoleLogger., took 0 ms.
TpTrace Verbose: 0 : 26768, 4, 2024/05/31, 00:05:29.573, 10648988382082, vstest.console.dll, MulticastDelegateUtilities.SafeInvoke: InternalTestLoggerEvents.SendTestResult: Invoking callback 1/1 for Microsoft.VisualStudio.TestPlatform.CommandLine.Internal.ConsoleLogger., took 0 ms.
TpTrace Verbose: 0 : 26768, 4, 2024/05/31, 00:05:29.573, 10648988382936, vstest.console.dll, MulticastDelegateUtilities.SafeInvoke: InternalTestLoggerEvents.SendTestResult: Invoking callback 1/1 for Microsoft.VisualStudio.TestPlatform.CommandLine.Internal.ConsoleLogger., took 0 ms.
TpTrace Verbose: 0 : 26768, 4, 2024/05/31, 00:05:29.573, 10648988383435, vstest.console.dll, MulticastDelegateUtilities.SafeInvoke: InternalTestLoggerEvents.SendTestResult: Invoking callback 1/1 for Microsoft.VisualStudio.TestPlatform.CommandLine.Internal.ConsoleLogger., took 0 ms.
TpTrace Verbose: 0 : 26768, 4, 2024/05/31, 00:05:29.573, 10648988383828, vstest.console.dll, MulticastDelegateUtilities.SafeInvoke: InternalTestLoggerEvents.SendTestResult: Invoking callback 1/1 for Microsoft.VisualStudio.TestPlatform.CommandLine.Internal.ConsoleLogger., took 0 ms.
TpTrace Verbose: 0 : 26768, 4, 2024/05/31, 00:05:29.573, 10648988384630, vstest.console.dll, MulticastDelegateUtilities.SafeInvoke: InternalTestLoggerEvents.SendTestResult: Invoking callback 1/1 for Microsoft.VisualStudio.TestPlatform.CommandLine.Internal.ConsoleLogger., took 0 ms.
TpTrace Verbose: 0 : 26768, 4, 2024/05/31, 00:05:29.573, 10648988385907, vstest.console.dll, MulticastDelegateUtilities.SafeInvoke: InternalTestLoggerEvents.SendTestResult: Invoking callback 1/1 for Microsoft.VisualStudio.TestPlatform.CommandLine.Internal.ConsoleLogger., took 0 ms.
TpTrace Verbose: 0 : 26768, 4, 2024/05/31, 00:05:29.573, 10648988386799, vstest.console.dll, MulticastDelegateUtilities.SafeInvoke: InternalTestLoggerEvents.SendTestResult: Invoking callback 1/1 for Microsoft.VisualStudio.TestPlatform.CommandLine.Internal.ConsoleLogger., took 0 ms.
TpTrace Verbose: 0 : 26768, 12, 2024/05/31, 00:05:29.582, 10648988477873, vstest.console.dll, TcpClientExtensions.MessageLoopAsync: NotifyDataAvailable remoteEndPoint: 127.0.0.1:62910 localEndPoint: 127.0.0.1:62909
TpTrace Verbose: 0 : 26768, 12, 2024/05/31, 00:05:29.583, 10648988483991, vstest.console.dll, TestRequestSender.OnExecutionMessageReceived: Received message: {"Version":7,"MessageType":"TestExecution.StatsChange","Payload":{"NewTestResults":[{"TestCase":{"Id":"ddbff065-3ba2-243d-bc28-b18c7906bc5a","FullyQualifiedName":"FoodDeliveryAppTests.repositorytests.CartDetailsTest.GetAllByCIdTest","DisplayName":"GetAllByCIdTest","ExecutorUri":"executor://NUnit3TestExecutor","Source":"C:\\Users\\VC\\Desktop\\mini-project\\FoodDeliveryWebAppSln\\FoodDeliveryAppTests\\bin\\Debug\\net6.0\\fine-code-coverage\\build-output\\FoodDeliveryAppTests.dll","CodeFilePath":null,"LineNumber":0,"Properties":[{"Key":{"Id":"NUnit.Seed","Label":"Seed","Category":"","Description":"","Attributes":0,"ValueType":"System.String"},"Value":"93875109"}]},"Attachments":[],"Outcome":1,"ErrorMessage":null,"ErrorStackTrace":null,"DisplayName":"GetAllByCIdTest","Messages":[],"ComputerName":"DESKTOP-DPV93JG","Duration":"00:00:00.0067640","StartTime":"2024-05-30T18:35:29.5140107+00:00","EndTime":"2024-05-30T18:35:29.5207747+00:00","Properties":[{"Key":{"Id":"NUnit.Seed","Label":"Seed","Category":"","Description":"","Attributes":0,"ValueType":"System.String"},"Value":"93875109"}]},{"TestCase":{"Id":"2e70b154-131e-840f-cca8-8e9fad8b0708","FullyQualifiedName":"FoodDeliveryAppTests.repositorytests.CartDetailsTest.GetAllTest","DisplayName":"GetAllTest","ExecutorUri":"executor://NUnit3TestExecutor","Source":"C:\\Users\\VC\\Desktop\\mini-project\\FoodDeliveryWebAppSln\\FoodDeliveryAppTests\\bin\\Debug\\net6.0\\fine-code-coverage\\build-output\\FoodDeliveryAppTests.dll","CodeFilePath":null,"LineNumber":0,"Properties":[{"Key":{"Id":"NUnit.Seed","Label":"Seed","Category":"","Description":"","Attributes":0,"ValueType":"System.String"},"Value":"1083806919"}]},"Attachments":[],"Outcome":1,"ErrorMessage":null,"ErrorStackTrace":null,"DisplayName":"GetAllTest","Messages":[],"ComputerName":"DESKTOP-DPV93JG","Duration":"00:00:00.0034360","StartTime":"2024-05-30T18:35:29.5207937+00:00","EndTime":"2024-05-30T18:35:29.5242289+00:00","Properties":[{"Key":{"Id":"NUnit.Seed","Label":"Seed","Category":"","Description":"","Attributes":0,"ValueType":"System.String"},"Value":"1083806919"}]},{"TestCase":{"Id":"636e873b-4ed9-2f0a-9596-7d15aadbf0b2","FullyQualifiedName":"FoodDeliveryAppTests.repositorytests.CartDetailsTest.GetTest","DisplayName":"GetTest","ExecutorUri":"executor://NUnit3TestExecutor","Source":"C:\\Users\\VC\\Desktop\\mini-project\\FoodDeliveryWebAppSln\\FoodDeliveryAppTests\\bin\\Debug\\net6.0\\fine-code-coverage\\build-output\\FoodDeliveryAppTests.dll","CodeFilePath":null,"LineNumber":0,"Properties":[{"Key":{"Id":"NUnit.Seed","Label":"Seed","Category":"","Description":"","Attributes":0,"ValueType":"System.String"},"Value":"1877129457"}]},"Attachments":[],"Outcome":1,"ErrorMessage":null,"ErrorStackTrace":null,"DisplayName":"GetTest","Messages":[],"ComputerName":"DESKTOP-DPV93JG","Duration":"00:00:00.0008570","StartTime":"2024-05-30T18:35:29.5242435+00:00","EndTime":"2024-05-30T18:35:29.5250999+00:00","Properties":[{"Key":{"Id":"NUnit.Seed","Label":"Seed","Category":"","Description":"","Attributes":0,"ValueType":"System.String"},"Value":"1877129457"}]},{"TestCase":{"Id":"9ae5e6f1-2c18-cb40-6ddd-9dc507ea26d9","FullyQualifiedName":"FoodDeliveryAppTests.repositorytests.CartDetailsTest.GetTotalTest","DisplayName":"GetTotalTest","ExecutorUri":"executor://NUnit3TestExecutor","Source":"C:\\Users\\VC\\Desktop\\mini-project\\FoodDeliveryWebAppSln\\FoodDeliveryAppTests\\bin\\Debug\\net6.0\\fine-code-coverage\\build-output\\FoodDeliveryAppTests.dll","CodeFilePath":null,"LineNumber":0,"Properties":[{"Key":{"Id":"NUnit.Seed","Label":"Seed","Category":"","Description":"","Attributes":0,"ValueType":"System.String"},"Value":"795868231"}]},"Attachments":[],"Outcome":1,"ErrorMessage":null,"ErrorStackTrace":null,"DisplayName":"GetTotalTest","Messages":[],"ComputerName":"DESKTOP-DPV93JG","Duration":"00:00:00.0228110","StartTime":"2024-05-30T18:35:29.5251114+00:00","EndTime":"2024-05-30T18:35:29.547922+00:00","Properties":[{"Key":{"Id":"NUnit.Seed","Label":"Seed","Category":"","Description":"","Attributes":0,"ValueType":"System.String"},"Value":"795868231"}]},{"TestCase":{"Id":"472abda2-8446-4fb6-6329-42d4917f2f00","FullyQualifiedName":"FoodDeliveryAppTests.repositorytests.CartDetailsTest.UpdateTest","DisplayName":"UpdateTest","ExecutorUri":"executor://NUnit3TestExecutor","Source":"C:\\Users\\VC\\Desktop\\mini-project\\FoodDeliveryWebAppSln\\FoodDeliveryAppTests\\bin\\Debug\\net6.0\\fine-code-coverage\\build-output\\FoodDeliveryAppTests.dll","CodeFilePath":null,"LineNumber":0,"Properties":[{"Key":{"Id":"NUnit.Seed","Label":"Seed","Category":"","Description":"","Attributes":0,"ValueType":"System.String"},"Value":"1357714347"}]},"Attachments":[],"Outcome":1,"ErrorMessage":null,"ErrorStackTrace":null,"DisplayName":"UpdateTest","Messages":[],"ComputerName":"DESKTOP-DPV93JG","Duration":"00:00:00.0027120","StartTime":"2024-05-30T18:35:29.5479473+00:00","EndTime":"2024-05-30T18:35:29.5506587+00:00","Properties":[{"Key":{"Id":"NUnit.Seed","Label":"Seed","Category":"","Description":"","Attributes":0,"ValueType":"System.String"},"Value":"1357714347"}]},{"TestCase":{"Id":"718f46dc-3137-e004-05f4-cb37afc18740","FullyQualifiedName":"FoodDeliveryAppTests.repositorytests.CartTest.AddTest","DisplayName":"AddTest","ExecutorUri":"executor://NUnit3TestExecutor","Source":"C:\\Users\\VC\\Desktop\\mini-project\\FoodDeliveryWebAppSln\\FoodDeliveryAppTests\\bin\\Debug\\net6.0\\fine-code-coverage\\build-output\\FoodDeliveryAppTests.dll","CodeFilePath":null,"LineNumber":0,"Properties":[{"Key":{"Id":"NUnit.Seed","Label":"Seed","Category":"","Description":"","Attributes":0,"ValueType":"System.String"},"Value":"116068411"}]},"Attachments":[],"Outcome":1,"ErrorMessage":null,"ErrorStackTrace":null,"DisplayName":"AddTest","Messages":[],"ComputerName":"DESKTOP-DPV93JG","Duration":"00:00:00.0106000","StartTime":"2024-05-30T18:35:29.5508201+00:00","EndTime":"2024-05-30T18:35:29.5614202+00:00","Properties":[{"Key":{"Id":"NUnit.Seed","Label":"Seed","Category":"","Description":"","Attributes":0,"ValueType":"System.String"},"Value":"116068411"}]},{"TestCase":{"Id":"be03369c-d721-e102-b394-a85d3f5ee219","FullyQualifiedName":"FoodDeliveryAppTests.repositorytests.CartTest.DelTest","DisplayName":"DelTest","ExecutorUri":"executor://NUnit3TestExecutor","Source":"C:\\Users\\VC\\Desktop\\mini-project\\FoodDeliveryWebAppSln\\FoodDeliveryAppTests\\bin\\Debug\\net6.0\\fine-code-coverage\\build-output\\FoodDeliveryAppTests.dll","CodeFilePath":null,"LineNumber":0,"Properties":[{"Key":{"Id":"NUnit.Seed","Label":"Seed","Category":"","Description":"","Attributes":0,"ValueType":"System.String"},"Value":"1381848346"}]},"Attachments":[],"Outcome":1,"ErrorMessage":null,"ErrorStackTrace":null,"DisplayName":"DelTest","Messages":[],"ComputerName":"DESKTOP-DPV93JG","Duration":"00:00:00.0101990","StartTime":"2024-05-30T18:35:29.5614417+00:00","EndTime":"2024-05-30T18:35:29.5716407+00:00","Properties":[{"Key":{"Id":"NUnit.Seed","Label":"Seed","Category":"","Description":"","Attributes":0,"ValueType":"System.String"},"Value":"1381848346"}]},{"TestCase":{"Id":"b665a8cf-7fb3-cc25-5bf8-a6b806eefa06","FullyQualifiedName":"FoodDeliveryAppTests.repositorytests.CartTest.GetAllTest","DisplayName":"GetAllTest","ExecutorUri":"executor://NUnit3TestExecutor","Source":"C:\\Users\\VC\\Desktop\\mini-project\\FoodDeliveryWebAppSln\\FoodDeliveryAppTests\\bin\\Debug\\net6.0\\fine-code-coverage\\build-output\\FoodDeliveryAppTests.dll","CodeFilePath":null,"LineNumber":0,"Properties":[{"Key":{"Id":"NUnit.Seed","Label":"Seed","Category":"","Description":"","Attributes":0,"ValueType":"System.String"},"Value":"1713847116"}]},"Attachments":[],"Outcome":1,"ErrorMessage":null,"ErrorStackTrace":null,"DisplayName":"GetAllTest","Messages":[],"ComputerName":"DESKTOP-DPV93JG","Duration":"00:00:00.0045389","StartTime":"2024-05-30T18:35:29.5716668+00:00","EndTime":"2024-05-30T18:35:29.5762054+00:00","Properties":[{"Key":{"Id":"NUnit.Seed","Label":"Seed","Category":"","Description":"","Attributes":0,"ValueType":"System.String"},"Value":"1713847116"}]},{"TestCase":{"Id":"f4d0815e-808c-da01-42f6-d6d437daa4da","FullyQualifiedName":"FoodDeliveryAppTests.repositorytests.CartTest.GetTest","DisplayName":"GetTest","ExecutorUri":"executor://NUnit3TestExecutor","Source":"C:\\Users\\VC\\Desktop\\mini-project\\FoodDeliveryWebAppSln\\FoodDeliveryAppTests\\bin\\Debug\\net6.0\\fine-code-coverage\\build-output\\FoodDeliveryAppTests.dll","CodeFilePath":null,"LineNumber":0,"Properties":[{"Key":{"Id":"NUnit.Seed","Label":"Seed","Category":"","Description":"","Attributes":0,"ValueType":"System.String"},"Value":"17733614"}]},"Attachments":[],"Outcome":1,"ErrorMessage":null,"ErrorStackTrace":null,"DisplayName":"GetTest","Messages":[],"ComputerName":"DESKTOP-DPV93JG","Duration":"00:00:00.0010110","StartTime":"2024-05-30T18:35:29.5762254+00:00","EndTime":"2024-05-30T18:35:29.5772363+00:00","Properties":[{"Key":{"Id":"NUnit.Seed","Label":"Seed","Category":"","Description":"","Attributes":0,"ValueType":"System.String"},"Value":"17733614"}]}],"TestRunStatistics":{"ExecutedTests":18,"Stats":{"Passed":17,"Failed":1}},"ActiveTests":[{"Id":"24953c12-fc1b-27e2-b778-2a00f1ac988c","FullyQualifiedName":"FoodDeliveryAppTests.repositorytests.CartTest.UpdateTest","DisplayName":"UpdateTest","ExecutorUri":"executor://NUnit3TestExecutor","Source":"C:\\Users\\VC\\Desktop\\mini-project\\FoodDeliveryWebAppSln\\FoodDeliveryAppTests\\bin\\Debug\\net6.0\\fine-code-coverage\\build-output\\FoodDeliveryAppTests.dll","CodeFilePath":null,"LineNumber":0,"Properties":[{"Key":{"Id":"NUnit.Seed","Label":"Seed","Category":"","Description":"","Attributes":0,"ValueType":"System.String"},"Value":"1790608558"}]}]}}
TpTrace Verbose: 0 : 26768, 12, 2024/05/31, 00:05:29.585, 10648988500176, vstest.console.dll, TestRunRequest:SendTestRunStatsChange: Starting.
TpTrace Verbose: 0 : 26768, 12, 2024/05/31, 00:05:29.585, 10648988500975, vstest.console.dll, InProgress is UpdateTest
TpTrace Verbose: 0 : 26768, 12, 2024/05/31, 00:05:29.585, 10648988501489, vstest.console.dll, MulticastDelegateUtilities.SafeInvoke: TestRun.RunStatsChanged: Invoking callbacks was skipped because there are no subscribers.
TpTrace Information: 0 : 26768, 12, 2024/05/31, 00:05:29.585, 10648988501717, vstest.console.dll, TestRunRequest:SendTestRunStatsChange: Completed.
TpTrace Verbose: 0 : 26768, 12, 2024/05/31, 00:05:29.585, 10648988502061, vstest.console.dll, MulticastDelegateUtilities.SafeInvoke: LengthPrefixCommunicationChannel: MessageReceived: Invoking callback 1/1 for Microsoft.VisualStudio.TestPlatform.CommunicationUtilities.TestRequestSender+<>c__DisplayClass34_0., took 1 ms.
TpTrace Verbose: 0 : 26768, 12, 2024/05/31, 00:05:29.585, 10648988502360, vstest.console.dll, TcpClientExtensions.MessageLoopAsync: Polling on remoteEndPoint: 127.0.0.1:62910 localEndPoint: 127.0.0.1:62909 after 14 ms
TpTrace Verbose: 0 : 26768, 4, 2024/05/31, 00:05:29.585, 10648988503737, vstest.console.dll, MulticastDelegateUtilities.SafeInvoke: InternalTestLoggerEvents.SendTestResult: Invoking callback 1/1 for Microsoft.VisualStudio.TestPlatform.CommandLine.Internal.ConsoleLogger., took 0 ms.
TpTrace Verbose: 0 : 26768, 4, 2024/05/31, 00:05:29.585, 10648988504724, vstest.console.dll, MulticastDelegateUtilities.SafeInvoke: InternalTestLoggerEvents.SendTestResult: Invoking callback 1/1 for Microsoft.VisualStudio.TestPlatform.CommandLine.Internal.ConsoleLogger., took 0 ms.
TpTrace Verbose: 0 : 26768, 4, 2024/05/31, 00:05:29.585, 10648988505292, vstest.console.dll, MulticastDelegateUtilities.SafeInvoke: InternalTestLoggerEvents.SendTestResult: Invoking callback 1/1 for Microsoft.VisualStudio.TestPlatform.CommandLine.Internal.ConsoleLogger., took 0 ms.
TpTrace Verbose: 0 : 26768, 4, 2024/05/31, 00:05:29.585, 10648988505860, vstest.console.dll, MulticastDelegateUtilities.SafeInvoke: InternalTestLoggerEvents.SendTestResult: Invoking callback 1/1 for Microsoft.VisualStudio.TestPlatform.CommandLine.Internal.ConsoleLogger., took 0 ms.
TpTrace Verbose: 0 : 26768, 4, 2024/05/31, 00:05:29.585, 10648988506320, vstest.console.dll, MulticastDelegateUtilities.SafeInvoke: InternalTestLoggerEvents.SendTestResult: Invoking callback 1/1 for Microsoft.VisualStudio.TestPlatform.CommandLine.Internal.ConsoleLogger., took 0 ms.
TpTrace Verbose: 0 : 26768, 4, 2024/05/31, 00:05:29.585, 10648988506744, vstest.console.dll, MulticastDelegateUtilities.SafeInvoke: InternalTestLoggerEvents.SendTestResult: Invoking callback 1/1 for Microsoft.VisualStudio.TestPlatform.CommandLine.Internal.ConsoleLogger., took 0 ms.
TpTrace Verbose: 0 : 26768, 4, 2024/05/31, 00:05:29.585, 10648988507168, vstest.console.dll, MulticastDelegateUtilities.SafeInvoke: InternalTestLoggerEvents.SendTestResult: Invoking callback 1/1 for Microsoft.VisualStudio.TestPlatform.CommandLine.Internal.ConsoleLogger., took 0 ms.
TpTrace Verbose: 0 : 26768, 4, 2024/05/31, 00:05:29.585, 10648988507571, vstest.console.dll, MulticastDelegateUtilities.SafeInvoke: InternalTestLoggerEvents.SendTestResult: Invoking callback 1/1 for Microsoft.VisualStudio.TestPlatform.CommandLine.Internal.ConsoleLogger., took 0 ms.
TpTrace Verbose: 0 : 26768, 4, 2024/05/31, 00:05:29.586, 10648988517315, vstest.console.dll, MulticastDelegateUtilities.SafeInvoke: InternalTestLoggerEvents.SendTestResult: Invoking callback 1/1 for Microsoft.VisualStudio.TestPlatform.CommandLine.Internal.ConsoleLogger., took 0 ms.
TpTrace Verbose: 0 : 26768, 12, 2024/05/31, 00:05:29.633, 10648988982293, vstest.console.dll, TcpClientExtensions.MessageLoopAsync: NotifyDataAvailable remoteEndPoint: 127.0.0.1:62910 localEndPoint: 127.0.0.1:62909
TpTrace Verbose: 0 : 26768, 12, 2024/05/31, 00:05:29.633, 10648988985478, vstest.console.dll, TestRequestSender.OnExecutionMessageReceived: Received message: {"Version":7,"MessageType":"TestExecution.StatsChange","Payload":{"NewTestResults":[{"TestCase":{"Id":"24953c12-fc1b-27e2-b778-2a00f1ac988c","FullyQualifiedName":"FoodDeliveryAppTests.repositorytests.CartTest.UpdateTest","DisplayName":"UpdateTest","ExecutorUri":"executor://NUnit3TestExecutor","Source":"C:\\Users\\VC\\Desktop\\mini-project\\FoodDeliveryWebAppSln\\FoodDeliveryAppTests\\bin\\Debug\\net6.0\\fine-code-coverage\\build-output\\FoodDeliveryAppTests.dll","CodeFilePath":null,"LineNumber":0,"Properties":[{"Key":{"Id":"NUnit.Seed","Label":"Seed","Category":"","Description":"","Attributes":0,"ValueType":"System.String"},"Value":"1790608558"}]},"Attachments":[],"Outcome":1,"ErrorMessage":null,"ErrorStackTrace":null,"DisplayName":"UpdateTest","Messages":[],"ComputerName":"DESKTOP-DPV93JG","Duration":"00:00:00.0077810","StartTime":"2024-05-30T18:35:29.5772484+00:00","EndTime":"2024-05-30T18:35:29.5850294+00:00","Properties":[{"Key":{"Id":"NUnit.Seed","Label":"Seed","Category":"","Description":"","Attributes":0,"ValueType":"System.String"},"Value":"1790608558"}]},{"TestCase":{"Id":"34525681-f5f3-5135-9759-d6ffbb4983e6","FullyQualifiedName":"FoodDeliveryAppTests.repositorytests.CustomerTest.AddTest","DisplayName":"AddTest","ExecutorUri":"executor://NUnit3TestExecutor","Source":"C:\\Users\\VC\\Desktop\\mini-project\\FoodDeliveryWebAppSln\\FoodDeliveryAppTests\\bin\\Debug\\net6.0\\fine-code-coverage\\build-output\\FoodDeliveryAppTests.dll","CodeFilePath":null,"LineNumber":0,"Properties":[{"Key":{"Id":"NUnit.Seed","Label":"Seed","Category":"","Description":"","Attributes":0,"ValueType":"System.String"},"Value":"501029957"}]},"Attachments":[],"Outcome":1,"ErrorMessage":null,"ErrorStackTrace":null,"DisplayName":"AddTest","Messages":[],"ComputerName":"DESKTOP-DPV93JG","Duration":"00:00:00.0090980","StartTime":"2024-05-30T18:35:29.5851605+00:00","EndTime":"2024-05-30T18:35:29.5942584+00:00","Properties":[{"Key":{"Id":"NUnit.Seed","Label":"Seed","Category":"","Description":"","Attributes":0,"ValueType":"System.String"},"Value":"501029957"}]},{"TestCase":{"Id":"8666f4f2-b496-6399-4a3c-646c675da8c6","FullyQualifiedName":"FoodDeliveryAppTests.repositorytests.CustomerTest.DelTest","DisplayName":"DelTest","ExecutorUri":"executor://NUnit3TestExecutor","Source":"C:\\Users\\VC\\Desktop\\mini-project\\FoodDeliveryWebAppSln\\FoodDeliveryAppTests\\bin\\Debug\\net6.0\\fine-code-coverage\\build-output\\FoodDeliveryAppTests.dll","CodeFilePath":null,"LineNumber":0,"Properties":[{"Key":{"Id":"NUnit.Seed","Label":"Seed","Category":"","Description":"","Attributes":0,"ValueType":"System.String"},"Value":"287187707"}]},"Attachments":[],"Outcome":1,"ErrorMessage":null,"ErrorStackTrace":null,"DisplayName":"DelTest","Messages":[],"ComputerName":"DESKTOP-DPV93JG","Duration":"00:00:00.0078400","StartTime":"2024-05-30T18:35:29.5942771+00:00","EndTime":"2024-05-30T18:35:29.6021166+00:00","Properties":[{"Key":{"Id":"NUnit.Seed","Label":"Seed","Category":"","Description":"","Attributes":0,"ValueType":"System.String"},"Value":"287187707"}]},{"TestCase":{"Id":"05d9652a-758e-c7d1-1481-e18fb45ba12e","FullyQualifiedName":"FoodDeliveryAppTests.repositorytests.CustomerTest.GetAllTest","DisplayName":"GetAllTest","ExecutorUri":"executor://NUnit3TestExecutor","Source":"C:\\Users\\VC\\Desktop\\mini-project\\FoodDeliveryWebAppSln\\FoodDeliveryAppTests\\bin\\Debug\\net6.0\\fine-code-coverage\\build-output\\FoodDeliveryAppTests.dll","CodeFilePath":null,"LineNumber":0,"Properties":[{"Key":{"Id":"NUnit.Seed","Label":"Seed","Category":"","Description":"","Attributes":0,"ValueType":"System.String"},"Value":"1211481122"}]},"Attachments":[],"Outcome":1,"ErrorMessage":null,"ErrorStackTrace":null,"DisplayName":"GetAllTest","Messages":[],"ComputerName":"DESKTOP-DPV93JG","Duration":"00:00:00.0047840","StartTime":"2024-05-30T18:35:29.6021451+00:00","EndTime":"2024-05-30T18:35:29.606929+00:00","Properties":[{"Key":{"Id":"NUnit.Seed","Label":"Seed","Category":"","Description":"","Attributes":0,"ValueType":"System.String"},"Value":"1211481122"}]},{"TestCase":{"Id":"fe84005d-c02d-0c41-9fc0-1c888b7815a2","FullyQualifiedName":"FoodDeliveryAppTests.repositorytests.CustomerTest.GetTest","DisplayName":"GetTest","ExecutorUri":"executor://NUnit3TestExecutor","Source":"C:\\Users\\VC\\Desktop\\mini-project\\FoodDeliveryWebAppSln\\FoodDeliveryAppTests\\bin\\Debug\\net6.0\\fine-code-coverage\\build-output\\FoodDeliveryAppTests.dll","CodeFilePath":null,"LineNumber":0,"Properties":[{"Key":{"Id":"NUnit.Seed","Label":"Seed","Category":"","Description":"","Attributes":0,"ValueType":"System.String"},"Value":"124607085"}]},"Attachments":[],"Outcome":1,"ErrorMessage":null,"ErrorStackTrace":null,"DisplayName":"GetTest","Messages":[],"ComputerName":"DESKTOP-DPV93JG","Duration":"00:00:00.0011090","StartTime":"2024-05-30T18:35:29.606951+00:00","EndTime":"2024-05-30T18:35:29.6080597+00:00","Properties":[{"Key":{"Id":"NUnit.Seed","Label":"Seed","Category":"","Description":"","Attributes":0,"ValueType":"System.String"},"Value":"124607085"}]},{"TestCase":{"Id":"a52c148b-a598-347d-557a-f58adfb0c2de","FullyQualifiedName":"FoodDeliveryAppTests.repositorytests.CustomerTest.UpdateTest","DisplayName":"UpdateTest","ExecutorUri":"executor://NUnit3TestExecutor","Source":"C:\\Users\\VC\\Desktop\\mini-project\\FoodDeliveryWebAppSln\\FoodDeliveryAppTests\\bin\\Debug\\net6.0\\fine-code-coverage\\build-output\\FoodDeliveryAppTests.dll","CodeFilePath":null,"LineNumber":0,"Properties":[{"Key":{"Id":"NUnit.Seed","Label":"Seed","Category":"","Description":"","Attributes":0,"ValueType":"System.String"},"Value":"1945684522"}]},"Attachments":[],"Outcome":1,"ErrorMessage":null,"ErrorStackTrace":null,"DisplayName":"UpdateTest","Messages":[],"ComputerName":"DESKTOP-DPV93JG","Duration":"00:00:00.0014640","StartTime":"2024-05-30T18:35:29.6080734+00:00","EndTime":"2024-05-30T18:35:29.6095371+00:00","Properties":[{"Key":{"Id":"NUnit.Seed","Label":"Seed","Category":"","Description":"","Attributes":0,"ValueType":"System.String"},"Value":"1945684522"}]},{"TestCase":{"Id":"578feecd-49f7-6144-2b47-45d8af58a015","FullyQualifiedName":"FoodDeliveryAppTests.repositorytests.FbCommentTest.AddTest","DisplayName":"AddTest","ExecutorUri":"executor://NUnit3TestExecutor","Source":"C:\\Users\\VC\\Desktop\\mini-project\\FoodDeliveryWebAppSln\\FoodDeliveryAppTests\\bin\\Debug\\net6.0\\fine-code-coverage\\build-output\\FoodDeliveryAppTests.dll","CodeFilePath":null,"LineNumber":0,"Properties":[{"Key":{"Id":"NUnit.Seed","Label":"Seed","Category":"","Description":"","Attributes":0,"ValueType":"System.String"},"Value":"77656779"}]},"Attachments":[],"Outcome":1,"ErrorMessage":null,"ErrorStackTrace":null,"DisplayName":"AddTest","Messages":[],"ComputerName":"DESKTOP-DPV93JG","Duration":"00:00:00.0102690","StartTime":"2024-05-30T18:35:29.6096431+00:00","EndTime":"2024-05-30T18:35:29.6199117+00:00","Properties":[{"Key":{"Id":"NUnit.Seed","Label":"Seed","Category":"","Description":"","Attributes":0,"ValueType":"System.String"},"Value":"77656779"}]},{"TestCase":{"Id":"efd44e5b-81f4-31aa-d50d-4ca65d797ff1","FullyQualifiedName":"FoodDeliveryAppTests.repositorytests.FbCommentTest.DelTest","DisplayName":"DelTest","ExecutorUri":"executor://NUnit3TestExecutor","Source":"C:\\Users\\VC\\Desktop\\mini-project\\FoodDeliveryWebAppSln\\FoodDeliveryAppTests\\bin\\Debug\\net6.0\\fine-code-coverage\\build-output\\FoodDeliveryAppTests.dll","CodeFilePath":null,"LineNumber":0,"Properties":[{"Key":{"Id":"NUnit.Seed","Label":"Seed","Category":"","Description":"","Attributes":0,"ValueType":"System.String"},"Value":"487857969"}]},"Attachments":[],"Outcome":1,"ErrorMessage":null,"ErrorStackTrace":null,"DisplayName":"DelTest","Messages":[],"ComputerName":"DESKTOP-DPV93JG","Duration":"00:00:00.0059950","StartTime":"2024-05-30T18:35:29.6199333+00:00","EndTime":"2024-05-30T18:35:29.625928+00:00","Properties":[{"Key":{"Id":"NUnit.Seed","Label":"Seed","Category":"","Description":"","Attributes":0,"ValueType":"System.String"},"Value":"487857969"}]},{"TestCase":{"Id":"ce02be89-9c7d-cacb-5e59-c4cae49260ee","FullyQualifiedName":"FoodDeliveryAppTests.repositorytests.FbCommentTest.GetAllTest","DisplayName":"GetAllTest","ExecutorUri":"executor://NUnit3TestExecutor","Source":"C:\\Users\\VC\\Desktop\\mini-project\\FoodDeliveryWebAppSln\\FoodDeliveryAppTests\\bin\\Debug\\net6.0\\fine-code-coverage\\build-output\\FoodDeliveryAppTests.dll","CodeFilePath":null,"LineNumber":0,"Properties":[{"Key":{"Id":"NUnit.Seed","Label":"Seed","Category":"","Description":"","Attributes":0,"ValueType":"System.String"},"Value":"1979787474"}]},"Attachments":[],"Outcome":1,"ErrorMessage":null,"ErrorStackTrace":null,"DisplayName":"GetAllTest","Messages":[],"ComputerName":"DESKTOP-DPV93JG","Duration":"00:00:00.0051170","StartTime":"2024-05-30T18:35:29.6259461+00:00","EndTime":"2024-05-30T18:35:29.6310628+00:00","Properties":[{"Key":{"Id":"NUnit.Seed","Label":"Seed","Category":"","Description":"","Attributes":0,"ValueType":"System.String"},"Value":"1979787474"}]}],"TestRunStatistics":{"ExecutedTests":27,"Stats":{"Passed":26,"Failed":1}},"ActiveTests":[{"Id":"2b9eea71-6e64-b0cb-d32f-5a3ab69c712a","FullyQualifiedName":"FoodDeliveryAppTests.repositorytests.FbCommentTest.GetByFbIdTest","DisplayName":"GetByFbIdTest","ExecutorUri":"executor://NUnit3TestExecutor","Source":"C:\\Users\\VC\\Desktop\\mini-project\\FoodDeliveryWebAppSln\\FoodDeliveryAppTests\\bin\\Debug\\net6.0\\fine-code-coverage\\build-output\\FoodDeliveryAppTests.dll","CodeFilePath":null,"LineNumber":0,"Properties":[{"Key":{"Id":"NUnit.Seed","Label":"Seed","Category":"","Description":"","Attributes":0,"ValueType":"System.String"},"Value":"1371540767"}]}]}}
TpTrace Verbose: 0 : 26768, 12, 2024/05/31, 00:05:29.635, 10648989004203, vstest.console.dll, TestRunRequest:SendTestRunStatsChange: Starting.
TpTrace Verbose: 0 : 26768, 12, 2024/05/31, 00:05:29.635, 10648989004943, vstest.console.dll, InProgress is GetByFbIdTest
TpTrace Verbose: 0 : 26768, 12, 2024/05/31, 00:05:29.635, 10648989005466, vstest.console.dll, MulticastDelegateUtilities.SafeInvoke: TestRun.RunStatsChanged: Invoking callbacks was skipped because there are no subscribers.
TpTrace Information: 0 : 26768, 12, 2024/05/31, 00:05:29.635, 10648989005751, vstest.console.dll, TestRunRequest:SendTestRunStatsChange: Completed.
TpTrace Verbose: 0 : 26768, 12, 2024/05/31, 00:05:29.635, 10648989006072, vstest.console.dll, MulticastDelegateUtilities.SafeInvoke: LengthPrefixCommunicationChannel: MessageReceived: Invoking callback 1/1 for Microsoft.VisualStudio.TestPlatform.CommunicationUtilities.TestRequestSender+<>c__DisplayClass34_0., took 2 ms.
TpTrace Verbose: 0 : 26768, 4, 2024/05/31, 00:05:29.635, 10648989006080, vstest.console.dll, MulticastDelegateUtilities.SafeInvoke: InternalTestLoggerEvents.SendTestResult: Invoking callback 1/1 for Microsoft.VisualStudio.TestPlatform.CommandLine.Internal.ConsoleLogger., took 0 ms.
TpTrace Verbose: 0 : 26768, 12, 2024/05/31, 00:05:29.635, 10648989006459, vstest.console.dll, TcpClientExtensions.MessageLoopAsync: Polling on remoteEndPoint: 127.0.0.1:62910 localEndPoint: 127.0.0.1:62909 after 50 ms
TpTrace Verbose: 0 : 26768, 4, 2024/05/31, 00:05:29.635, 10648989007000, vstest.console.dll, MulticastDelegateUtilities.SafeInvoke: InternalTestLoggerEvents.SendTestResult: Invoking callback 1/1 for Microsoft.VisualStudio.TestPlatform.CommandLine.Internal.ConsoleLogger., took 0 ms.
TpTrace Verbose: 0 : 26768, 4, 2024/05/31, 00:05:29.635, 10648989007558, vstest.console.dll, MulticastDelegateUtilities.SafeInvoke: InternalTestLoggerEvents.SendTestResult: Invoking callback 1/1 for Microsoft.VisualStudio.TestPlatform.CommandLine.Internal.ConsoleLogger., took 0 ms.
TpTrace Verbose: 0 : 26768, 4, 2024/05/31, 00:05:29.635, 10648989007867, vstest.console.dll, MulticastDelegateUtilities.SafeInvoke: InternalTestLoggerEvents.SendTestResult: Invoking callback 1/1 for Microsoft.VisualStudio.TestPlatform.CommandLine.Internal.ConsoleLogger., took 0 ms.
TpTrace Verbose: 0 : 26768, 4, 2024/05/31, 00:05:29.635, 10648989008133, vstest.console.dll, MulticastDelegateUtilities.SafeInvoke: InternalTestLoggerEvents.SendTestResult: Invoking callback 1/1 for Microsoft.VisualStudio.TestPlatform.CommandLine.Internal.ConsoleLogger., took 0 ms.
TpTrace Verbose: 0 : 26768, 4, 2024/05/31, 00:05:29.635, 10648989008400, vstest.console.dll, MulticastDelegateUtilities.SafeInvoke: InternalTestLoggerEvents.SendTestResult: Invoking callback 1/1 for Microsoft.VisualStudio.TestPlatform.CommandLine.Internal.ConsoleLogger., took 0 ms.
TpTrace Verbose: 0 : 26768, 4, 2024/05/31, 00:05:29.635, 10648989008667, vstest.console.dll, MulticastDelegateUtilities.SafeInvoke: InternalTestLoggerEvents.SendTestResult: Invoking callback 1/1 for Microsoft.VisualStudio.TestPlatform.CommandLine.Internal.ConsoleLogger., took 0 ms.
TpTrace Verbose: 0 : 26768, 4, 2024/05/31, 00:05:29.635, 10648989008923, vstest.console.dll, MulticastDelegateUtilities.SafeInvoke: InternalTestLoggerEvents.SendTestResult: Invoking callback 1/1 for Microsoft.VisualStudio.TestPlatform.CommandLine.Internal.ConsoleLogger., took 0 ms.
TpTrace Verbose: 0 : 26768, 4, 2024/05/31, 00:05:29.635, 10648989009194, vstest.console.dll, MulticastDelegateUtilities.SafeInvoke: InternalTestLoggerEvents.SendTestResult: Invoking callback 1/1 for Microsoft.VisualStudio.TestPlatform.CommandLine.Internal.ConsoleLogger., took 0 ms.
TpTrace Verbose: 0 : 26768, 12, 2024/05/31, 00:05:29.691, 10648989566206, vstest.console.dll, TcpClientExtensions.MessageLoopAsync: NotifyDataAvailable remoteEndPoint: 127.0.0.1:62910 localEndPoint: 127.0.0.1:62909
TpTrace Verbose: 0 : 26768, 12, 2024/05/31, 00:05:29.691, 10648989568457, vstest.console.dll, TestRequestSender.OnExecutionMessageReceived: Received message: {"Version":7,"MessageType":"TestExecution.StatsChange","Payload":{"NewTestResults":[{"TestCase":{"Id":"2b9eea71-6e64-b0cb-d32f-5a3ab69c712a","FullyQualifiedName":"FoodDeliveryAppTests.repositorytests.FbCommentTest.GetByFbIdTest","DisplayName":"GetByFbIdTest","ExecutorUri":"executor://NUnit3TestExecutor","Source":"C:\\Users\\VC\\Desktop\\mini-project\\FoodDeliveryWebAppSln\\FoodDeliveryAppTests\\bin\\Debug\\net6.0\\fine-code-coverage\\build-output\\FoodDeliveryAppTests.dll","CodeFilePath":null,"LineNumber":0,"Properties":[{"Key":{"Id":"NUnit.Seed","Label":"Seed","Category":"","Description":"","Attributes":0,"ValueType":"System.String"},"Value":"1371540767"}]},"Attachments":[],"Outcome":1,"ErrorMessage":null,"ErrorStackTrace":null,"DisplayName":"GetByFbIdTest","Messages":[],"ComputerName":"DESKTOP-DPV93JG","Duration":"00:00:00.0058440","StartTime":"2024-05-30T18:35:29.6310959+00:00","EndTime":"2024-05-30T18:35:29.6369396+00:00","Properties":[{"Key":{"Id":"NUnit.Seed","Label":"Seed","Category":"","Description":"","Attributes":0,"ValueType":"System.String"},"Value":"1371540767"}]},{"TestCase":{"Id":"e53df29c-57cd-3d93-1415-0acc41e4ef16","FullyQualifiedName":"FoodDeliveryAppTests.repositorytests.FbCommentTest.GetTest","DisplayName":"GetTest","ExecutorUri":"executor://NUnit3TestExecutor","Source":"C:\\Users\\VC\\Desktop\\mini-project\\FoodDeliveryWebAppSln\\FoodDeliveryAppTests\\bin\\Debug\\net6.0\\fine-code-coverage\\build-output\\FoodDeliveryAppTests.dll","CodeFilePath":null,"LineNumber":0,"Properties":[{"Key":{"Id":"NUnit.Seed","Label":"Seed","Category":"","Description":"","Attributes":0,"ValueType":"System.String"},"Value":"1807821773"}]},"Attachments":[],"Outcome":1,"ErrorMessage":null,"ErrorStackTrace":null,"DisplayName":"GetTest","Messages":[],"ComputerName":"DESKTOP-DPV93JG","Duration":"00:00:00.0008920","StartTime":"2024-05-30T18:35:29.6369606+00:00","EndTime":"2024-05-30T18:35:29.6378526+00:00","Properties":[{"Key":{"Id":"NUnit.Seed","Label":"Seed","Category":"","Description":"","Attributes":0,"ValueType":"System.String"},"Value":"1807821773"}]},{"TestCase":{"Id":"9874805a-0a14-4be9-cde4-db03b3d5d7f0","FullyQualifiedName":"FoodDeliveryAppTests.repositorytests.FbCommentTest.UpdateTest","DisplayName":"UpdateTest","ExecutorUri":"executor://NUnit3TestExecutor","Source":"C:\\Users\\VC\\Desktop\\mini-project\\FoodDeliveryWebAppSln\\FoodDeliveryAppTests\\bin\\Debug\\net6.0\\fine-code-coverage\\build-output\\FoodDeliveryAppTests.dll","CodeFilePath":null,"LineNumber":0,"Properties":[{"Key":{"Id":"NUnit.Seed","Label":"Seed","Category":"","Description":"","Attributes":0,"ValueType":"System.String"},"Value":"1518044355"}]},"Attachments":[],"Outcome":1,"ErrorMessage":null,"ErrorStackTrace":null,"DisplayName":"UpdateTest","Messages":[],"ComputerName":"DESKTOP-DPV93JG","Duration":"00:00:00.0012900","StartTime":"2024-05-30T18:35:29.6378624+00:00","EndTime":"2024-05-30T18:35:29.6391527+00:00","Properties":[{"Key":{"Id":"NUnit.Seed","Label":"Seed","Category":"","Description":"","Attributes":0,"ValueType":"System.String"},"Value":"1518044355"}]},{"TestCase":{"Id":"6ce02800-9251-b56d-9197-017eb82708aa","FullyQualifiedName":"FoodDeliveryAppTests.repositorytests.FeedbackTest.AddTest","DisplayName":"AddTest","ExecutorUri":"executor://NUnit3TestExecutor","Source":"C:\\Users\\VC\\Desktop\\mini-project\\FoodDeliveryWebAppSln\\FoodDeliveryAppTests\\bin\\Debug\\net6.0\\fine-code-coverage\\build-output\\FoodDeliveryAppTests.dll","CodeFilePath":null,"LineNumber":0,"Properties":[{"Key":{"Id":"NUnit.Seed","Label":"Seed","Category":"","Description":"","Attributes":0,"ValueType":"System.String"},"Value":"1161329814"}]},"Attachments":[],"Outcome":1,"ErrorMessage":null,"ErrorStackTrace":null,"DisplayName":"AddTest","Messages":[],"ComputerName":"DESKTOP-DPV93JG","Duration":"00:00:00.0240310","StartTime":"2024-05-30T18:35:29.6392421+00:00","EndTime":"2024-05-30T18:35:29.6632731+00:00","Properties":[{"Key":{"Id":"NUnit.Seed","Label":"Seed","Category":"","Description":"","Attributes":0,"ValueType":"System.String"},"Value":"1161329814"}]},{"TestCase":{"Id":"646732b8-d094-e7fd-95d7-8981d7fb3be8","FullyQualifiedName":"FoodDeliveryAppTests.repositorytests.FeedbackTest.DelTest","DisplayName":"DelTest","ExecutorUri":"executor://NUnit3TestExecutor","Source":"C:\\Users\\VC\\Desktop\\mini-project\\FoodDeliveryWebAppSln\\FoodDeliveryAppTests\\bin\\Debug\\net6.0\\fine-code-coverage\\build-output\\FoodDeliveryAppTests.dll","CodeFilePath":null,"LineNumber":0,"Properties":[{"Key":{"Id":"NUnit.Seed","Label":"Seed","Category":"","Description":"","Attributes":0,"ValueType":"System.String"},"Value":"957495390"}]},"Attachments":[],"Outcome":1,"ErrorMessage":null,"ErrorStackTrace":null,"DisplayName":"DelTest","Messages":[],"ComputerName":"DESKTOP-DPV93JG","Duration":"00:00:00.0072210","StartTime":"2024-05-30T18:35:29.6633024+00:00","EndTime":"2024-05-30T18:35:29.670523+00:00","Properties":[{"Key":{"Id":"NUnit.Seed","Label":"Seed","Category":"","Description":"","Attributes":0,"ValueType":"System.String"},"Value":"957495390"}]},{"TestCase":{"Id":"2633e7af-a2b9-b595-b925-2257e3fec8ed","FullyQualifiedName":"FoodDeliveryAppTests.repositorytests.FeedbackTest.GetAllTest","DisplayName":"GetAllTest","ExecutorUri":"executor://NUnit3TestExecutor","Source":"C:\\Users\\VC\\Desktop\\mini-project\\FoodDeliveryWebAppSln\\FoodDeliveryAppTests\\bin\\Debug\\net6.0\\fine-code-coverage\\build-output\\FoodDeliveryAppTests.dll","CodeFilePath":null,"LineNumber":0,"Properties":[{"Key":{"Id":"NUnit.Seed","Label":"Seed","Category":"","Description":"","Attributes":0,"ValueType":"System.String"},"Value":"1118982203"}]},"Attachments":[],"Outcome":1,"ErrorMessage":null,"ErrorStackTrace":null,"DisplayName":"GetAllTest","Messages":[],"ComputerName":"DESKTOP-DPV93JG","Duration":"00:00:00.0060260","StartTime":"2024-05-30T18:35:29.6705444+00:00","EndTime":"2024-05-30T18:35:29.6765699+00:00","Properties":[{"Key":{"Id":"NUnit.Seed","Label":"Seed","Category":"","Description":"","Attributes":0,"ValueType":"System.String"},"Value":"1118982203"}]},{"TestCase":{"Id":"73fef560-7926-7d28-0bfa-7a77dcee2868","FullyQualifiedName":"FoodDeliveryAppTests.repositorytests.FeedbackTest.GetTest","DisplayName":"GetTest","ExecutorUri":"executor://NUnit3TestExecutor","Source":"C:\\Users\\VC\\Desktop\\mini-project\\FoodDeliveryWebAppSln\\FoodDeliveryAppTests\\bin\\Debug\\net6.0\\fine-code-coverage\\build-output\\FoodDeliveryAppTests.dll","CodeFilePath":null,"LineNumber":0,"Properties":[{"Key":{"Id":"NUnit.Seed","Label":"Seed","Category":"","Description":"","Attributes":0,"ValueType":"System.String"},"Value":"133131048"}]},"Attachments":[],"Outcome":1,"ErrorMessage":null,"ErrorStackTrace":null,"DisplayName":"GetTest","Messages":[],"ComputerName":"DESKTOP-DPV93JG","Duration":"00:00:00.0011890","StartTime":"2024-05-30T18:35:29.6765947+00:00","EndTime":"2024-05-30T18:35:29.6777839+00:00","Properties":[{"Key":{"Id":"NUnit.Seed","Label":"Seed","Category":"","Description":"","Attributes":0,"ValueType":"System.String"},"Value":"133131048"}]},{"TestCase":{"Id":"f85815d5-dfce-edc1-44b7-73e3b5ea1272","FullyQualifiedName":"FoodDeliveryAppTests.repositorytests.FeedbackTest.UpdateTest","DisplayName":"UpdateTest","ExecutorUri":"executor://NUnit3TestExecutor","Source":"C:\\Users\\VC\\Desktop\\mini-project\\FoodDeliveryWebAppSln\\FoodDeliveryAppTests\\bin\\Debug\\net6.0\\fine-code-coverage\\build-output\\FoodDeliveryAppTests.dll","CodeFilePath":null,"LineNumber":0,"Properties":[{"Key":{"Id":"NUnit.Seed","Label":"Seed","Category":"","Description":"","Attributes":0,"ValueType":"System.String"},"Value":"46092547"}]},"Attachments":[],"Outcome":1,"ErrorMessage":null,"ErrorStackTrace":null,"DisplayName":"UpdateTest","Messages":[],"ComputerName":"DESKTOP-DPV93JG","Duration":"00:00:00.0023270","StartTime":"2024-05-30T18:35:29.6777987+00:00","EndTime":"2024-05-30T18:35:29.6801254+00:00","Properties":[{"Key":{"Id":"NUnit.Seed","Label":"Seed","Category":"","Description":"","Attributes":0,"ValueType":"System.String"},"Value":"46092547"}]},{"TestCase":{"Id":"a33ac487-79ea-1a11-75af-f4d576b2edc5","FullyQualifiedName":"FoodDeliveryAppTests.repositorytests.MenuTest.AddTest","DisplayName":"AddTest","ExecutorUri":"executor://NUnit3TestExecutor","Source":"C:\\Users\\VC\\Desktop\\mini-project\\FoodDeliveryWebAppSln\\FoodDeliveryAppTests\\bin\\Debug\\net6.0\\fine-code-coverage\\build-output\\FoodDeliveryAppTests.dll","CodeFilePath":null,"LineNumber":0,"Properties":[{"Key":{"Id":"NUnit.Seed","Label":"Seed","Category":"","Description":"","Attributes":0,"ValueType":"System.String"},"Value":"1348123193"}]},"Attachments":[],"Outcome":1,"ErrorMessage":null,"ErrorStackTrace":null,"DisplayName":"AddTest","Messages":[],"ComputerName":"DESKTOP-DPV93JG","Duration":"00:00:00.0090660","StartTime":"2024-05-30T18:35:29.6802716+00:00","EndTime":"2024-05-30T18:35:29.6893371+00:00","Properties":[{"Key":{"Id":"NUnit.Seed","Label":"Seed","Category":"","Description":"","Attributes":0,"ValueType":"System.String"},"Value":"1348123193"}]}],"TestRunStatistics":{"ExecutedTests":36,"Stats":{"Passed":35,"Failed":1}},"ActiveTests":[{"Id":"096c3229-58f4-af43-d30e-1d2f9385f9f4","FullyQualifiedName":"FoodDeliveryAppTests.repositorytests.MenuTest.DelTest","DisplayName":"DelTest","ExecutorUri":"executor://NUnit3TestExecutor","Source":"C:\\Users\\VC\\Desktop\\mini-project\\FoodDeliveryWebAppSln\\FoodDeliveryAppTests\\bin\\Debug\\net6.0\\fine-code-coverage\\build-output\\FoodDeliveryAppTests.dll","CodeFilePath":null,"LineNumber":0,"Properties":[{"Key":{"Id":"NUnit.Seed","Label":"Seed","Category":"","Description":"","Attributes":0,"ValueType":"System.String"},"Value":"1231299979"}]}]}}
TpTrace Verbose: 0 : 26768, 12, 2024/05/31, 00:05:29.693, 10648989582879, vstest.console.dll, TestRunRequest:SendTestRunStatsChange: Starting.
TpTrace Verbose: 0 : 26768, 12, 2024/05/31, 00:05:29.693, 10648989583595, vstest.console.dll, InProgress is DelTest
TpTrace Verbose: 0 : 26768, 12, 2024/05/31, 00:05:29.693, 10648989584122, vstest.console.dll, MulticastDelegateUtilities.SafeInvoke: TestRun.RunStatsChanged: Invoking callbacks was skipped because there are no subscribers.
TpTrace Information: 0 : 26768, 12, 2024/05/31, 00:05:29.693, 10648989584440, vstest.console.dll, TestRunRequest:SendTestRunStatsChange: Completed.
TpTrace Verbose: 0 : 26768, 12, 2024/05/31, 00:05:29.693, 10648989584738, vstest.console.dll, MulticastDelegateUtilities.SafeInvoke: LengthPrefixCommunicationChannel: MessageReceived: Invoking callback 1/1 for Microsoft.VisualStudio.TestPlatform.CommunicationUtilities.TestRequestSender+<>c__DisplayClass34_0., took 1 ms.
TpTrace Verbose: 0 : 26768, 4, 2024/05/31, 00:05:29.693, 10648989584968, vstest.console.dll, MulticastDelegateUtilities.SafeInvoke: InternalTestLoggerEvents.SendTestResult: Invoking callback 1/1 for Microsoft.VisualStudio.TestPlatform.CommandLine.Internal.ConsoleLogger., took 0 ms.
TpTrace Verbose: 0 : 26768, 12, 2024/05/31, 00:05:29.693, 10648989585092, vstest.console.dll, TcpClientExtensions.MessageLoopAsync: Polling on remoteEndPoint: 127.0.0.1:62910 localEndPoint: 127.0.0.1:62909 after 57 ms
TpTrace Verbose: 0 : 26768, 4, 2024/05/31, 00:05:29.693, 10648989585836, vstest.console.dll, MulticastDelegateUtilities.SafeInvoke: InternalTestLoggerEvents.SendTestResult: Invoking callback 1/1 for Microsoft.VisualStudio.TestPlatform.CommandLine.Internal.ConsoleLogger., took 0 ms.
TpTrace Verbose: 0 : 26768, 4, 2024/05/31, 00:05:29.693, 10648989586377, vstest.console.dll, MulticastDelegateUtilities.SafeInvoke: InternalTestLoggerEvents.SendTestResult: Invoking callback 1/1 for Microsoft.VisualStudio.TestPlatform.CommandLine.Internal.ConsoleLogger., took 0 ms.
TpTrace Verbose: 0 : 26768, 4, 2024/05/31, 00:05:29.693, 10648989586784, vstest.console.dll, MulticastDelegateUtilities.SafeInvoke: InternalTestLoggerEvents.SendTestResult: Invoking callback 1/1 for Microsoft.VisualStudio.TestPlatform.CommandLine.Internal.ConsoleLogger., took 0 ms.
TpTrace Verbose: 0 : 26768, 4, 2024/05/31, 00:05:29.693, 10648989587202, vstest.console.dll, MulticastDelegateUtilities.SafeInvoke: InternalTestLoggerEvents.SendTestResult: Invoking callback 1/1 for Microsoft.VisualStudio.TestPlatform.CommandLine.Internal.ConsoleLogger., took 0 ms.
TpTrace Verbose: 0 : 26768, 4, 2024/05/31, 00:05:29.693, 10648989587612, vstest.console.dll, MulticastDelegateUtilities.SafeInvoke: InternalTestLoggerEvents.SendTestResult: Invoking callback 1/1 for Microsoft.VisualStudio.TestPlatform.CommandLine.Internal.ConsoleLogger., took 0 ms.
TpTrace Verbose: 0 : 26768, 4, 2024/05/31, 00:05:29.693, 10648989588114, vstest.console.dll, MulticastDelegateUtilities.SafeInvoke: InternalTestLoggerEvents.SendTestResult: Invoking callback 1/1 for Microsoft.VisualStudio.TestPlatform.CommandLine.Internal.ConsoleLogger., took 0 ms.
TpTrace Verbose: 0 : 26768, 4, 2024/05/31, 00:05:29.693, 10648989588559, vstest.console.dll, MulticastDelegateUtilities.SafeInvoke: InternalTestLoggerEvents.SendTestResult: Invoking callback 1/1 for Microsoft.VisualStudio.TestPlatform.CommandLine.Internal.ConsoleLogger., took 0 ms.
TpTrace Verbose: 0 : 26768, 4, 2024/05/31, 00:05:29.693, 10648989588981, vstest.console.dll, MulticastDelegateUtilities.SafeInvoke: InternalTestLoggerEvents.SendTestResult: Invoking callback 1/1 for Microsoft.VisualStudio.TestPlatform.CommandLine.Internal.ConsoleLogger., took 0 ms.
TpTrace Verbose: 0 : 26768, 12, 2024/05/31, 00:05:29.732, 10648989972096, vstest.console.dll, TcpClientExtensions.MessageLoopAsync: NotifyDataAvailable remoteEndPoint: 127.0.0.1:62910 localEndPoint: 127.0.0.1:62909
TpTrace Verbose: 0 : 26768, 12, 2024/05/31, 00:05:29.732, 10648989975172, vstest.console.dll, TestRequestSender.OnExecutionMessageReceived: Received message: {"Version":7,"MessageType":"TestExecution.StatsChange","Payload":{"NewTestResults":[{"TestCase":{"Id":"096c3229-58f4-af43-d30e-1d2f9385f9f4","FullyQualifiedName":"FoodDeliveryAppTests.repositorytests.MenuTest.DelTest","DisplayName":"DelTest","ExecutorUri":"executor://NUnit3TestExecutor","Source":"C:\\Users\\VC\\Desktop\\mini-project\\FoodDeliveryWebAppSln\\FoodDeliveryAppTests\\bin\\Debug\\net6.0\\fine-code-coverage\\build-output\\FoodDeliveryAppTests.dll","CodeFilePath":null,"LineNumber":0,"Properties":[{"Key":{"Id":"NUnit.Seed","Label":"Seed","Category":"","Description":"","Attributes":0,"ValueType":"System.String"},"Value":"1231299979"}]},"Attachments":[],"Outcome":1,"ErrorMessage":null,"ErrorStackTrace":null,"DisplayName":"DelTest","Messages":[],"ComputerName":"DESKTOP-DPV93JG","Duration":"00:00:00.0009660","StartTime":"2024-05-30T18:35:29.6893576+00:00","EndTime":"2024-05-30T18:35:29.6903238+00:00","Properties":[{"Key":{"Id":"NUnit.Seed","Label":"Seed","Category":"","Description":"","Attributes":0,"ValueType":"System.String"},"Value":"1231299979"}]},{"TestCase":{"Id":"2f55ae01-7c70-4884-edfa-e200adc5dad4","FullyQualifiedName":"FoodDeliveryAppTests.repositorytests.MenuTest.GetAllTest","DisplayName":"GetAllTest","ExecutorUri":"executor://NUnit3TestExecutor","Source":"C:\\Users\\VC\\Desktop\\mini-project\\FoodDeliveryWebAppSln\\FoodDeliveryAppTests\\bin\\Debug\\net6.0\\fine-code-coverage\\build-output\\FoodDeliveryAppTests.dll","CodeFilePath":null,"LineNumber":0,"Properties":[{"Key":{"Id":"NUnit.Seed","Label":"Seed","Category":"","Description":"","Attributes":0,"ValueType":"System.String"},"Value":"1016014294"}]},"Attachments":[],"Outcome":1,"ErrorMessage":null,"ErrorStackTrace":null,"DisplayName":"GetAllTest","Messages":[],"ComputerName":"DESKTOP-DPV93JG","Duration":"00:00:00.0048160","StartTime":"2024-05-30T18:35:29.6903363+00:00","EndTime":"2024-05-30T18:35:29.6951516+00:00","Properties":[{"Key":{"Id":"NUnit.Seed","Label":"Seed","Category":"","Description":"","Attributes":0,"ValueType":"System.String"},"Value":"1016014294"}]},{"TestCase":{"Id":"35c17552-9997-0dad-f43f-d21938e53214","FullyQualifiedName":"FoodDeliveryAppTests.repositorytests.MenuTest.GetTest","DisplayName":"GetTest","ExecutorUri":"executor://NUnit3TestExecutor","Source":"C:\\Users\\VC\\Desktop\\mini-project\\FoodDeliveryWebAppSln\\FoodDeliveryAppTests\\bin\\Debug\\net6.0\\fine-code-coverage\\build-output\\FoodDeliveryAppTests.dll","CodeFilePath":null,"LineNumber":0,"Properties":[{"Key":{"Id":"NUnit.Seed","Label":"Seed","Category":"","Description":"","Attributes":0,"ValueType":"System.String"},"Value":"1608036403"}]},"Attachments":[],"Outcome":1,"ErrorMessage":null,"ErrorStackTrace":null,"DisplayName":"GetTest","Messages":[],"ComputerName":"DESKTOP-DPV93JG","Duration":"00:00:00.0013910","StartTime":"2024-05-30T18:35:29.695254+00:00","EndTime":"2024-05-30T18:35:29.6966455+00:00","Properties":[{"Key":{"Id":"NUnit.Seed","Label":"Seed","Category":"","Description":"","Attributes":0,"ValueType":"System.String"},"Value":"1608036403"}]},{"TestCase":{"Id":"391a973d-4abe-2354-8f77-88feec0ffbc0","FullyQualifiedName":"FoodDeliveryAppTests.repositorytests.MenuTest.UpdateTest","DisplayName":"UpdateTest","ExecutorUri":"executor://NUnit3TestExecutor","Source":"C:\\Users\\VC\\Desktop\\mini-project\\FoodDeliveryWebAppSln\\FoodDeliveryAppTests\\bin\\Debug\\net6.0\\fine-code-coverage\\build-output\\FoodDeliveryAppTests.dll","CodeFilePath":null,"LineNumber":0,"Properties":[{"Key":{"Id":"NUnit.Seed","Label":"Seed","Category":"","Description":"","Attributes":0,"ValueType":"System.String"},"Value":"1559877617"}]},"Attachments":[],"Outcome":1,"ErrorMessage":null,"ErrorStackTrace":null,"DisplayName":"UpdateTest","Messages":[],"ComputerName":"DESKTOP-DPV93JG","Duration":"00:00:00.0017160","StartTime":"2024-05-30T18:35:29.6966597+00:00","EndTime":"2024-05-30T18:35:29.6983753+00:00","Properties":[{"Key":{"Id":"NUnit.Seed","Label":"Seed","Category":"","Description":"","Attributes":0,"ValueType":"System.String"},"Value":"1559877617"}]},{"TestCase":{"Id":"9e2043f2-831a-a256-5b56-58094240bfda","FullyQualifiedName":"FoodDeliveryAppTests.repositorytests.OrderDetailsTest.AddTest","DisplayName":"AddTest","ExecutorUri":"executor://NUnit3TestExecutor","Source":"C:\\Users\\VC\\Desktop\\mini-project\\FoodDeliveryWebAppSln\\FoodDeliveryAppTests\\bin\\Debug\\net6.0\\fine-code-coverage\\build-output\\FoodDeliveryAppTests.dll","CodeFilePath":null,"LineNumber":0,"Properties":[{"Key":{"Id":"NUnit.Seed","Label":"Seed","Category":"","Description":"","Attributes":0,"ValueType":"System.String"},"Value":"1342002208"}]},"Attachments":[],"Outcome":1,"ErrorMessage":null,"ErrorStackTrace":null,"DisplayName":"AddTest","Messages":[],"ComputerName":"DESKTOP-DPV93JG","Duration":"00:00:00.0106080","StartTime":"2024-05-30T18:35:29.6985172+00:00","EndTime":"2024-05-30T18:35:29.7091248+00:00","Properties":[{"Key":{"Id":"NUnit.Seed","Label":"Seed","Category":"","Description":"","Attributes":0,"ValueType":"System.String"},"Value":"1342002208"}]},{"TestCase":{"Id":"de52d789-a719-d7c1-a05c-98b9b7bf41a5","FullyQualifiedName":"FoodDeliveryAppTests.repositorytests.OrderDetailsTest.DelTest","DisplayName":"DelTest","ExecutorUri":"executor://NUnit3TestExecutor","Source":"C:\\Users\\VC\\Desktop\\mini-project\\FoodDeliveryWebAppSln\\FoodDeliveryAppTests\\bin\\Debug\\net6.0\\fine-code-coverage\\build-output\\FoodDeliveryAppTests.dll","CodeFilePath":null,"LineNumber":0,"Properties":[{"Key":{"Id":"NUnit.Seed","Label":"Seed","Category":"","Description":"","Attributes":0,"ValueType":"System.String"},"Value":"1735956522"}]},"Attachments":[],"Outcome":1,"ErrorMessage":null,"ErrorStackTrace":null,"DisplayName":"DelTest","Messages":[],"ComputerName":"DESKTOP-DPV93JG","Duration":"00:00:00.0065600","StartTime":"2024-05-30T18:35:29.7091453+00:00","EndTime":"2024-05-30T18:35:29.7157046+00:00","Properties":[{"Key":{"Id":"NUnit.Seed","Label":"Seed","Category":"","Description":"","Attributes":0,"ValueType":"System.String"},"Value":"1735956522"}]},{"TestCase":{"Id":"83c7200b-f0f0-7e7e-102f-0d490ce2f020","FullyQualifiedName":"FoodDeliveryAppTests.repositorytests.OrderDetailsTest.GetAllByOIdAllTest","DisplayName":"GetAllByOIdAllTest","ExecutorUri":"executor://NUnit3TestExecutor","Source":"C:\\Users\\VC\\Desktop\\mini-project\\FoodDeliveryWebAppSln\\FoodDeliveryAppTests\\bin\\Debug\\net6.0\\fine-code-coverage\\build-output\\FoodDeliveryAppTests.dll","CodeFilePath":null,"LineNumber":0,"Properties":[{"Key":{"Id":"NUnit.Seed","Label":"Seed","Category":"","Description":"","Attributes":0,"ValueType":"System.String"},"Value":"1543933704"}]},"Attachments":[],"Outcome":1,"ErrorMessage":null,"ErrorStackTrace":null,"DisplayName":"GetAllByOIdAllTest","Messages":[],"ComputerName":"DESKTOP-DPV93JG","Duration":"00:00:00.0056650","StartTime":"2024-05-30T18:35:29.7157356+00:00","EndTime":"2024-05-30T18:35:29.7214002+00:00","Properties":[{"Key":{"Id":"NUnit.Seed","Label":"Seed","Category":"","Description":"","Attributes":0,"ValueType":"System.String"},"Value":"1543933704"}]},{"TestCase":{"Id":"64fdd5a8-f53f-c16b-d399-8ad269a4d7a6","FullyQualifiedName":"FoodDeliveryAppTests.repositorytests.OrderDetailsTest.GetAllTest","DisplayName":"GetAllTest","ExecutorUri":"executor://NUnit3TestExecutor","Source":"C:\\Users\\VC\\Desktop\\mini-project\\FoodDeliveryWebAppSln\\FoodDeliveryAppTests\\bin\\Debug\\net6.0\\fine-code-coverage\\build-output\\FoodDeliveryAppTests.dll","CodeFilePath":null,"LineNumber":0,"Properties":[{"Key":{"Id":"NUnit.Seed","Label":"Seed","Category":"","Description":"","Attributes":0,"ValueType":"System.String"},"Value":"2069389851"}]},"Attachments":[],"Outcome":1,"ErrorMessage":null,"ErrorStackTrace":null,"DisplayName":"GetAllTest","Messages":[],"ComputerName":"DESKTOP-DPV93JG","Duration":"00:00:00.0055920","StartTime":"2024-05-30T18:35:29.7214223+00:00","EndTime":"2024-05-30T18:35:29.7270143+00:00","Properties":[{"Key":{"Id":"NUnit.Seed","Label":"Seed","Category":"","Description":"","Attributes":0,"ValueType":"System.String"},"Value":"2069389851"}]},{"TestCase":{"Id":"87fd845e-9bad-b701-9f18-de9a567e1bd4","FullyQualifiedName":"FoodDeliveryAppTests.repositorytests.OrderDetailsTest.GetTest","DisplayName":"GetTest","ExecutorUri":"executor://NUnit3TestExecutor","Source":"C:\\Users\\VC\\Desktop\\mini-project\\FoodDeliveryWebAppSln\\FoodDeliveryAppTests\\bin\\Debug\\net6.0\\fine-code-coverage\\build-output\\FoodDeliveryAppTests.dll","CodeFilePath":null,"LineNumber":0,"Properties":[{"Key":{"Id":"NUnit.Seed","Label":"Seed","Category":"","Description":"","Attributes":0,"ValueType":"System.String"},"Value":"94415136"}]},"Attachments":[],"Outcome":1,"ErrorMessage":null,"ErrorStackTrace":null,"DisplayName":"GetTest","Messages":[],"ComputerName":"DESKTOP-DPV93JG","Duration":"00:00:00.0012530","StartTime":"2024-05-30T18:35:29.7270448+00:00","EndTime":"2024-05-30T18:35:29.7282977+00:00","Properties":[{"Key":{"Id":"NUnit.Seed","Label":"Seed","Category":"","Description":"","Attributes":0,"ValueType":"System.String"},"Value":"94415136"}]}],"TestRunStatistics":{"ExecutedTests":45,"Stats":{"Passed":44,"Failed":1}},"ActiveTests":[{"Id":"b165475b-2e16-7de9-d82c-b7d8f1b09cde","FullyQualifiedName":"FoodDeliveryAppTests.repositorytests.OrderDetailsTest.GetTotalTest","DisplayName":"GetTotalTest","ExecutorUri":"executor://NUnit3TestExecutor","Source":"C:\\Users\\VC\\Desktop\\mini-project\\FoodDeliveryWebAppSln\\FoodDeliveryAppTests\\bin\\Debug\\net6.0\\fine-code-coverage\\build-output\\FoodDeliveryAppTests.dll","CodeFilePath":null,"LineNumber":0,"Properties":[{"Key":{"Id":"NUnit.Seed","Label":"Seed","Category":"","Description":"","Attributes":0,"ValueType":"System.String"},"Value":"1770582789"}]}]}}
TpTrace Verbose: 0 : 26768, 12, 2024/05/31, 00:05:29.734, 10648989992339, vstest.console.dll, TestRunRequest:SendTestRunStatsChange: Starting.
TpTrace Verbose: 0 : 26768, 12, 2024/05/31, 00:05:29.734, 10648989993335, vstest.console.dll, InProgress is GetTotalTest
TpTrace Verbose: 0 : 26768, 12, 2024/05/31, 00:05:29.734, 10648989993868, vstest.console.dll, MulticastDelegateUtilities.SafeInvoke: TestRun.RunStatsChanged: Invoking callbacks was skipped because there are no subscribers.
TpTrace Information: 0 : 26768, 12, 2024/05/31, 00:05:29.734, 10648989994102, vstest.console.dll, TestRunRequest:SendTestRunStatsChange: Completed.
TpTrace Verbose: 0 : 26768, 12, 2024/05/31, 00:05:29.734, 10648989994442, vstest.console.dll, MulticastDelegateUtilities.SafeInvoke: LengthPrefixCommunicationChannel: MessageReceived: Invoking callback 1/1 for Microsoft.VisualStudio.TestPlatform.CommunicationUtilities.TestRequestSender+<>c__DisplayClass34_0., took 1 ms.
TpTrace Verbose: 0 : 26768, 12, 2024/05/31, 00:05:29.734, 10648989994744, vstest.console.dll, TcpClientExtensions.MessageLoopAsync: Polling on remoteEndPoint: 127.0.0.1:62910 localEndPoint: 127.0.0.1:62909 after 40 ms
TpTrace Verbose: 0 : 26768, 4, 2024/05/31, 00:05:29.734, 10648989994883, vstest.console.dll, MulticastDelegateUtilities.SafeInvoke: InternalTestLoggerEvents.SendTestResult: Invoking callback 1/1 for Microsoft.VisualStudio.TestPlatform.CommandLine.Internal.ConsoleLogger., took 0 ms.
TpTrace Verbose: 0 : 26768, 4, 2024/05/31, 00:05:29.734, 10648989995701, vstest.console.dll, MulticastDelegateUtilities.SafeInvoke: InternalTestLoggerEvents.SendTestResult: Invoking callback 1/1 for Microsoft.VisualStudio.TestPlatform.CommandLine.Internal.ConsoleLogger., took 0 ms.
TpTrace Verbose: 0 : 26768, 4, 2024/05/31, 00:05:29.734, 10648989996168, vstest.console.dll, MulticastDelegateUtilities.SafeInvoke: InternalTestLoggerEvents.SendTestResult: Invoking callback 1/1 for Microsoft.VisualStudio.TestPlatform.CommandLine.Internal.ConsoleLogger., took 0 ms.
TpTrace Verbose: 0 : 26768, 4, 2024/05/31, 00:05:29.734, 10648989996505, vstest.console.dll, MulticastDelegateUtilities.SafeInvoke: InternalTestLoggerEvents.SendTestResult: Invoking callback 1/1 for Microsoft.VisualStudio.TestPlatform.CommandLine.Internal.ConsoleLogger., took 0 ms.
TpTrace Verbose: 0 : 26768, 4, 2024/05/31, 00:05:29.734, 10648989996807, vstest.console.dll, MulticastDelegateUtilities.SafeInvoke: InternalTestLoggerEvents.SendTestResult: Invoking callback 1/1 for Microsoft.VisualStudio.TestPlatform.CommandLine.Internal.ConsoleLogger., took 0 ms.
TpTrace Verbose: 0 : 26768, 4, 2024/05/31, 00:05:29.734, 10648989997173, vstest.console.dll, MulticastDelegateUtilities.SafeInvoke: InternalTestLoggerEvents.SendTestResult: Invoking callback 1/1 for Microsoft.VisualStudio.TestPlatform.CommandLine.Internal.ConsoleLogger., took 0 ms.
TpTrace Verbose: 0 : 26768, 4, 2024/05/31, 00:05:29.734, 10648989997491, vstest.console.dll, MulticastDelegateUtilities.SafeInvoke: InternalTestLoggerEvents.SendTestResult: Invoking callback 1/1 for Microsoft.VisualStudio.TestPlatform.CommandLine.Internal.ConsoleLogger., took 0 ms.
TpTrace Verbose: 0 : 26768, 4, 2024/05/31, 00:05:29.734, 10648989997737, vstest.console.dll, MulticastDelegateUtilities.SafeInvoke: InternalTestLoggerEvents.SendTestResult: Invoking callback 1/1 for Microsoft.VisualStudio.TestPlatform.CommandLine.Internal.ConsoleLogger., took 0 ms.
TpTrace Verbose: 0 : 26768, 4, 2024/05/31, 00:05:29.734, 10648989997987, vstest.console.dll, MulticastDelegateUtilities.SafeInvoke: InternalTestLoggerEvents.SendTestResult: Invoking callback 1/1 for Microsoft.VisualStudio.TestPlatform.CommandLine.Internal.ConsoleLogger., took 0 ms.
TpTrace Verbose: 0 : 26768, 12, 2024/05/31, 00:05:29.794, 10648990592308, vstest.console.dll, TcpClientExtensions.MessageLoopAsync: NotifyDataAvailable remoteEndPoint: 127.0.0.1:62910 localEndPoint: 127.0.0.1:62909
TpTrace Verbose: 0 : 26768, 12, 2024/05/31, 00:05:29.794, 10648990595291, vstest.console.dll, TestRequestSender.OnExecutionMessageReceived: Received message: {"Version":7,"MessageType":"TestExecution.StatsChange","Payload":{"NewTestResults":[{"TestCase":{"Id":"b165475b-2e16-7de9-d82c-b7d8f1b09cde","FullyQualifiedName":"FoodDeliveryAppTests.repositorytests.OrderDetailsTest.GetTotalTest","DisplayName":"GetTotalTest","ExecutorUri":"executor://NUnit3TestExecutor","Source":"C:\\Users\\VC\\Desktop\\mini-project\\FoodDeliveryWebAppSln\\FoodDeliveryAppTests\\bin\\Debug\\net6.0\\fine-code-coverage\\build-output\\FoodDeliveryAppTests.dll","CodeFilePath":null,"LineNumber":0,"Properties":[{"Key":{"Id":"NUnit.Seed","Label":"Seed","Category":"","Description":"","Attributes":0,"ValueType":"System.String"},"Value":"1770582789"}]},"Attachments":[],"Outcome":1,"ErrorMessage":null,"ErrorStackTrace":null,"DisplayName":"GetTotalTest","Messages":[],"ComputerName":"DESKTOP-DPV93JG","Duration":"00:00:00.0122090","StartTime":"2024-05-30T18:35:29.7283135+00:00","EndTime":"2024-05-30T18:35:29.7405219+00:00","Properties":[{"Key":{"Id":"NUnit.Seed","Label":"Seed","Category":"","Description":"","Attributes":0,"ValueType":"System.String"},"Value":"1770582789"}]},{"TestCase":{"Id":"76c5db98-5a49-22b3-a496-7c0611eb429c","FullyQualifiedName":"FoodDeliveryAppTests.repositorytests.OrderDetailsTest.UpdateTest","DisplayName":"UpdateTest","ExecutorUri":"executor://NUnit3TestExecutor","Source":"C:\\Users\\VC\\Desktop\\mini-project\\FoodDeliveryWebAppSln\\FoodDeliveryAppTests\\bin\\Debug\\net6.0\\fine-code-coverage\\build-output\\FoodDeliveryAppTests.dll","CodeFilePath":null,"LineNumber":0,"Properties":[{"Key":{"Id":"NUnit.Seed","Label":"Seed","Category":"","Description":"","Attributes":0,"ValueType":"System.String"},"Value":"49477571"}]},"Attachments":[],"Outcome":1,"ErrorMessage":null,"ErrorStackTrace":null,"DisplayName":"UpdateTest","Messages":[],"ComputerName":"DESKTOP-DPV93JG","Duration":"00:00:00.0022240","StartTime":"2024-05-30T18:35:29.740551+00:00","EndTime":"2024-05-30T18:35:29.7427749+00:00","Properties":[{"Key":{"Id":"NUnit.Seed","Label":"Seed","Category":"","Description":"","Attributes":0,"ValueType":"System.String"},"Value":"49477571"}]},{"TestCase":{"Id":"fac5f344-fe6d-5fb6-320e-8b24b1e34a9a","FullyQualifiedName":"FoodDeliveryAppTests.repositorytests.OrderTest.AddTest","DisplayName":"AddTest","ExecutorUri":"executor://NUnit3TestExecutor","Source":"C:\\Users\\VC\\Desktop\\mini-project\\FoodDeliveryWebAppSln\\FoodDeliveryAppTests\\bin\\Debug\\net6.0\\fine-code-coverage\\build-output\\FoodDeliveryAppTests.dll","CodeFilePath":null,"LineNumber":0,"Properties":[{"Key":{"Id":"NUnit.Seed","Label":"Seed","Category":"","Description":"","Attributes":0,"ValueType":"System.String"},"Value":"1912085605"}]},"Attachments":[],"Outcome":1,"ErrorMessage":null,"ErrorStackTrace":null,"DisplayName":"AddTest","Messages":[],"ComputerName":"DESKTOP-DPV93JG","Duration":"00:00:00.0103460","StartTime":"2024-05-30T18:35:29.7429417+00:00","EndTime":"2024-05-30T18:35:29.7532876+00:00","Properties":[{"Key":{"Id":"NUnit.Seed","Label":"Seed","Category":"","Description":"","Attributes":0,"ValueType":"System.String"},"Value":"1912085605"}]},{"TestCase":{"Id":"f988f43e-c594-ab79-695e-35ddc7fe1727","FullyQualifiedName":"FoodDeliveryAppTests.repositorytests.OrderTest.DelTest","DisplayName":"DelTest","ExecutorUri":"executor://NUnit3TestExecutor","Source":"C:\\Users\\VC\\Desktop\\mini-project\\FoodDeliveryWebAppSln\\FoodDeliveryAppTests\\bin\\Debug\\net6.0\\fine-code-coverage\\build-output\\FoodDeliveryAppTests.dll","CodeFilePath":null,"LineNumber":0,"Properties":[{"Key":{"Id":"NUnit.Seed","Label":"Seed","Category":"","Description":"","Attributes":0,"ValueType":"System.String"},"Value":"1162301874"}]},"Attachments":[],"Outcome":1,"ErrorMessage":null,"ErrorStackTrace":null,"DisplayName":"DelTest","Messages":[],"ComputerName":"DESKTOP-DPV93JG","Duration":"00:00:00.0085820","StartTime":"2024-05-30T18:35:29.7533117+00:00","EndTime":"2024-05-30T18:35:29.7618936+00:00","Properties":[{"Key":{"Id":"NUnit.Seed","Label":"Seed","Category":"","Description":"","Attributes":0,"ValueType":"System.String"},"Value":"1162301874"}]},{"TestCase":{"Id":"75ecf207-a50a-c075-d86c-0c9e03960b4d","FullyQualifiedName":"FoodDeliveryAppTests.repositorytests.OrderTest.GetAllTest","DisplayName":"GetAllTest","ExecutorUri":"executor://NUnit3TestExecutor","Source":"C:\\Users\\VC\\Desktop\\mini-project\\FoodDeliveryWebAppSln\\FoodDeliveryAppTests\\bin\\Debug\\net6.0\\fine-code-coverage\\build-output\\FoodDeliveryAppTests.dll","CodeFilePath":null,"LineNumber":0,"Properties":[{"Key":{"Id":"NUnit.Seed","Label":"Seed","Category":"","Description":"","Attributes":0,"ValueType":"System.String"},"Value":"1295161546"}]},"Attachments":[],"Outcome":1,"ErrorMessage":null,"ErrorStackTrace":null,"DisplayName":"GetAllTest","Messages":[],"ComputerName":"DESKTOP-DPV93JG","Duration":"00:00:00.0062490","StartTime":"2024-05-30T18:35:29.7619246+00:00","EndTime":"2024-05-30T18:35:29.7681736+00:00","Properties":[{"Key":{"Id":"NUnit.Seed","Label":"Seed","Category":"","Description":"","Attributes":0,"ValueType":"System.String"},"Value":"1295161546"}]},{"TestCase":{"Id":"d1b33312-bda6-4a10-dd1a-706009430bf1","FullyQualifiedName":"FoodDeliveryAppTests.repositorytests.OrderTest.GetTest","DisplayName":"GetTest","ExecutorUri":"executor://NUnit3TestExecutor","Source":"C:\\Users\\VC\\Desktop\\mini-project\\FoodDeliveryWebAppSln\\FoodDeliveryAppTests\\bin\\Debug\\net6.0\\fine-code-coverage\\build-output\\FoodDeliveryAppTests.dll","CodeFilePath":null,"LineNumber":0,"Properties":[{"Key":{"Id":"NUnit.Seed","Label":"Seed","Category":"","Description":"","Attributes":0,"ValueType":"System.String"},"Value":"1522524070"}]},"Attachments":[],"Outcome":1,"ErrorMessage":null,"ErrorStackTrace":null,"DisplayName":"GetTest","Messages":[],"ComputerName":"DESKTOP-DPV93JG","Duration":"00:00:00.0014620","StartTime":"2024-05-30T18:35:29.7682098+00:00","EndTime":"2024-05-30T18:35:29.7696712+00:00","Properties":[{"Key":{"Id":"NUnit.Seed","Label":"Seed","Category":"","Description":"","Attributes":0,"ValueType":"System.String"},"Value":"1522524070"}]},{"TestCase":{"Id":"85d78013-8507-e3a7-bc56-7f25d56ec8fc","FullyQualifiedName":"FoodDeliveryAppTests.repositorytests.OrderTest.UpdateTest","DisplayName":"UpdateTest","ExecutorUri":"executor://NUnit3TestExecutor","Source":"C:\\Users\\VC\\Desktop\\mini-project\\FoodDeliveryWebAppSln\\FoodDeliveryAppTests\\bin\\Debug\\net6.0\\fine-code-coverage\\build-output\\FoodDeliveryAppTests.dll","CodeFilePath":null,"LineNumber":0,"Properties":[{"Key":{"Id":"NUnit.Seed","Label":"Seed","Category":"","Description":"","Attributes":0,"ValueType":"System.String"},"Value":"1564177793"}]},"Attachments":[],"Outcome":1,"ErrorMessage":null,"ErrorStackTrace":null,"DisplayName":"UpdateTest","Messages":[],"ComputerName":"DESKTOP-DPV93JG","Duration":"00:00:00.0019370","StartTime":"2024-05-30T18:35:29.7696925+00:00","EndTime":"2024-05-30T18:35:29.7716292+00:00","Properties":[{"Key":{"Id":"NUnit.Seed","Label":"Seed","Category":"","Description":"","Attributes":0,"ValueType":"System.String"},"Value":"1564177793"}]},{"TestCase":{"Id":"5814dea1-9269-9871-8699-1cd4c5a67819","FullyQualifiedName":"FoodDeliveryAppTests.repositorytests.PaymentTest.AddTest","DisplayName":"AddTest","ExecutorUri":"executor://NUnit3TestExecutor","Source":"C:\\Users\\VC\\Desktop\\mini-project\\FoodDeliveryWebAppSln\\FoodDeliveryAppTests\\bin\\Debug\\net6.0\\fine-code-coverage\\build-output\\FoodDeliveryAppTests.dll","CodeFilePath":null,"LineNumber":0,"Properties":[{"Key":{"Id":"NUnit.Seed","Label":"Seed","Category":"","Description":"","Attributes":0,"ValueType":"System.String"},"Value":"1937251343"}]},"Attachments":[],"Outcome":1,"ErrorMessage":null,"ErrorStackTrace":null,"DisplayName":"AddTest","Messages":[],"ComputerName":"DESKTOP-DPV93JG","Duration":"00:00:00.0126970","StartTime":"2024-05-30T18:35:29.771791+00:00","EndTime":"2024-05-30T18:35:29.7844876+00:00","Properties":[{"Key":{"Id":"NUnit.Seed","Label":"Seed","Category":"","Description":"","Attributes":0,"ValueType":"System.String"},"Value":"1937251343"}]},{"TestCase":{"Id":"b234c56d-9dcf-916e-3997-fc051a93b6bc","FullyQualifiedName":"FoodDeliveryAppTests.repositorytests.PaymentTest.DelTest","DisplayName":"DelTest","ExecutorUri":"executor://NUnit3TestExecutor","Source":"C:\\Users\\VC\\Desktop\\mini-project\\FoodDeliveryWebAppSln\\FoodDeliveryAppTests\\bin\\Debug\\net6.0\\fine-code-coverage\\build-output\\FoodDeliveryAppTests.dll","CodeFilePath":null,"LineNumber":0,"Properties":[{"Key":{"Id":"NUnit.Seed","Label":"Seed","Category":"","Description":"","Attributes":0,"ValueType":"System.String"},"Value":"1213820458"}]},"Attachments":[],"Outcome":1,"ErrorMessage":null,"ErrorStackTrace":null,"DisplayName":"DelTest","Messages":[],"ComputerName":"DESKTOP-DPV93JG","Duration":"00:00:00.0070410","StartTime":"2024-05-30T18:35:29.7845204+00:00","EndTime":"2024-05-30T18:35:29.791561+00:00","Properties":[{"Key":{"Id":"NUnit.Seed","Label":"Seed","Category":"","Description":"","Attributes":0,"ValueType":"System.String"},"Value":"1213820458"}]}],"TestRunStatistics":{"ExecutedTests":54,"Stats":{"Passed":53,"Failed":1}},"ActiveTests":[{"Id":"7d6c6e18-05c4-2f47-0228-250d2b9656d5","FullyQualifiedName":"FoodDeliveryAppTests.repositorytests.PaymentTest.GetTest","DisplayName":"GetTest","ExecutorUri":"executor://NUnit3TestExecutor","Source":"C:\\Users\\VC\\Desktop\\mini-project\\FoodDeliveryWebAppSln\\FoodDeliveryAppTests\\bin\\Debug\\net6.0\\fine-code-coverage\\build-output\\FoodDeliveryAppTests.dll","CodeFilePath":null,"LineNumber":0,"Properties":[{"Key":{"Id":"NUnit.Seed","Label":"Seed","Category":"","Description":"","Attributes":0,"ValueType":"System.String"},"Value":"158944739"}]}]}}
TpTrace Verbose: 0 : 26768, 12, 2024/05/31, 00:05:29.796, 10648990614723, vstest.console.dll, TestRunRequest:SendTestRunStatsChange: Starting.
TpTrace Verbose: 0 : 26768, 12, 2024/05/31, 00:05:29.796, 10648990615591, vstest.console.dll, InProgress is GetTest
TpTrace Verbose: 0 : 26768, 12, 2024/05/31, 00:05:29.796, 10648990616066, vstest.console.dll, MulticastDelegateUtilities.SafeInvoke: TestRun.RunStatsChanged: Invoking callbacks was skipped because there are no subscribers.
TpTrace Information: 0 : 26768, 12, 2024/05/31, 00:05:29.796, 10648990616298, vstest.console.dll, TestRunRequest:SendTestRunStatsChange: Completed.
TpTrace Verbose: 0 : 26768, 12, 2024/05/31, 00:05:29.796, 10648990616558, vstest.console.dll, MulticastDelegateUtilities.SafeInvoke: LengthPrefixCommunicationChannel: MessageReceived: Invoking callback 1/1 for Microsoft.VisualStudio.TestPlatform.CommunicationUtilities.TestRequestSender+<>c__DisplayClass34_0., took 2 ms.
TpTrace Verbose: 0 : 26768, 4, 2024/05/31, 00:05:29.796, 10648990616846, vstest.console.dll, MulticastDelegateUtilities.SafeInvoke: InternalTestLoggerEvents.SendTestResult: Invoking callback 1/1 for Microsoft.VisualStudio.TestPlatform.CommandLine.Internal.ConsoleLogger., took 0 ms.
TpTrace Verbose: 0 : 26768, 12, 2024/05/31, 00:05:29.796, 10648990617069, vstest.console.dll, TcpClientExtensions.MessageLoopAsync: Polling on remoteEndPoint: 127.0.0.1:62910 localEndPoint: 127.0.0.1:62909 after 62 ms
TpTrace Verbose: 0 : 26768, 4, 2024/05/31, 00:05:29.796, 10648990617653, vstest.console.dll, MulticastDelegateUtilities.SafeInvoke: InternalTestLoggerEvents.SendTestResult: Invoking callback 1/1 for Microsoft.VisualStudio.TestPlatform.CommandLine.Internal.ConsoleLogger., took 0 ms.
TpTrace Verbose: 0 : 26768, 4, 2024/05/31, 00:05:29.796, 10648990618231, vstest.console.dll, MulticastDelegateUtilities.SafeInvoke: InternalTestLoggerEvents.SendTestResult: Invoking callback 1/1 for Microsoft.VisualStudio.TestPlatform.CommandLine.Internal.ConsoleLogger., took 0 ms.
TpTrace Verbose: 0 : 26768, 4, 2024/05/31, 00:05:29.796, 10648990618526, vstest.console.dll, MulticastDelegateUtilities.SafeInvoke: InternalTestLoggerEvents.SendTestResult: Invoking callback 1/1 for Microsoft.VisualStudio.TestPlatform.CommandLine.Internal.ConsoleLogger., took 0 ms.
TpTrace Verbose: 0 : 26768, 4, 2024/05/31, 00:05:29.796, 10648990618763, vstest.console.dll, MulticastDelegateUtilities.SafeInvoke: InternalTestLoggerEvents.SendTestResult: Invoking callback 1/1 for Microsoft.VisualStudio.TestPlatform.CommandLine.Internal.ConsoleLogger., took 0 ms.
TpTrace Verbose: 0 : 26768, 4, 2024/05/31, 00:05:29.796, 10648990619313, vstest.console.dll, MulticastDelegateUtilities.SafeInvoke: InternalTestLoggerEvents.SendTestResult: Invoking callback 1/1 for Microsoft.VisualStudio.TestPlatform.CommandLine.Internal.ConsoleLogger., took 0 ms.
TpTrace Verbose: 0 : 26768, 4, 2024/05/31, 00:05:29.797, 10648990619573, vstest.console.dll, MulticastDelegateUtilities.SafeInvoke: InternalTestLoggerEvents.SendTestResult: Invoking callback 1/1 for Microsoft.VisualStudio.TestPlatform.CommandLine.Internal.ConsoleLogger., took 0 ms.
TpTrace Verbose: 0 : 26768, 4, 2024/05/31, 00:05:29.797, 10648990619797, vstest.console.dll, MulticastDelegateUtilities.SafeInvoke: InternalTestLoggerEvents.SendTestResult: Invoking callback 1/1 for Microsoft.VisualStudio.TestPlatform.CommandLine.Internal.ConsoleLogger., took 0 ms.
TpTrace Verbose: 0 : 26768, 4, 2024/05/31, 00:05:29.797, 10648990620068, vstest.console.dll, MulticastDelegateUtilities.SafeInvoke: InternalTestLoggerEvents.SendTestResult: Invoking callback 1/1 for Microsoft.VisualStudio.TestPlatform.CommandLine.Internal.ConsoleLogger., took 0 ms.
TpTrace Verbose: 0 : 26768, 12, 2024/05/31, 00:05:29.826, 10648990912543, vstest.console.dll, TcpClientExtensions.MessageLoopAsync: NotifyDataAvailable remoteEndPoint: 127.0.0.1:62910 localEndPoint: 127.0.0.1:62909
TpTrace Verbose: 0 : 26768, 12, 2024/05/31, 00:05:29.826, 10648990914719, vstest.console.dll, TestRequestSender.OnExecutionMessageReceived: Received message: {"Version":7,"MessageType":"TestExecution.StatsChange","Payload":{"NewTestResults":[{"TestCase":{"Id":"7d6c6e18-05c4-2f47-0228-250d2b9656d5","FullyQualifiedName":"FoodDeliveryAppTests.repositorytests.PaymentTest.GetTest","DisplayName":"GetTest","ExecutorUri":"executor://NUnit3TestExecutor","Source":"C:\\Users\\VC\\Desktop\\mini-project\\FoodDeliveryWebAppSln\\FoodDeliveryAppTests\\bin\\Debug\\net6.0\\fine-code-coverage\\build-output\\FoodDeliveryAppTests.dll","CodeFilePath":null,"LineNumber":0,"Properties":[{"Key":{"Id":"NUnit.Seed","Label":"Seed","Category":"","Description":"","Attributes":0,"ValueType":"System.String"},"Value":"158944739"}]},"Attachments":[],"Outcome":1,"ErrorMessage":null,"ErrorStackTrace":null,"DisplayName":"GetTest","Messages":[],"ComputerName":"DESKTOP-DPV93JG","Duration":"00:00:00.0009550","StartTime":"2024-05-30T18:35:29.7915901+00:00","EndTime":"2024-05-30T18:35:29.7925449+00:00","Properties":[{"Key":{"Id":"NUnit.Seed","Label":"Seed","Category":"","Description":"","Attributes":0,"ValueType":"System.String"},"Value":"158944739"}]},{"TestCase":{"Id":"b398b484-aa06-980d-2b97-1526eb075b9b","FullyQualifiedName":"FoodDeliveryAppTests.repositorytests.PaymentTest.UpdateTest","DisplayName":"UpdateTest","ExecutorUri":"executor://NUnit3TestExecutor","Source":"C:\\Users\\VC\\Desktop\\mini-project\\FoodDeliveryWebAppSln\\FoodDeliveryAppTests\\bin\\Debug\\net6.0\\fine-code-coverage\\build-output\\FoodDeliveryAppTests.dll","CodeFilePath":null,"LineNumber":0,"Properties":[{"Key":{"Id":"NUnit.Seed","Label":"Seed","Category":"","Description":"","Attributes":0,"ValueType":"System.String"},"Value":"534345493"}]},"Attachments":[],"Outcome":1,"ErrorMessage":null,"ErrorStackTrace":null,"DisplayName":"UpdateTest","Messages":[],"ComputerName":"DESKTOP-DPV93JG","Duration":"00:00:00.0015460","StartTime":"2024-05-30T18:35:29.7925582+00:00","EndTime":"2024-05-30T18:35:29.7941038+00:00","Properties":[{"Key":{"Id":"NUnit.Seed","Label":"Seed","Category":"","Description":"","Attributes":0,"ValueType":"System.String"},"Value":"534345493"}]},{"TestCase":{"Id":"0867a54e-ed52-13fc-e61d-23627eda5001","FullyQualifiedName":"FoodDeliveryAppTests.repositorytests.Tests.AddTest","DisplayName":"AddTest","ExecutorUri":"executor://NUnit3TestExecutor","Source":"C:\\Users\\VC\\Desktop\\mini-project\\FoodDeliveryWebAppSln\\FoodDeliveryAppTests\\bin\\Debug\\net6.0\\fine-code-coverage\\build-output\\FoodDeliveryAppTests.dll","CodeFilePath":null,"LineNumber":0,"Properties":[{"Key":{"Id":"NUnit.Seed","Label":"Seed","Category":"","Description":"","Attributes":0,"ValueType":"System.String"},"Value":"283435553"}]},"Attachments":[],"Outcome":1,"ErrorMessage":null,"ErrorStackTrace":null,"DisplayName":"AddTest","Messages":[],"ComputerName":"DESKTOP-DPV93JG","Duration":"00:00:00.0170730","StartTime":"2024-05-30T18:35:29.7942282+00:00","EndTime":"2024-05-30T18:35:29.8113007+00:00","Properties":[{"Key":{"Id":"NUnit.Seed","Label":"Seed","Category":"","Description":"","Attributes":0,"ValueType":"System.String"},"Value":"283435553"}]},{"TestCase":{"Id":"f62a0cfe-24e5-b721-247b-e8441b383b65","FullyQualifiedName":"FoodDeliveryAppTests.repositorytests.Tests.DelTest","DisplayName":"DelTest","ExecutorUri":"executor://NUnit3TestExecutor","Source":"C:\\Users\\VC\\Desktop\\mini-project\\FoodDeliveryWebAppSln\\FoodDeliveryAppTests\\bin\\Debug\\net6.0\\fine-code-coverage\\build-output\\FoodDeliveryAppTests.dll","CodeFilePath":null,"LineNumber":0,"Properties":[{"Key":{"Id":"NUnit.Seed","Label":"Seed","Category":"","Description":"","Attributes":0,"ValueType":"System.String"},"Value":"141375888"}]},"Attachments":[],"Outcome":1,"ErrorMessage":null,"ErrorStackTrace":null,"DisplayName":"DelTest","Messages":[],"ComputerName":"DESKTOP-DPV93JG","Duration":"00:00:00.0022260","StartTime":"2024-05-30T18:35:29.8113244+00:00","EndTime":"2024-05-30T18:35:29.8135505+00:00","Properties":[{"Key":{"Id":"NUnit.Seed","Label":"Seed","Category":"","Description":"","Attributes":0,"ValueType":"System.String"},"Value":"141375888"}]},{"TestCase":{"Id":"e1fea87a-e95d-5fd7-4943-80be0abd4049","FullyQualifiedName":"FoodDeliveryAppTests.repositorytests.Tests.GetAllTest","DisplayName":"GetAllTest","ExecutorUri":"executor://NUnit3TestExecutor","Source":"C:\\Users\\VC\\Desktop\\mini-project\\FoodDeliveryWebAppSln\\FoodDeliveryAppTests\\bin\\Debug\\net6.0\\fine-code-coverage\\build-output\\FoodDeliveryAppTests.dll","CodeFilePath":null,"LineNumber":0,"Properties":[{"Key":{"Id":"NUnit.Seed","Label":"Seed","Category":"","Description":"","Attributes":0,"ValueType":"System.String"},"Value":"1918241491"}]},"Attachments":[],"Outcome":1,"ErrorMessage":null,"ErrorStackTrace":null,"DisplayName":"GetAllTest","Messages":[],"ComputerName":"DESKTOP-DPV93JG","Duration":"00:00:00.0053990","StartTime":"2024-05-30T18:35:29.8135684+00:00","EndTime":"2024-05-30T18:35:29.8189669+00:00","Properties":[{"Key":{"Id":"NUnit.Seed","Label":"Seed","Category":"","Description":"","Attributes":0,"ValueType":"System.String"},"Value":"1918241491"}]},{"TestCase":{"Id":"88b9a009-8c65-edfc-1d11-6a666bd9eca2","FullyQualifiedName":"FoodDeliveryAppTests.repositorytests.Tests.GetTest","DisplayName":"GetTest","ExecutorUri":"executor://NUnit3TestExecutor","Source":"C:\\Users\\VC\\Desktop\\mini-project\\FoodDeliveryWebAppSln\\FoodDeliveryAppTests\\bin\\Debug\\net6.0\\fine-code-coverage\\build-output\\FoodDeliveryAppTests.dll","CodeFilePath":null,"LineNumber":0,"Properties":[{"Key":{"Id":"NUnit.Seed","Label":"Seed","Category":"","Description":"","Attributes":0,"ValueType":"System.String"},"Value":"736804212"}]},"Attachments":[],"Outcome":1,"ErrorMessage":null,"ErrorStackTrace":null,"DisplayName":"GetTest","Messages":[],"ComputerName":"DESKTOP-DPV93JG","Duration":"00:00:00.0010140","StartTime":"2024-05-30T18:35:29.8189907+00:00","EndTime":"2024-05-30T18:35:29.8200047+00:00","Properties":[{"Key":{"Id":"NUnit.Seed","Label":"Seed","Category":"","Description":"","Attributes":0,"ValueType":"System.String"},"Value":"736804212"}]},{"TestCase":{"Id":"78c844c0-733d-a335-b81a-71dd3e50780d","FullyQualifiedName":"FoodDeliveryAppTests.repositorytests.Tests.UpdateTest","DisplayName":"UpdateTest","ExecutorUri":"executor://NUnit3TestExecutor","Source":"C:\\Users\\VC\\Desktop\\mini-project\\FoodDeliveryWebAppSln\\FoodDeliveryAppTests\\bin\\Debug\\net6.0\\fine-code-coverage\\build-output\\FoodDeliveryAppTests.dll","CodeFilePath":null,"LineNumber":0,"Properties":[{"Key":{"Id":"NUnit.Seed","Label":"Seed","Category":"","Description":"","Attributes":0,"ValueType":"System.String"},"Value":"1535516957"}]},"Attachments":[],"Outcome":1,"ErrorMessage":null,"ErrorStackTrace":null,"DisplayName":"UpdateTest","Messages":[],"ComputerName":"DESKTOP-DPV93JG","Duration":"00:00:00.0014840","StartTime":"2024-05-30T18:35:29.8200169+00:00","EndTime":"2024-05-30T18:35:29.8215006+00:00","Properties":[{"Key":{"Id":"NUnit.Seed","Label":"Seed","Category":"","Description":"","Attributes":0,"ValueType":"System.String"},"Value":"1535516957"}]},{"TestCase":{"Id":"a47dc9a4-f0a6-2b6a-8995-3a839e4885e8","FullyQualifiedName":"FoodDeliveryAppTests.servicetests.AdminServiceTest.AddMenu","DisplayName":"AddMenu","ExecutorUri":"executor://NUnit3TestExecutor","Source":"C:\\Users\\VC\\Desktop\\mini-project\\FoodDeliveryWebAppSln\\FoodDeliveryAppTests\\bin\\Debug\\net6.0\\fine-code-coverage\\build-output\\FoodDeliveryAppTests.dll","CodeFilePath":null,"LineNumber":0,"Properties":[{"Key":{"Id":"NUnit.Seed","Label":"Seed","Category":"","Description":"","Attributes":0,"ValueType":"System.String"},"Value":"76079727"}]},"Attachments":[],"Outcome":1,"ErrorMessage":null,"ErrorStackTrace":null,"DisplayName":"AddMenu","Messages":[],"ComputerName":"DESKTOP-DPV93JG","Duration":"00:00:00.0012340","StartTime":"2024-05-30T18:35:29.8216108+00:00","EndTime":"2024-05-30T18:35:29.8228447+00:00","Properties":[{"Key":{"Id":"NUnit.Seed","Label":"Seed","Category":"","Description":"","Attributes":0,"ValueType":"System.String"},"Value":"76079727"}]},{"TestCase":{"Id":"b9354d15-a869-8263-a889-949fee470a62","FullyQualifiedName":"FoodDeliveryAppTests.servicetests.AdminServiceTest.DeleteMenu","DisplayName":"DeleteMenu","ExecutorUri":"executor://NUnit3TestExecutor","Source":"C:\\Users\\VC\\Desktop\\mini-project\\FoodDeliveryWebAppSln\\FoodDeliveryAppTests\\bin\\Debug\\net6.0\\fine-code-coverage\\build-output\\FoodDeliveryAppTests.dll","CodeFilePath":null,"LineNumber":0,"Properties":[{"Key":{"Id":"NUnit.Seed","Label":"Seed","Category":"","Description":"","Attributes":0,"ValueType":"System.String"},"Value":"326887428"}]},"Attachments":[],"Outcome":1,"ErrorMessage":null,"ErrorStackTrace":null,"DisplayName":"DeleteMenu","Messages":[],"ComputerName":"DESKTOP-DPV93JG","Duration":"00:00:00.0008370","StartTime":"2024-05-30T18:35:29.8228567+00:00","EndTime":"2024-05-30T18:35:29.8236939+00:00","Properties":[{"Key":{"Id":"NUnit.Seed","Label":"Seed","Category":"","Description":"","Attributes":0,"ValueType":"System.String"},"Value":"326887428"}]}],"TestRunStatistics":{"ExecutedTests":63,"Stats":{"Passed":62,"Failed":1}},"ActiveTests":[{"Id":"bc279432-ccfa-936d-490c-040dbf657a4f","FullyQualifiedName":"FoodDeliveryAppTests.servicetests.AdminServiceTest.GetMenu","DisplayName":"GetMenu","ExecutorUri":"executor://NUnit3TestExecutor","Source":"C:\\Users\\VC\\Desktop\\mini-project\\FoodDeliveryWebAppSln\\FoodDeliveryAppTests\\bin\\Debug\\net6.0\\fine-code-coverage\\build-output\\FoodDeliveryAppTests.dll","CodeFilePath":null,"LineNumber":0,"Properties":[{"Key":{"Id":"NUnit.Seed","Label":"Seed","Category":"","Description":"","Attributes":0,"ValueType":"System.String"},"Value":"1924633630"}]}]}}
TpTrace Verbose: 0 : 26768, 12, 2024/05/31, 00:05:29.827, 10648990926930, vstest.console.dll, TestRunRequest:SendTestRunStatsChange: Starting.
TpTrace Verbose: 0 : 26768, 12, 2024/05/31, 00:05:29.827, 10648990927519, vstest.console.dll, InProgress is GetMenu
TpTrace Verbose: 0 : 26768, 12, 2024/05/31, 00:05:29.827, 10648990927887, vstest.console.dll, MulticastDelegateUtilities.SafeInvoke: TestRun.RunStatsChanged: Invoking callbacks was skipped because there are no subscribers.
TpTrace Information: 0 : 26768, 12, 2024/05/31, 00:05:29.827, 10648990928091, vstest.console.dll, TestRunRequest:SendTestRunStatsChange: Completed.
TpTrace Verbose: 0 : 26768, 12, 2024/05/31, 00:05:29.827, 10648990928335, vstest.console.dll, MulticastDelegateUtilities.SafeInvoke: LengthPrefixCommunicationChannel: MessageReceived: Invoking callback 1/1 for Microsoft.VisualStudio.TestPlatform.CommunicationUtilities.TestRequestSender+<>c__DisplayClass34_0., took 1 ms.
TpTrace Verbose: 0 : 26768, 4, 2024/05/31, 00:05:29.827, 10648990928430, vstest.console.dll, MulticastDelegateUtilities.SafeInvoke: InternalTestLoggerEvents.SendTestResult: Invoking callback 1/1 for Microsoft.VisualStudio.TestPlatform.CommandLine.Internal.ConsoleLogger., took 0 ms.
TpTrace Verbose: 0 : 26768, 12, 2024/05/31, 00:05:29.827, 10648990928621, vstest.console.dll, TcpClientExtensions.MessageLoopAsync: Polling on remoteEndPoint: 127.0.0.1:62910 localEndPoint: 127.0.0.1:62909 after 31 ms
TpTrace Verbose: 0 : 26768, 4, 2024/05/31, 00:05:29.827, 10648990929036, vstest.console.dll, MulticastDelegateUtilities.SafeInvoke: InternalTestLoggerEvents.SendTestResult: Invoking callback 1/1 for Microsoft.VisualStudio.TestPlatform.CommandLine.Internal.ConsoleLogger., took 0 ms.
TpTrace Verbose: 0 : 26768, 4, 2024/05/31, 00:05:29.828, 10648990929428, vstest.console.dll, MulticastDelegateUtilities.SafeInvoke: InternalTestLoggerEvents.SendTestResult: Invoking callback 1/1 for Microsoft.VisualStudio.TestPlatform.CommandLine.Internal.ConsoleLogger., took 0 ms.
TpTrace Verbose: 0 : 26768, 4, 2024/05/31, 00:05:29.828, 10648990929722, vstest.console.dll, MulticastDelegateUtilities.SafeInvoke: InternalTestLoggerEvents.SendTestResult: Invoking callback 1/1 for Microsoft.VisualStudio.TestPlatform.CommandLine.Internal.ConsoleLogger., took 0 ms.
TpTrace Verbose: 0 : 26768, 4, 2024/05/31, 00:05:29.828, 10648990929958, vstest.console.dll, MulticastDelegateUtilities.SafeInvoke: InternalTestLoggerEvents.SendTestResult: Invoking callback 1/1 for Microsoft.VisualStudio.TestPlatform.CommandLine.Internal.ConsoleLogger., took 0 ms.
TpTrace Verbose: 0 : 26768, 4, 2024/05/31, 00:05:29.828, 10648990930251, vstest.console.dll, MulticastDelegateUtilities.SafeInvoke: InternalTestLoggerEvents.SendTestResult: Invoking callback 1/1 for Microsoft.VisualStudio.TestPlatform.CommandLine.Internal.ConsoleLogger., took 0 ms.
TpTrace Verbose: 0 : 26768, 4, 2024/05/31, 00:05:29.828, 10648990930480, vstest.console.dll, MulticastDelegateUtilities.SafeInvoke: InternalTestLoggerEvents.SendTestResult: Invoking callback 1/1 for Microsoft.VisualStudio.TestPlatform.CommandLine.Internal.ConsoleLogger., took 0 ms.
TpTrace Verbose: 0 : 26768, 4, 2024/05/31, 00:05:29.828, 10648990930749, vstest.console.dll, MulticastDelegateUtilities.SafeInvoke: InternalTestLoggerEvents.SendTestResult: Invoking callback 1/1 for Microsoft.VisualStudio.TestPlatform.CommandLine.Internal.ConsoleLogger., took 0 ms.
TpTrace Verbose: 0 : 26768, 4, 2024/05/31, 00:05:29.828, 10648990931050, vstest.console.dll, MulticastDelegateUtilities.SafeInvoke: InternalTestLoggerEvents.SendTestResult: Invoking callback 1/1 for Microsoft.VisualStudio.TestPlatform.CommandLine.Internal.ConsoleLogger., took 0 ms.
TpTrace Verbose: 0 : 26768, 12, 2024/05/31, 00:05:29.943, 10648992079990, vstest.console.dll, TcpClientExtensions.MessageLoopAsync: NotifyDataAvailable remoteEndPoint: 127.0.0.1:62910 localEndPoint: 127.0.0.1:62909
TpTrace Verbose: 0 : 26768, 12, 2024/05/31, 00:05:29.943, 10648992082671, vstest.console.dll, TestRequestSender.OnExecutionMessageReceived: Received message: {"Version":7,"MessageType":"TestExecution.StatsChange","Payload":{"NewTestResults":[{"TestCase":{"Id":"bc279432-ccfa-936d-490c-040dbf657a4f","FullyQualifiedName":"FoodDeliveryAppTests.servicetests.AdminServiceTest.GetMenu","DisplayName":"GetMenu","ExecutorUri":"executor://NUnit3TestExecutor","Source":"C:\\Users\\VC\\Desktop\\mini-project\\FoodDeliveryWebAppSln\\FoodDeliveryAppTests\\bin\\Debug\\net6.0\\fine-code-coverage\\build-output\\FoodDeliveryAppTests.dll","CodeFilePath":null,"LineNumber":0,"Properties":[{"Key":{"Id":"NUnit.Seed","Label":"Seed","Category":"","Description":"","Attributes":0,"ValueType":"System.String"},"Value":"1924633630"}]},"Attachments":[],"Outcome":1,"ErrorMessage":null,"ErrorStackTrace":null,"DisplayName":"GetMenu","Messages":[],"ComputerName":"DESKTOP-DPV93JG","Duration":"00:00:00.0009460","StartTime":"2024-05-30T18:35:29.8237107+00:00","EndTime":"2024-05-30T18:35:29.8246562+00:00","Properties":[{"Key":{"Id":"NUnit.Seed","Label":"Seed","Category":"","Description":"","Attributes":0,"ValueType":"System.String"},"Value":"1924633630"}]},{"TestCase":{"Id":"6b1e32bc-9c16-e2c6-71ea-193b8312beef","FullyQualifiedName":"FoodDeliveryAppTests.servicetests.AdminServiceTest.UpdateMenu","DisplayName":"UpdateMenu","ExecutorUri":"executor://NUnit3TestExecutor","Source":"C:\\Users\\VC\\Desktop\\mini-project\\FoodDeliveryWebAppSln\\FoodDeliveryAppTests\\bin\\Debug\\net6.0\\fine-code-coverage\\build-output\\FoodDeliveryAppTests.dll","CodeFilePath":null,"LineNumber":0,"Properties":[{"Key":{"Id":"NUnit.Seed","Label":"Seed","Category":"","Description":"","Attributes":0,"ValueType":"System.String"},"Value":"1241319860"}]},"Attachments":[],"Outcome":1,"ErrorMessage":null,"ErrorStackTrace":null,"DisplayName":"UpdateMenu","Messages":[],"ComputerName":"DESKTOP-DPV93JG","Duration":"00:00:00.0014390","StartTime":"2024-05-30T18:35:29.8246669+00:00","EndTime":"2024-05-30T18:35:29.8261057+00:00","Properties":[{"Key":{"Id":"NUnit.Seed","Label":"Seed","Category":"","Description":"","Attributes":0,"ValueType":"System.String"},"Value":"1241319860"}]},{"TestCase":{"Id":"86ae1cb3-70c6-ff25-f55e-5f19aab33fbb","FullyQualifiedName":"FoodDeliveryAppTests.servicetests.AdminServiceTest.UpdateStockMenu","DisplayName":"UpdateStockMenu","ExecutorUri":"executor://NUnit3TestExecutor","Source":"C:\\Users\\VC\\Desktop\\mini-project\\FoodDeliveryWebAppSln\\FoodDeliveryAppTests\\bin\\Debug\\net6.0\\fine-code-coverage\\build-output\\FoodDeliveryAppTests.dll","CodeFilePath":null,"LineNumber":0,"Properties":[{"Key":{"Id":"NUnit.Seed","Label":"Seed","Category":"","Description":"","Attributes":0,"ValueType":"System.String"},"Value":"445546969"}]},"Attachments":[],"Outcome":2,"ErrorMessage":"System.ArgumentException : An item with the same key has already been added. Key: 5","ErrorStackTrace":"   at System.Collections.Generic.Dictionary`2.TryInsert(TKey key, TValue value, InsertionBehavior behavior)\r\n   at Microsoft.EntityFrameworkCore.InMemory.Storage.Internal.InMemoryTable`1.Create(IUpdateEntry entry)\r\n   at Microsoft.EntityFrameworkCore.InMemory.Storage.Internal.InMemoryStore.ExecuteTransaction(IList`1 entries, IDiagnosticsLogger`1 updateLogger)\r\n   at Microsoft.EntityFrameworkCore.InMemory.Storage.Internal.InMemoryDatabase.SaveChangesAsync(IList`1 entries, CancellationToken cancellationToken)\r\n   at Microsoft.EntityFrameworkCore.ChangeTracking.Internal.StateManager.SaveChangesAsync(IList`1 entriesToSave, CancellationToken cancellationToken)\r\n   at Microsoft.EntityFrameworkCore.ChangeTracking.Internal.StateManager.SaveChangesAsync(StateManager stateManager, Boolean acceptAllChangesOnSuccess, CancellationToken cancellationToken)\r\n   at Microsoft.EntityFrameworkCore.DbContext.SaveChangesAsync(Boolean acceptAllChangesOnSuccess, CancellationToken cancellationToken)\r\n   at Microsoft.EntityFrameworkCore.DbContext.SaveChangesAsync(Boolean acceptAllChangesOnSuccess, CancellationToken cancellationToken)\r\n   at FoodDeliveryWebApp.repositories.MenuRepository.Add(Menu item) in C:\\Users\\VC\\Desktop\\mini-project\\FoodDeliveryWebAppSln\\FoodDeliveryWebApp\\repositories\\MenuRepository.cs:line 21\r\n   at FoodDeliveryWebApp.services.AdminServices.AddFoodToMenu(Menu menu) in C:\\Users\\VC\\Desktop\\mini-project\\FoodDeliveryWebAppSln\\FoodDeliveryWebApp\\services\\AdminServices.cs:line 18\r\n   at FoodDeliveryAppTests.servicetests.AdminServiceTest.UpdateStockMenu() in C:\\Users\\VC\\Desktop\\mini-project\\FoodDeliveryWebAppSln\\FoodDeliveryAppTests\\servicetests\\AdminServiceTest.cs:line 104\r\n   at NUnit.Framework.Internal.TaskAwaitAdapter.GenericAdapter`1.GetResult()\r\n   at NUnit.Framework.Internal.AsyncToSyncAdapter.Await(Func`1 invoke)\r\n   at NUnit.Framework.Internal.Commands.TestMethodCommand.RunTestMethod(TestExecutionContext context)\r\n   at NUnit.Framework.Internal.Commands.TestMethodCommand.Execute(TestExecutionContext context)\r\n   at NUnit.Framework.Internal.Commands.BeforeAndAfterTestCommand.<>c__DisplayClass1_0.<Execute>b__0()\r\n   at NUnit.Framework.Internal.Commands.DelegatingTestCommand.RunTestMethodInThreadAbortSafeZone(TestExecutionContext context, Action action)\n","DisplayName":"UpdateStockMenu","Messages":[],"ComputerName":"DESKTOP-DPV93JG","Duration":"00:00:00.0020170","StartTime":"2024-05-30T18:35:29.8261167+00:00","EndTime":"2024-05-30T18:35:29.8281334+00:00","Properties":[{"Key":{"Id":"NUnit.Seed","Label":"Seed","Category":"","Description":"","Attributes":0,"ValueType":"System.String"},"Value":"445546969"}]},{"TestCase":{"Id":"25abf41b-c92a-7d70-3d4c-18692989162b","FullyQualifiedName":"FoodDeliveryAppTests.servicetests.CartServiceTest.AddFeedback","DisplayName":"AddFeedback","ExecutorUri":"executor://NUnit3TestExecutor","Source":"C:\\Users\\VC\\Desktop\\mini-project\\FoodDeliveryWebAppSln\\FoodDeliveryAppTests\\bin\\Debug\\net6.0\\fine-code-coverage\\build-output\\FoodDeliveryAppTests.dll","CodeFilePath":null,"LineNumber":0,"Properties":[{"Key":{"Id":"NUnit.Seed","Label":"Seed","Category":"","Description":"","Attributes":0,"ValueType":"System.String"},"Value":"396441390"}]},"Attachments":[],"Outcome":1,"ErrorMessage":null,"ErrorStackTrace":null,"DisplayName":"AddFeedback","Messages":[],"ComputerName":"DESKTOP-DPV93JG","Duration":"00:00:00.0881720","StartTime":"2024-05-30T18:35:29.8282633+00:00","EndTime":"2024-05-30T18:35:29.9164347+00:00","Properties":[{"Key":{"Id":"NUnit.Seed","Label":"Seed","Category":"","Description":"","Attributes":0,"ValueType":"System.String"},"Value":"396441390"}]},{"TestCase":{"Id":"0d9d9cc8-2b77-f0fd-ee03-225890a7f719","FullyQualifiedName":"FoodDeliveryAppTests.servicetests.CartServiceTest.AddFeedbackComment","DisplayName":"AddFeedbackComment","ExecutorUri":"executor://NUnit3TestExecutor","Source":"C:\\Users\\VC\\Desktop\\mini-project\\FoodDeliveryWebAppSln\\FoodDeliveryAppTests\\bin\\Debug\\net6.0\\fine-code-coverage\\build-output\\FoodDeliveryAppTests.dll","CodeFilePath":null,"LineNumber":0,"Properties":[{"Key":{"Id":"NUnit.Seed","Label":"Seed","Category":"","Description":"","Attributes":0,"ValueType":"System.String"},"Value":"1956915202"}]},"Attachments":[],"Outcome":1,"ErrorMessage":null,"ErrorStackTrace":null,"DisplayName":"AddFeedbackComment","Messages":[],"ComputerName":"DESKTOP-DPV93JG","Duration":"00:00:00.0039690","StartTime":"2024-05-30T18:35:29.9164687+00:00","EndTime":"2024-05-30T18:35:29.9204375+00:00","Properties":[{"Key":{"Id":"NUnit.Seed","Label":"Seed","Category":"","Description":"","Attributes":0,"ValueType":"System.String"},"Value":"1956915202"}]},{"TestCase":{"Id":"19760d22-5aca-8212-5670-f5b6e4fd4c26","FullyQualifiedName":"FoodDeliveryAppTests.servicetests.CartServiceTest.AddOrder","DisplayName":"AddOrder","ExecutorUri":"executor://NUnit3TestExecutor","Source":"C:\\Users\\VC\\Desktop\\mini-project\\FoodDeliveryWebAppSln\\FoodDeliveryAppTests\\bin\\Debug\\net6.0\\fine-code-coverage\\build-output\\FoodDeliveryAppTests.dll","CodeFilePath":null,"LineNumber":0,"Properties":[{"Key":{"Id":"NUnit.Seed","Label":"Seed","Category":"","Description":"","Attributes":0,"ValueType":"System.String"},"Value":"1760416788"}]},"Attachments":[],"Outcome":1,"ErrorMessage":null,"ErrorStackTrace":null,"DisplayName":"AddOrder","Messages":[],"ComputerName":"DESKTOP-DPV93JG","Duration":"00:00:00.0029849","StartTime":"2024-05-30T18:35:29.9204601+00:00","EndTime":"2024-05-30T18:35:29.9234454+00:00","Properties":[{"Key":{"Id":"NUnit.Seed","Label":"Seed","Category":"","Description":"","Attributes":0,"ValueType":"System.String"},"Value":"1760416788"}]},{"TestCase":{"Id":"1ae26177-1d00-0019-de10-a3a865860b97","FullyQualifiedName":"FoodDeliveryAppTests.servicetests.CartServiceTest.AddPayment","DisplayName":"AddPayment","ExecutorUri":"executor://NUnit3TestExecutor","Source":"C:\\Users\\VC\\Desktop\\mini-project\\FoodDeliveryWebAppSln\\FoodDeliveryAppTests\\bin\\Debug\\net6.0\\fine-code-coverage\\build-output\\FoodDeliveryAppTests.dll","CodeFilePath":null,"LineNumber":0,"Properties":[{"Key":{"Id":"NUnit.Seed","Label":"Seed","Category":"","Description":"","Attributes":0,"ValueType":"System.String"},"Value":"1908528933"}]},"Attachments":[],"Outcome":1,"ErrorMessage":null,"ErrorStackTrace":null,"DisplayName":"AddPayment","Messages":[],"ComputerName":"DESKTOP-DPV93JG","Duration":"00:00:00.0105019","StartTime":"2024-05-30T18:35:29.9234639+00:00","EndTime":"2024-05-30T18:35:29.9339655+00:00","Properties":[{"Key":{"Id":"NUnit.Seed","Label":"Seed","Category":"","Description":"","Attributes":0,"ValueType":"System.String"},"Value":"1908528933"}]},{"TestCase":{"Id":"e69300e2-df02-78bb-2a23-711cb4ad01ca","FullyQualifiedName":"FoodDeliveryAppTests.servicetests.CartServiceTest.AddToCart","DisplayName":"AddToCart","ExecutorUri":"executor://NUnit3TestExecutor","Source":"C:\\Users\\VC\\Desktop\\mini-project\\FoodDeliveryWebAppSln\\FoodDeliveryAppTests\\bin\\Debug\\net6.0\\fine-code-coverage\\build-output\\FoodDeliveryAppTests.dll","CodeFilePath":null,"LineNumber":0,"Properties":[{"Key":{"Id":"NUnit.Seed","Label":"Seed","Category":"","Description":"","Attributes":0,"ValueType":"System.String"},"Value":"1412545516"}]},"Attachments":[],"Outcome":2,"ErrorMessage":"FoodDeliveryWebApp.exceptions.NoId : No user with the given ID","ErrorStackTrace":"   at FoodDeliveryWebApp.repositories.CartRepository.Delete(Int32 key) in C:\\Users\\VC\\Desktop\\mini-project\\FoodDeliveryWebAppSln\\FoodDeliveryWebApp\\repositories\\CartRepository.cs:line 34\r\n   at FoodDeliveryWebApp.services.CartService.RevertCartInsert(Int32 admin) in C:\\Users\\VC\\Desktop\\mini-project\\FoodDeliveryWebAppSln\\FoodDeliveryWebApp\\services\\CartService.cs:line 149\r\n   at FoodDeliveryWebApp.services.CartService.AddCartAndDetails(CartAndDetailsDTO cartAndDetailsDTO) in C:\\Users\\VC\\Desktop\\mini-project\\FoodDeliveryWebAppSln\\FoodDeliveryWebApp\\services\\CartService.cs:line 141\r\n   at FoodDeliveryAppTests.servicetests.CartServiceTest.AddToCart() in C:\\Users\\VC\\Desktop\\mini-project\\FoodDeliveryWebAppSln\\FoodDeliveryAppTests\\servicetests\\CartServiceTest.cs:line 158\r\n   at NUnit.Framework.Internal.TaskAwaitAdapter.GenericAdapter`1.GetResult()\r\n   at NUnit.Framework.Internal.AsyncToSyncAdapter.Await(Func`1 invoke)\r\n   at NUnit.Framework.Internal.Commands.TestMethodCommand.RunTestMethod(TestExecutionContext context)\r\n   at NUnit.Framework.Internal.Commands.TestMethodCommand.Execute(TestExecutionContext context)\r\n   at NUnit.Framework.Internal.Commands.BeforeAndAfterTestCommand.<>c__DisplayClass1_0.<Execute>b__0()\r\n   at NUnit.Framework.Internal.Commands.DelegatingTestCommand.RunTestMethodInThreadAbortSafeZone(TestExecutionContext context, Action action)\n","DisplayName":"AddToCart","Messages":[],"ComputerName":"DESKTOP-DPV93JG","Duration":"00:00:00.0030990","StartTime":"2024-05-30T18:35:29.9339904+00:00","EndTime":"2024-05-30T18:35:29.9370889+00:00","Properties":[{"Key":{"Id":"NUnit.Seed","Label":"Seed","Category":"","Description":"","Attributes":0,"ValueType":"System.String"},"Value":"1412545516"}]},{"TestCase":{"Id":"3f3ec772-0db5-5993-238b-9374f83da21e","FullyQualifiedName":"FoodDeliveryAppTests.servicetests.CartServiceTest.CancelPayment","DisplayName":"CancelPayment","ExecutorUri":"executor://NUnit3TestExecutor","Source":"C:\\Users\\VC\\Desktop\\mini-project\\FoodDeliveryWebAppSln\\FoodDeliveryAppTests\\bin\\Debug\\net6.0\\fine-code-coverage\\build-output\\FoodDeliveryAppTests.dll","CodeFilePath":null,"LineNumber":0,"Properties":[{"Key":{"Id":"NUnit.Seed","Label":"Seed","Category":"","Description":"","Attributes":0,"ValueType":"System.String"},"Value":"351826826"}]},"Attachments":[],"Outcome":1,"ErrorMessage":null,"ErrorStackTrace":null,"DisplayName":"CancelPayment","Messages":[],"ComputerName":"DESKTOP-DPV93JG","Duration":"00:00:00.0027600","StartTime":"2024-05-30T18:35:29.9371148+00:00","EndTime":"2024-05-30T18:35:29.9398747+00:00","Properties":[{"Key":{"Id":"NUnit.Seed","Label":"Seed","Category":"","Description":"","Attributes":0,"ValueType":"System.String"},"Value":"351826826"}]}],"TestRunStatistics":{"ExecutedTests":72,"Stats":{"Passed":69,"Failed":3}},"ActiveTests":[{"Id":"8aa40c33-76ca-bcfe-6d07-4446637a3db9","FullyQualifiedName":"FoodDeliveryAppTests.servicetests.CartServiceTest.DelCart","DisplayName":"DelCart","ExecutorUri":"executor://NUnit3TestExecutor","Source":"C:\\Users\\VC\\Desktop\\mini-project\\FoodDeliveryWebAppSln\\FoodDeliveryAppTests\\bin\\Debug\\net6.0\\fine-code-coverage\\build-output\\FoodDeliveryAppTests.dll","CodeFilePath":null,"LineNumber":0,"Properties":[{"Key":{"Id":"NUnit.Seed","Label":"Seed","Category":"","Description":"","Attributes":0,"ValueType":"System.String"},"Value":"1207615337"}]}]}}
TpTrace Verbose: 0 : 26768, 12, 2024/05/31, 00:05:29.944, 10648992093774, vstest.console.dll, TestRunRequest:SendTestRunStatsChange: Starting.
TpTrace Verbose: 0 : 26768, 12, 2024/05/31, 00:05:29.944, 10648992094269, vstest.console.dll, InProgress is DelCart
TpTrace Verbose: 0 : 26768, 12, 2024/05/31, 00:05:29.944, 10648992094672, vstest.console.dll, MulticastDelegateUtilities.SafeInvoke: TestRun.RunStatsChanged: Invoking callbacks was skipped because there are no subscribers.
TpTrace Information: 0 : 26768, 12, 2024/05/31, 00:05:29.944, 10648992094870, vstest.console.dll, TestRunRequest:SendTestRunStatsChange: Completed.
TpTrace Verbose: 0 : 26768, 12, 2024/05/31, 00:05:29.944, 10648992095092, vstest.console.dll, MulticastDelegateUtilities.SafeInvoke: LengthPrefixCommunicationChannel: MessageReceived: Invoking callback 1/1 for Microsoft.VisualStudio.TestPlatform.CommunicationUtilities.TestRequestSender+<>c__DisplayClass34_0., took 1 ms.
TpTrace Verbose: 0 : 26768, 12, 2024/05/31, 00:05:29.944, 10648992095421, vstest.console.dll, TcpClientExtensions.MessageLoopAsync: Polling on remoteEndPoint: 127.0.0.1:62910 localEndPoint: 127.0.0.1:62909 after 116 ms
TpTrace Verbose: 0 : 26768, 4, 2024/05/31, 00:05:29.944, 10648992095445, vstest.console.dll, MulticastDelegateUtilities.SafeInvoke: InternalTestLoggerEvents.SendTestResult: Invoking callback 1/1 for Microsoft.VisualStudio.TestPlatform.CommandLine.Internal.ConsoleLogger., took 0 ms.
TpTrace Verbose: 0 : 26768, 4, 2024/05/31, 00:05:29.944, 10648992096576, vstest.console.dll, MulticastDelegateUtilities.SafeInvoke: InternalTestLoggerEvents.SendTestResult: Invoking callback 1/1 for Microsoft.VisualStudio.TestPlatform.CommandLine.Internal.ConsoleLogger., took 0 ms.
TpTrace Verbose: 0 : 26768, 4, 2024/05/31, 00:05:29.945, 10648992099731, vstest.console.dll, MulticastDelegateUtilities.SafeInvoke: InternalTestLoggerEvents.SendTestResult: Invoking callback 1/1 for Microsoft.VisualStudio.TestPlatform.CommandLine.Internal.ConsoleLogger., took 0 ms.
TpTrace Verbose: 0 : 26768, 4, 2024/05/31, 00:05:29.945, 10648992103183, vstest.console.dll, MulticastDelegateUtilities.SafeInvoke: InternalTestLoggerEvents.SendTestResult: Invoking callback 1/1 for Microsoft.VisualStudio.TestPlatform.CommandLine.Internal.ConsoleLogger., took 0 ms.
TpTrace Verbose: 0 : 26768, 4, 2024/05/31, 00:05:29.945, 10648992104762, vstest.console.dll, MulticastDelegateUtilities.SafeInvoke: InternalTestLoggerEvents.SendTestResult: Invoking callback 1/1 for Microsoft.VisualStudio.TestPlatform.CommandLine.Internal.ConsoleLogger., took 0 ms.
TpTrace Verbose: 0 : 26768, 4, 2024/05/31, 00:05:29.945, 10648992106375, vstest.console.dll, MulticastDelegateUtilities.SafeInvoke: InternalTestLoggerEvents.SendTestResult: Invoking callback 1/1 for Microsoft.VisualStudio.TestPlatform.CommandLine.Internal.ConsoleLogger., took 0 ms.
TpTrace Verbose: 0 : 26768, 4, 2024/05/31, 00:05:29.945, 10648992107556, vstest.console.dll, MulticastDelegateUtilities.SafeInvoke: InternalTestLoggerEvents.SendTestResult: Invoking callback 1/1 for Microsoft.VisualStudio.TestPlatform.CommandLine.Internal.ConsoleLogger., took 0 ms.
TpTrace Verbose: 0 : 26768, 4, 2024/05/31, 00:05:29.946, 10648992110474, vstest.console.dll, MulticastDelegateUtilities.SafeInvoke: InternalTestLoggerEvents.SendTestResult: Invoking callback 1/1 for Microsoft.VisualStudio.TestPlatform.CommandLine.Internal.ConsoleLogger., took 0 ms.
TpTrace Verbose: 0 : 26768, 4, 2024/05/31, 00:05:29.946, 10648992111766, vstest.console.dll, MulticastDelegateUtilities.SafeInvoke: InternalTestLoggerEvents.SendTestResult: Invoking callback 1/1 for Microsoft.VisualStudio.TestPlatform.CommandLine.Internal.ConsoleLogger., took 0 ms.
TpTrace Verbose: 0 : 26768, 12, 2024/05/31, 00:05:29.980, 10648992453659, vstest.console.dll, TcpClientExtensions.MessageLoopAsync: NotifyDataAvailable remoteEndPoint: 127.0.0.1:62910 localEndPoint: 127.0.0.1:62909
TpTrace Verbose: 0 : 26768, 12, 2024/05/31, 00:05:29.980, 10648992456638, vstest.console.dll, TestRequestSender.OnExecutionMessageReceived: Received message: {"Version":7,"MessageType":"TestExecution.StatsChange","Payload":{"NewTestResults":[{"TestCase":{"Id":"8aa40c33-76ca-bcfe-6d07-4446637a3db9","FullyQualifiedName":"FoodDeliveryAppTests.servicetests.CartServiceTest.DelCart","DisplayName":"DelCart","ExecutorUri":"executor://NUnit3TestExecutor","Source":"C:\\Users\\VC\\Desktop\\mini-project\\FoodDeliveryWebAppSln\\FoodDeliveryAppTests\\bin\\Debug\\net6.0\\fine-code-coverage\\build-output\\FoodDeliveryAppTests.dll","CodeFilePath":null,"LineNumber":0,"Properties":[{"Key":{"Id":"NUnit.Seed","Label":"Seed","Category":"","Description":"","Attributes":0,"ValueType":"System.String"},"Value":"1207615337"}]},"Attachments":[],"Outcome":2,"ErrorMessage":"System.ArgumentException : An item with the same key has already been added. Key: 1","ErrorStackTrace":"   at System.Collections.Generic.Dictionary`2.TryInsert(TKey key, TValue value, InsertionBehavior behavior)\r\n   at Microsoft.EntityFrameworkCore.InMemory.Storage.Internal.InMemoryTable`1.Create(IUpdateEntry entry)\r\n   at Microsoft.EntityFrameworkCore.InMemory.Storage.Internal.InMemoryStore.ExecuteTransaction(IList`1 entries, IDiagnosticsLogger`1 updateLogger)\r\n   at Microsoft.EntityFrameworkCore.InMemory.Storage.Internal.InMemoryDatabase.SaveChangesAsync(IList`1 entries, CancellationToken cancellationToken)\r\n   at Microsoft.EntityFrameworkCore.ChangeTracking.Internal.StateManager.SaveChangesAsync(IList`1 entriesToSave, CancellationToken cancellationToken)\r\n   at Microsoft.EntityFrameworkCore.ChangeTracking.Internal.StateManager.SaveChangesAsync(StateManager stateManager, Boolean acceptAllChangesOnSuccess, CancellationToken cancellationToken)\r\n   at Microsoft.EntityFrameworkCore.DbContext.SaveChangesAsync(Boolean acceptAllChangesOnSuccess, CancellationToken cancellationToken)\r\n   at Microsoft.EntityFrameworkCore.DbContext.SaveChangesAsync(Boolean acceptAllChangesOnSuccess, CancellationToken cancellationToken)\r\n   at FoodDeliveryWebApp.repositories.CartRepository.Delete(Int32 key) in C:\\Users\\VC\\Desktop\\mini-project\\FoodDeliveryWebAppSln\\FoodDeliveryWebApp\\repositories\\CartRepository.cs:line 31\r\n   at FoodDeliveryWebApp.services.CartService.RevertCartInsert(Int32 admin) in C:\\Users\\VC\\Desktop\\mini-project\\FoodDeliveryWebAppSln\\FoodDeliveryWebApp\\services\\CartService.cs:line 149\r\n   at FoodDeliveryWebApp.services.CartService.AddCartAndDetails(CartAndDetailsDTO cartAndDetailsDTO) in C:\\Users\\VC\\Desktop\\mini-project\\FoodDeliveryWebAppSln\\FoodDeliveryWebApp\\services\\CartService.cs:line 141\r\n   at FoodDeliveryAppTests.servicetests.CartServiceTest.DelCart() in C:\\Users\\VC\\Desktop\\mini-project\\FoodDeliveryWebAppSln\\FoodDeliveryAppTests\\servicetests\\CartServiceTest.cs:line 192\r\n   at NUnit.Framework.Internal.TaskAwaitAdapter.GenericAdapter`1.GetResult()\r\n   at NUnit.Framework.Internal.AsyncToSyncAdapter.Await(Func`1 invoke)\r\n   at NUnit.Framework.Internal.Commands.TestMethodCommand.RunTestMethod(TestExecutionContext context)\r\n   at NUnit.Framework.Internal.Commands.TestMethodCommand.Execute(TestExecutionContext context)\r\n   at NUnit.Framework.Internal.Commands.BeforeAndAfterTestCommand.<>c__DisplayClass1_0.<Execute>b__0()\r\n   at NUnit.Framework.Internal.Commands.DelegatingTestCommand.RunTestMethodInThreadAbortSafeZone(TestExecutionContext context, Action action)\n","DisplayName":"DelCart","Messages":[],"ComputerName":"DESKTOP-DPV93JG","Duration":"00:00:00.0034930","StartTime":"2024-05-30T18:35:29.9398894+00:00","EndTime":"2024-05-30T18:35:29.943382+00:00","Properties":[{"Key":{"Id":"NUnit.Seed","Label":"Seed","Category":"","Description":"","Attributes":0,"ValueType":"System.String"},"Value":"1207615337"}]},{"TestCase":{"Id":"3a84ac3b-3b37-bbd3-295e-9acc380acc4c","FullyQualifiedName":"FoodDeliveryAppTests.servicetests.CartServiceTest.DeleteFB","DisplayName":"DeleteFB","ExecutorUri":"executor://NUnit3TestExecutor","Source":"C:\\Users\\VC\\Desktop\\mini-project\\FoodDeliveryWebAppSln\\FoodDeliveryAppTests\\bin\\Debug\\net6.0\\fine-code-coverage\\build-output\\FoodDeliveryAppTests.dll","CodeFilePath":null,"LineNumber":0,"Properties":[{"Key":{"Id":"NUnit.Seed","Label":"Seed","Category":"","Description":"","Attributes":0,"ValueType":"System.String"},"Value":"633401143"}]},"Attachments":[],"Outcome":1,"ErrorMessage":null,"ErrorStackTrace":null,"DisplayName":"DeleteFB","Messages":[],"ComputerName":"DESKTOP-DPV93JG","Duration":"00:00:00.0040990","StartTime":"2024-05-30T18:35:29.9433987+00:00","EndTime":"2024-05-30T18:35:29.9474977+00:00","Properties":[{"Key":{"Id":"NUnit.Seed","Label":"Seed","Category":"","Description":"","Attributes":0,"ValueType":"System.String"},"Value":"633401143"}]},{"TestCase":{"Id":"bba52e9c-0d09-8570-3a7a-ecea249e04ca","FullyQualifiedName":"FoodDeliveryAppTests.servicetests.CartServiceTest.DeleteFBComment","DisplayName":"DeleteFBComment","ExecutorUri":"executor://NUnit3TestExecutor","Source":"C:\\Users\\VC\\Desktop\\mini-project\\FoodDeliveryWebAppSln\\FoodDeliveryAppTests\\bin\\Debug\\net6.0\\fine-code-coverage\\build-output\\FoodDeliveryAppTests.dll","CodeFilePath":null,"LineNumber":0,"Properties":[{"Key":{"Id":"NUnit.Seed","Label":"Seed","Category":"","Description":"","Attributes":0,"ValueType":"System.String"},"Value":"735892569"}]},"Attachments":[],"Outcome":1,"ErrorMessage":null,"ErrorStackTrace":null,"DisplayName":"DeleteFBComment","Messages":[],"ComputerName":"DESKTOP-DPV93JG","Duration":"00:00:00.0063430","StartTime":"2024-05-30T18:35:29.9475239+00:00","EndTime":"2024-05-30T18:35:29.9538661+00:00","Properties":[{"Key":{"Id":"NUnit.Seed","Label":"Seed","Category":"","Description":"","Attributes":0,"ValueType":"System.String"},"Value":"735892569"}]},{"TestCase":{"Id":"d58ab74c-0bc7-0936-03a1-395f428ed290","FullyQualifiedName":"FoodDeliveryAppTests.servicetests.CartServiceTest.ExceptionTest2","DisplayName":"ExceptionTest2","ExecutorUri":"executor://NUnit3TestExecutor","Source":"C:\\Users\\VC\\Desktop\\mini-project\\FoodDeliveryWebAppSln\\FoodDeliveryAppTests\\bin\\Debug\\net6.0\\fine-code-coverage\\build-output\\FoodDeliveryAppTests.dll","CodeFilePath":null,"LineNumber":0,"Properties":[{"Key":{"Id":"NUnit.Seed","Label":"Seed","Category":"","Description":"","Attributes":0,"ValueType":"System.String"},"Value":"662058074"}]},"Attachments":[],"Outcome":1,"ErrorMessage":null,"ErrorStackTrace":null,"DisplayName":"ExceptionTest2","Messages":[],"ComputerName":"DESKTOP-DPV93JG","Duration":"00:00:00.0049309","StartTime":"2024-05-30T18:35:29.9539004+00:00","EndTime":"2024-05-30T18:35:29.9588308+00:00","Properties":[{"Key":{"Id":"NUnit.Seed","Label":"Seed","Category":"","Description":"","Attributes":0,"ValueType":"System.String"},"Value":"662058074"}]},{"TestCase":{"Id":"2aa689de-0f64-65b2-2833-45d19cb03c20","FullyQualifiedName":"FoodDeliveryAppTests.servicetests.CartServiceTest.ExceptionTest3","DisplayName":"ExceptionTest3","ExecutorUri":"executor://NUnit3TestExecutor","Source":"C:\\Users\\VC\\Desktop\\mini-project\\FoodDeliveryWebAppSln\\FoodDeliveryAppTests\\bin\\Debug\\net6.0\\fine-code-coverage\\build-output\\FoodDeliveryAppTests.dll","CodeFilePath":null,"LineNumber":0,"Properties":[{"Key":{"Id":"NUnit.Seed","Label":"Seed","Category":"","Description":"","Attributes":0,"ValueType":"System.String"},"Value":"506908242"}]},"Attachments":[],"Outcome":1,"ErrorMessage":null,"ErrorStackTrace":null,"DisplayName":"ExceptionTest3","Messages":[],"ComputerName":"DESKTOP-DPV93JG","Duration":"00:00:00.0031580","StartTime":"2024-05-30T18:35:29.9588522+00:00","EndTime":"2024-05-30T18:35:29.9620095+00:00","Properties":[{"Key":{"Id":"NUnit.Seed","Label":"Seed","Category":"","Description":"","Attributes":0,"ValueType":"System.String"},"Value":"506908242"}]},{"TestCase":{"Id":"fe426d4e-9cf7-827a-206b-8128599795f2","FullyQualifiedName":"FoodDeliveryAppTests.servicetests.CartServiceTest.ExceptionTest4","DisplayName":"ExceptionTest4","ExecutorUri":"executor://NUnit3TestExecutor","Source":"C:\\Users\\VC\\Desktop\\mini-project\\FoodDeliveryWebAppSln\\FoodDeliveryAppTests\\bin\\Debug\\net6.0\\fine-code-coverage\\build-output\\FoodDeliveryAppTests.dll","CodeFilePath":null,"LineNumber":0,"Properties":[{"Key":{"Id":"NUnit.Seed","Label":"Seed","Category":"","Description":"","Attributes":0,"ValueType":"System.String"},"Value":"1048091733"}]},"Attachments":[],"Outcome":1,"ErrorMessage":null,"ErrorStackTrace":null,"DisplayName":"ExceptionTest4","Messages":[],"ComputerName":"DESKTOP-DPV93JG","Duration":"00:00:00.0045350","StartTime":"2024-05-30T18:35:29.9621488+00:00","EndTime":"2024-05-30T18:35:29.9666848+00:00","Properties":[{"Key":{"Id":"NUnit.Seed","Label":"Seed","Category":"","Description":"","Attributes":0,"ValueType":"System.String"},"Value":"1048091733"}]},{"TestCase":{"Id":"2d96f050-01a9-29d0-ca00-cac9a0ce22bf","FullyQualifiedName":"FoodDeliveryAppTests.servicetests.CartServiceTest.GetCart","DisplayName":"GetCart","ExecutorUri":"executor://NUnit3TestExecutor","Source":"C:\\Users\\VC\\Desktop\\mini-project\\FoodDeliveryWebAppSln\\FoodDeliveryAppTests\\bin\\Debug\\net6.0\\fine-code-coverage\\build-output\\FoodDeliveryAppTests.dll","CodeFilePath":null,"LineNumber":0,"Properties":[{"Key":{"Id":"NUnit.Seed","Label":"Seed","Category":"","Description":"","Attributes":0,"ValueType":"System.String"},"Value":"5799022"}]},"Attachments":[],"Outcome":1,"ErrorMessage":null,"ErrorStackTrace":null,"DisplayName":"GetCart","Messages":[],"ComputerName":"DESKTOP-DPV93JG","Duration":"00:00:00.0037040","StartTime":"2024-05-30T18:35:29.9667126+00:00","EndTime":"2024-05-30T18:35:29.9704164+00:00","Properties":[{"Key":{"Id":"NUnit.Seed","Label":"Seed","Category":"","Description":"","Attributes":0,"ValueType":"System.String"},"Value":"5799022"}]},{"TestCase":{"Id":"84ea1ea4-1c1e-f26d-710e-da3cc80d27c5","FullyQualifiedName":"FoodDeliveryAppTests.servicetests.CartServiceTest.GetOrder","DisplayName":"GetOrder","ExecutorUri":"executor://NUnit3TestExecutor","Source":"C:\\Users\\VC\\Desktop\\mini-project\\FoodDeliveryWebAppSln\\FoodDeliveryAppTests\\bin\\Debug\\net6.0\\fine-code-coverage\\build-output\\FoodDeliveryAppTests.dll","CodeFilePath":null,"LineNumber":0,"Properties":[{"Key":{"Id":"NUnit.Seed","Label":"Seed","Category":"","Description":"","Attributes":0,"ValueType":"System.String"},"Value":"1975222247"}]},"Attachments":[],"Outcome":1,"ErrorMessage":null,"ErrorStackTrace":null,"DisplayName":"GetOrder","Messages":[],"ComputerName":"DESKTOP-DPV93JG","Duration":"00:00:00.0033170","StartTime":"2024-05-30T18:35:29.970437+00:00","EndTime":"2024-05-30T18:35:29.9737537+00:00","Properties":[{"Key":{"Id":"NUnit.Seed","Label":"Seed","Category":"","Description":"","Attributes":0,"ValueType":"System.String"},"Value":"1975222247"}]},{"TestCase":{"Id":"9a48c1f6-3566-5353-ba10-a9d0f70e9ac8","FullyQualifiedName":"FoodDeliveryAppTests.servicetests.CartServiceTest.GetTotalForCart","DisplayName":"GetTotalForCart","ExecutorUri":"executor://NUnit3TestExecutor","Source":"C:\\Users\\VC\\Desktop\\mini-project\\FoodDeliveryWebAppSln\\FoodDeliveryAppTests\\bin\\Debug\\net6.0\\fine-code-coverage\\build-output\\FoodDeliveryAppTests.dll","CodeFilePath":null,"LineNumber":0,"Properties":[{"Key":{"Id":"NUnit.Seed","Label":"Seed","Category":"","Description":"","Attributes":0,"ValueType":"System.String"},"Value":"9250182"}]},"Attachments":[],"Outcome":1,"ErrorMessage":null,"ErrorStackTrace":null,"DisplayName":"GetTotalForCart","Messages":[],"ComputerName":"DESKTOP-DPV93JG","Duration":"00:00:00.0044190","StartTime":"2024-05-30T18:35:29.9737722+00:00","EndTime":"2024-05-30T18:35:29.9781907+00:00","Properties":[{"Key":{"Id":"NUnit.Seed","Label":"Seed","Category":"","Description":"","Attributes":0,"ValueType":"System.String"},"Value":"9250182"}]}],"TestRunStatistics":{"ExecutedTests":81,"Stats":{"Passed":77,"Failed":4}},"ActiveTests":[{"Id":"fc95df88-3134-f5bc-963c-9ab1dabe2f68","FullyQualifiedName":"FoodDeliveryAppTests.servicetests.CartServiceTest.GetTotalForOrder","DisplayName":"GetTotalForOrder","ExecutorUri":"executor://NUnit3TestExecutor","Source":"C:\\Users\\VC\\Desktop\\mini-project\\FoodDeliveryWebAppSln\\FoodDeliveryAppTests\\bin\\Debug\\net6.0\\fine-code-coverage\\build-output\\FoodDeliveryAppTests.dll","CodeFilePath":null,"LineNumber":0,"Properties":[{"Key":{"Id":"NUnit.Seed","Label":"Seed","Category":"","Description":"","Attributes":0,"ValueType":"System.String"},"Value":"1272992004"}]}]}}
TpTrace Verbose: 0 : 26768, 12, 2024/05/31, 00:05:29.985, 10648992509194, vstest.console.dll, TestRunRequest:SendTestRunStatsChange: Starting.
TpTrace Verbose: 0 : 26768, 12, 2024/05/31, 00:05:29.986, 10648992510372, vstest.console.dll, InProgress is GetTotalForOrder
TpTrace Verbose: 0 : 26768, 12, 2024/05/31, 00:05:29.986, 10648992510901, vstest.console.dll, MulticastDelegateUtilities.SafeInvoke: TestRun.RunStatsChanged: Invoking callbacks was skipped because there are no subscribers.
TpTrace Information: 0 : 26768, 12, 2024/05/31, 00:05:29.986, 10648992511294, vstest.console.dll, TestRunRequest:SendTestRunStatsChange: Completed.
TpTrace Verbose: 0 : 26768, 12, 2024/05/31, 00:05:29.986, 10648992511672, vstest.console.dll, MulticastDelegateUtilities.SafeInvoke: LengthPrefixCommunicationChannel: MessageReceived: Invoking callback 1/1 for Microsoft.VisualStudio.TestPlatform.CommunicationUtilities.TestRequestSender+<>c__DisplayClass34_0., took 5 ms.
TpTrace Verbose: 0 : 26768, 12, 2024/05/31, 00:05:29.986, 10648992512040, vstest.console.dll, TcpClientExtensions.MessageLoopAsync: Polling on remoteEndPoint: 127.0.0.1:62910 localEndPoint: 127.0.0.1:62909 after 41 ms
TpTrace Verbose: 0 : 26768, 4, 2024/05/31, 00:05:29.986, 10648992513747, vstest.console.dll, MulticastDelegateUtilities.SafeInvoke: InternalTestLoggerEvents.SendTestResult: Invoking callback 1/1 for Microsoft.VisualStudio.TestPlatform.CommandLine.Internal.ConsoleLogger., took 0 ms.
TpTrace Verbose: 0 : 26768, 4, 2024/05/31, 00:05:29.986, 10648992514697, vstest.console.dll, MulticastDelegateUtilities.SafeInvoke: InternalTestLoggerEvents.SendTestResult: Invoking callback 1/1 for Microsoft.VisualStudio.TestPlatform.CommandLine.Internal.ConsoleLogger., took 0 ms.
TpTrace Verbose: 0 : 26768, 4, 2024/05/31, 00:05:29.986, 10648992515235, vstest.console.dll, MulticastDelegateUtilities.SafeInvoke: InternalTestLoggerEvents.SendTestResult: Invoking callback 1/1 for Microsoft.VisualStudio.TestPlatform.CommandLine.Internal.ConsoleLogger., took 0 ms.
TpTrace Verbose: 0 : 26768, 4, 2024/05/31, 00:05:29.986, 10648992515684, vstest.console.dll, MulticastDelegateUtilities.SafeInvoke: InternalTestLoggerEvents.SendTestResult: Invoking callback 1/1 for Microsoft.VisualStudio.TestPlatform.CommandLine.Internal.ConsoleLogger., took 0 ms.
TpTrace Verbose: 0 : 26768, 4, 2024/05/31, 00:05:29.986, 10648992516114, vstest.console.dll, MulticastDelegateUtilities.SafeInvoke: InternalTestLoggerEvents.SendTestResult: Invoking callback 1/1 for Microsoft.VisualStudio.TestPlatform.CommandLine.Internal.ConsoleLogger., took 0 ms.
TpTrace Verbose: 0 : 26768, 4, 2024/05/31, 00:05:29.986, 10648992516628, vstest.console.dll, MulticastDelegateUtilities.SafeInvoke: InternalTestLoggerEvents.SendTestResult: Invoking callback 1/1 for Microsoft.VisualStudio.TestPlatform.CommandLine.Internal.ConsoleLogger., took 0 ms.
TpTrace Verbose: 0 : 26768, 4, 2024/05/31, 00:05:29.986, 10648992517088, vstest.console.dll, MulticastDelegateUtilities.SafeInvoke: InternalTestLoggerEvents.SendTestResult: Invoking callback 1/1 for Microsoft.VisualStudio.TestPlatform.CommandLine.Internal.ConsoleLogger., took 0 ms.
TpTrace Verbose: 0 : 26768, 4, 2024/05/31, 00:05:29.986, 10648992517503, vstest.console.dll, MulticastDelegateUtilities.SafeInvoke: InternalTestLoggerEvents.SendTestResult: Invoking callback 1/1 for Microsoft.VisualStudio.TestPlatform.CommandLine.Internal.ConsoleLogger., took 0 ms.
TpTrace Verbose: 0 : 26768, 4, 2024/05/31, 00:05:29.986, 10648992518588, vstest.console.dll, MulticastDelegateUtilities.SafeInvoke: InternalTestLoggerEvents.SendTestResult: Invoking callback 1/1 for Microsoft.VisualStudio.TestPlatform.CommandLine.Internal.ConsoleLogger., took 0 ms.
TpTrace Verbose: 0 : 26768, 12, 2024/05/31, 00:05:30.069, 10648993348483, vstest.console.dll, TcpClientExtensions.MessageLoopAsync: NotifyDataAvailable remoteEndPoint: 127.0.0.1:62910 localEndPoint: 127.0.0.1:62909
TpTrace Verbose: 0 : 26768, 12, 2024/05/31, 00:05:30.070, 10648993349914, vstest.console.dll, TestRequestSender.OnExecutionMessageReceived: Received message: {"Version":7,"MessageType":"TestSession.Message","Payload":{"MessageLevel":0,"Message":"NUnit Adapter 4.4.0.0: Test execution complete"}}
TpTrace Verbose: 0 : 26768, 12, 2024/05/31, 00:05:30.070, 10648993350897, vstest.console.dll, TestRunRequest:SendTestRunMessage: Starting.
TpTrace Verbose: 0 : 26768, 12, 2024/05/31, 00:05:30.070, 10648993351539, vstest.console.dll, MulticastDelegateUtilities.SafeInvoke: TestRun.LogMessages: Invoking callback 1/1 for Microsoft.VisualStudio.TestPlatform.CommandLine.TestRunResultAggregator., took 0 ms.
TpTrace Information: 0 : 26768, 12, 2024/05/31, 00:05:30.070, 10648993351714, vstest.console.dll, TestRunRequest:SendTestRunMessage: Completed.
TpTrace Verbose: 0 : 26768, 12, 2024/05/31, 00:05:30.070, 10648993351908, vstest.console.dll, MulticastDelegateUtilities.SafeInvoke: LengthPrefixCommunicationChannel: MessageReceived: Invoking callback 1/1 for Microsoft.VisualStudio.TestPlatform.CommunicationUtilities.TestRequestSender+<>c__DisplayClass34_0., took 0 ms.
TpTrace Verbose: 0 : 26768, 12, 2024/05/31, 00:05:30.070, 10648993352126, vstest.console.dll, TcpClientExtensions.MessageLoopAsync: Polling on remoteEndPoint: 127.0.0.1:62910 localEndPoint: 127.0.0.1:62909 after 83 ms
TpTrace Verbose: 0 : 26768, 4, 2024/05/31, 00:05:30.070, 10648993355018, vstest.console.dll, MulticastDelegateUtilities.SafeInvoke: InternalTestLoggerEvents.SendTestRunMessage: Invoking callback 1/1 for Microsoft.VisualStudio.TestPlatform.CommandLine.Internal.ConsoleLogger., took 0 ms.
TpTrace Verbose: 0 : 26768, 12, 2024/05/31, 00:05:30.090, 10648993550546, vstest.console.dll, TcpClientExtensions.MessageLoopAsync: NotifyDataAvailable remoteEndPoint: 127.0.0.1:62910 localEndPoint: 127.0.0.1:62909
TpTrace Verbose: 0 : 26768, 12, 2024/05/31, 00:05:30.090, 10648993553104, vstest.console.dll, TestRequestSender.OnExecutionMessageReceived: Received message: {"Version":7,"MessageType":"TestExecution.Completed","Payload":{"TestRunCompleteArgs":{"TestRunStatistics":{"ExecutedTests":87,"Stats":{"Passed":83,"Failed":4}},"IsCanceled":false,"IsAborted":false,"Error":null,"AttachmentSets":[],"InvokedDataCollectors":[],"ElapsedTimeInRunningTests":"00:00:01.6530904","Metrics":{},"DiscoveredExtensions":{"TestDiscoverers":["NUnit.VisualStudio.TestAdapter.NUnit3TestDiscoverer, NUnit3.TestAdapter, Version=4.4.0.0, Culture=neutral, PublicKeyToken=4cb40d35494691ac"],"TestExecutors":["executor://NUnit3TestExecutor"],"TestExecutors2":[],"TestSettingsProviders":[]}},"LastRunTests":{"NewTestResults":[{"TestCase":{"Id":"fc95df88-3134-f5bc-963c-9ab1dabe2f68","FullyQualifiedName":"FoodDeliveryAppTests.servicetests.CartServiceTest.GetTotalForOrder","DisplayName":"GetTotalForOrder","ExecutorUri":"executor://NUnit3TestExecutor","Source":"C:\\Users\\VC\\Desktop\\mini-project\\FoodDeliveryWebAppSln\\FoodDeliveryAppTests\\bin\\Debug\\net6.0\\fine-code-coverage\\build-output\\FoodDeliveryAppTests.dll","CodeFilePath":null,"LineNumber":0,"Properties":[{"Key":{"Id":"NUnit.Seed","Label":"Seed","Category":"","Description":"","Attributes":0,"ValueType":"System.String"},"Value":"1272992004"}]},"Attachments":[],"Outcome":1,"ErrorMessage":null,"ErrorStackTrace":null,"DisplayName":"GetTotalForOrder","Messages":[],"ComputerName":"DESKTOP-DPV93JG","Duration":"00:00:00.0040240","StartTime":"2024-05-30T18:35:29.9782077+00:00","EndTime":"2024-05-30T18:35:29.9822309+00:00","Properties":[{"Key":{"Id":"NUnit.Seed","Label":"Seed","Category":"","Description":"","Attributes":0,"ValueType":"System.String"},"Value":"1272992004"}]},{"TestCase":{"Id":"ebe54249-8d1e-a556-e5cb-d897cf7dec8b","FullyQualifiedName":"FoodDeliveryAppTests.servicetests.CartServiceTest.ViewPayment","DisplayName":"ViewPayment","ExecutorUri":"executor://NUnit3TestExecutor","Source":"C:\\Users\\VC\\Desktop\\mini-project\\FoodDeliveryWebAppSln\\FoodDeliveryAppTests\\bin\\Debug\\net6.0\\fine-code-coverage\\build-output\\FoodDeliveryAppTests.dll","CodeFilePath":null,"LineNumber":0,"Properties":[{"Key":{"Id":"NUnit.Seed","Label":"Seed","Category":"","Description":"","Attributes":0,"ValueType":"System.String"},"Value":"2076236441"}]},"Attachments":[],"Outcome":1,"ErrorMessage":null,"ErrorStackTrace":null,"DisplayName":"ViewPayment","Messages":[],"ComputerName":"DESKTOP-DPV93JG","Duration":"00:00:00.0031710","StartTime":"2024-05-30T18:35:29.9822552+00:00","EndTime":"2024-05-30T18:35:29.9854255+00:00","Properties":[{"Key":{"Id":"NUnit.Seed","Label":"Seed","Category":"","Description":"","Attributes":0,"ValueType":"System.String"},"Value":"2076236441"}]},{"TestCase":{"Id":"716235b0-0455-c801-32c5-cbb903504166","FullyQualifiedName":"FoodDeliveryAppTests.servicetests.UserServiceTest.AddAdminTest","DisplayName":"AddAdminTest","ExecutorUri":"executor://NUnit3TestExecutor","Source":"C:\\Users\\VC\\Desktop\\mini-project\\FoodDeliveryWebAppSln\\FoodDeliveryAppTests\\bin\\Debug\\net6.0\\fine-code-coverage\\build-output\\FoodDeliveryAppTests.dll","CodeFilePath":null,"LineNumber":0,"Properties":[{"Key":{"Id":"NUnit.Seed","Label":"Seed","Category":"","Description":"","Attributes":0,"ValueType":"System.String"},"Value":"1702019181"}]},"Attachments":[],"Outcome":1,"ErrorMessage":null,"ErrorStackTrace":null,"DisplayName":"AddAdminTest","Messages":[],"ComputerName":"DESKTOP-DPV93JG","Duration":"00:00:00.0010590","StartTime":"2024-05-30T18:35:29.9855737+00:00","EndTime":"2024-05-30T18:35:29.9866326+00:00","Properties":[{"Key":{"Id":"NUnit.Seed","Label":"Seed","Category":"","Description":"","Attributes":0,"ValueType":"System.String"},"Value":"1702019181"}]},{"TestCase":{"Id":"407ce8b7-8f95-9f51-0336-b430ebeb3696","FullyQualifiedName":"FoodDeliveryAppTests.servicetests.UserServiceTest.AddCustomerTest","DisplayName":"AddCustomerTest","ExecutorUri":"executor://NUnit3TestExecutor","Source":"C:\\Users\\VC\\Desktop\\mini-project\\FoodDeliveryWebAppSln\\FoodDeliveryAppTests\\bin\\Debug\\net6.0\\fine-code-coverage\\build-output\\FoodDeliveryAppTests.dll","CodeFilePath":null,"LineNumber":0,"Properties":[{"Key":{"Id":"NUnit.Seed","Label":"Seed","Category":"","Description":"","Attributes":0,"ValueType":"System.String"},"Value":"1646147382"}]},"Attachments":[],"Outcome":1,"ErrorMessage":null,"ErrorStackTrace":null,"DisplayName":"AddCustomerTest","Messages":[],"ComputerName":"DESKTOP-DPV93JG","Duration":"00:00:00.0004680","StartTime":"2024-05-30T18:35:29.9866665+00:00","EndTime":"2024-05-30T18:35:29.9871341+00:00","Properties":[{"Key":{"Id":"NUnit.Seed","Label":"Seed","Category":"","Description":"","Attributes":0,"ValueType":"System.String"},"Value":"1646147382"}]},{"TestCase":{"Id":"4ae0e25d-f9f8-deec-177d-51da7e600a9b","FullyQualifiedName":"FoodDeliveryAppTests.servicetests.UserServiceTest.CreateTokenTest","DisplayName":"CreateTokenTest","ExecutorUri":"executor://NUnit3TestExecutor","Source":"C:\\Users\\VC\\Desktop\\mini-project\\FoodDeliveryWebAppSln\\FoodDeliveryAppTests\\bin\\Debug\\net6.0\\fine-code-coverage\\build-output\\FoodDeliveryAppTests.dll","CodeFilePath":null,"LineNumber":0,"Properties":[{"Key":{"Id":"NUnit.Seed","Label":"Seed","Category":"","Description":"","Attributes":0,"ValueType":"System.String"},"Value":"2056251882"}]},"Attachments":[],"Outcome":1,"ErrorMessage":null,"ErrorStackTrace":null,"DisplayName":"CreateTokenTest","Messages":[],"ComputerName":"DESKTOP-DPV93JG","Duration":"00:00:00.0678680","StartTime":"2024-05-30T18:35:29.9871454+00:00","EndTime":"2024-05-30T18:35:30.0550127+00:00","Properties":[{"Key":{"Id":"NUnit.Seed","Label":"Seed","Category":"","Description":"","Attributes":0,"ValueType":"System.String"},"Value":"2056251882"}]},{"TestCase":{"Id":"4c52d088-7ef1-59c6-23a8-ca658859ad53","FullyQualifiedName":"FoodDeliveryAppTests.servicetests.UserServiceTest.LoginTest","DisplayName":"LoginTest","ExecutorUri":"executor://NUnit3TestExecutor","Source":"C:\\Users\\VC\\Desktop\\mini-project\\FoodDeliveryWebAppSln\\FoodDeliveryAppTests\\bin\\Debug\\net6.0\\fine-code-coverage\\build-output\\FoodDeliveryAppTests.dll","CodeFilePath":null,"LineNumber":0,"Properties":[{"Key":{"Id":"NUnit.Seed","Label":"Seed","Category":"","Description":"","Attributes":0,"ValueType":"System.String"},"Value":"2125355684"}]},"Attachments":[],"Outcome":1,"ErrorMessage":null,"ErrorStackTrace":null,"DisplayName":"LoginTest","Messages":[],"ComputerName":"DESKTOP-DPV93JG","Duration":"00:00:00.0004120","StartTime":"2024-05-30T18:35:30.0550408+00:00","EndTime":"2024-05-30T18:35:30.0554531+00:00","Properties":[{"Key":{"Id":"NUnit.Seed","Label":"Seed","Category":"","Description":"","Attributes":0,"ValueType":"System.String"},"Value":"2125355684"}]}],"TestRunStatistics":{"ExecutedTests":87,"Stats":{"Passed":83,"Failed":4}},"ActiveTests":[]},"RunAttachments":[],"ExecutorUris":["executor://nunit3testexecutor/"]}}
TpTrace Verbose: 0 : 26768, 12, 2024/05/31, 00:05:30.090, 10648993554089, vstest.console.dll, TestRequestSender.EndSession: Sending end session.
TpTrace Verbose: 0 : 26768, 12, 2024/05/31, 00:05:30.090, 10648993555366, vstest.console.dll, ProxyOperationManager.Close: waiting for test host to exit for 100 ms
TpTrace Verbose: 0 : 26768, 7, 2024/05/31, 00:05:30.125, 10648993900968, vstest.console.dll, TestHostManagerCallbacks.ctor: Experimental forwarding output is disabled.
TpTrace Warning: 0 : 26768, 7, 2024/05/31, 00:05:30.125, 10648993902285, vstest.console.dll, TestHostManagerCallbacks.ErrorReceivedCallback Test host standard error line: 
TpTrace Verbose: 0 : 26768, 7, 2024/05/31, 00:05:30.135, 10648994007423, vstest.console.dll, TestHostProvider.ExitCallBack: Host exited starting callback.
TpTrace Information: 0 : 26768, 7, 2024/05/31, 00:05:30.135, 10648994008903, vstest.console.dll, TestHostManagerCallbacks.ExitCallBack: Testhost processId: 4044 exited with exitcode: 0 error: ''
TpTrace Verbose: 0 : 26768, 7, 2024/05/31, 00:05:30.135, 10648994009181, vstest.console.dll, DotnetTestHostManager.OnHostExited: invoking OnHostExited callback
TpTrace Verbose: 0 : 26768, 7, 2024/05/31, 00:05:30.136, 10648994009710, vstest.console.dll, CrossPlatEngine.TestHostManagerHostExited: calling on client process exit callback.
TpTrace Information: 0 : 26768, 7, 2024/05/31, 00:05:30.136, 10648994010105, vstest.console.dll, TestRequestSender.OnClientProcessExit: Test host process exited. Standard error: 
TpTrace Information: 0 : 26768, 7, 2024/05/31, 00:05:30.136, 10648994010365, vstest.console.dll, SocketServer.Stop: Stop server endPoint: 127.0.0.1:62909
TpTrace Information: 0 : 26768, 7, 2024/05/31, 00:05:30.136, 10648994010545, vstest.console.dll, SocketServer.Stop: Cancellation requested. Stopping message loop.
TpTrace Verbose: 0 : 26768, 7, 2024/05/31, 00:05:30.136, 10648994011397, vstest.console.dll, MulticastDelegateUtilities.SafeInvoke: HostProviderEvents.OnHostExited: Invoking callback 1/1 for Microsoft.VisualStudio.TestPlatform.CrossPlatEngine.Client.ProxyOperationManager., took 0 ms.
TpTrace Information: 0 : 26768, 12, 2024/05/31, 00:05:30.136, 10648994011415, vstest.console.dll, SocketServer.Stop: Stop server endPoint: 127.0.0.1:62909
TpTrace Information: 0 : 26768, 12, 2024/05/31, 00:05:30.136, 10648994013135, vstest.console.dll, SocketServer.Stop: Cancellation requested. Stopping message loop.
TpTrace Information: 0 : 26768, 12, 2024/05/31, 00:05:30.136, 10648994013504, vstest.console.dll, Closing the connection
TpTrace Verbose: 0 : 26768, 12, 2024/05/31, 00:05:30.136, 10648994015238, vstest.console.dll, ProxyDataCollectionManager.InvokeDataCollectionServiceAction: Starting.
TpTrace Information: 0 : 26768, 12, 2024/05/31, 00:05:30.136, 10648994015597, vstest.console.dll, ProxyDataCollectionManager.AfterTestRunEnd: Get attachment set and invoked data collectors processId: 19380 port: 62906
TpTrace Verbose: 0 : 26768, 12, 2024/05/31, 00:05:30.136, 10648994015980, vstest.console.dll, DataCollectionRequestSender.SendAfterTestRunStartAndGetResult: Send AfterTestRunEnd message with isCancelled: False
TpTrace Verbose: 0 : 26768, 12, 2024/05/31, 00:05:30.141, 10648994068916, vstest.console.dll, DataCollectionRequestSender.SendAfterTestRunStartAndGetResult: Received message: (DataCollection.AfterTestRunEndResult) -> {"MessageType":"DataCollection.AfterTestRunEndResult","Payload":{"AttachmentSets":[],"InvokedDataCollectors":[{"Uri":"datacollector://Microsoft/TestPlatform/Extensions/Blame/v1","FriendlyName":"Blame","AssemblyQualifiedName":"Microsoft.TestPlatform.Extensions.BlameDataCollector.BlameCollector, Microsoft.TestPlatform.Extensions.BlameDataCollector, Version=15.0.0.0, Culture=neutral, PublicKeyToken=b03f5f7f11d50a3a","FilePath":"C:\\Program Files\\dotnet\\sdk\\8.0.202\\Extensions\\Microsoft.TestPlatform.Extensions.BlameDataCollector.dll","HasAttachmentProcessor":false}],"Metrics":{}}}
TpTrace Information: 0 : 26768, 12, 2024/05/31, 00:05:30.146, 10648994113317, vstest.console.dll, ProxyDataCollectionManager.InvokeDataCollectionServiceAction: Completed.
TpTrace Warning: 0 : 26768, 10, 2024/05/31, 00:05:30.166, 10648994316946, vstest.console.dll, DataCollectionLauncher.ErrorReceivedCallback datacollector standard error line: 
TpTrace Verbose: 0 : 26768, 12, 2024/05/31, 00:05:30.175, 10648994407734, vstest.console.dll, TestRunRequest:SendTestRunStatsChange: Starting.
TpTrace Verbose: 0 : 26768, 12, 2024/05/31, 00:05:30.175, 10648994409204, vstest.console.dll, MulticastDelegateUtilities.SafeInvoke: TestRun.RunStatsChanged: Invoking callbacks was skipped because there are no subscribers.
TpTrace Information: 0 : 26768, 10, 2024/05/31, 00:05:30.175, 10648994408468, vstest.console.dll, DataCollectionLauncher.ExitCallBack: Data collector exited with exitcode: 0 error: ''
TpTrace Information: 0 : 26768, 12, 2024/05/31, 00:05:30.176, 10648994409593, vstest.console.dll, TestRunRequest:SendTestRunStatsChange: Completed.
TpTrace Verbose: 0 : 26768, 4, 2024/05/31, 00:05:30.176, 10648994410723, vstest.console.dll, MulticastDelegateUtilities.SafeInvoke: InternalTestLoggerEvents.SendTestResult: Invoking callback 1/1 for Microsoft.VisualStudio.TestPlatform.CommandLine.Internal.ConsoleLogger., took 0 ms.
TpTrace Verbose: 0 : 26768, 4, 2024/05/31, 00:05:30.176, 10648994412562, vstest.console.dll, MulticastDelegateUtilities.SafeInvoke: InternalTestLoggerEvents.SendTestResult: Invoking callback 1/1 for Microsoft.VisualStudio.TestPlatform.CommandLine.Internal.ConsoleLogger., took 0 ms.
TpTrace Verbose: 0 : 26768, 4, 2024/05/31, 00:05:30.176, 10648994412899, vstest.console.dll, MulticastDelegateUtilities.SafeInvoke: InternalTestLoggerEvents.SendTestResult: Invoking callback 1/1 for Microsoft.VisualStudio.TestPlatform.CommandLine.Internal.ConsoleLogger., took 0 ms.
TpTrace Verbose: 0 : 26768, 4, 2024/05/31, 00:05:30.176, 10648994413154, vstest.console.dll, MulticastDelegateUtilities.SafeInvoke: InternalTestLoggerEvents.SendTestResult: Invoking callback 1/1 for Microsoft.VisualStudio.TestPlatform.CommandLine.Internal.ConsoleLogger., took 0 ms.
TpTrace Verbose: 0 : 26768, 4, 2024/05/31, 00:05:30.176, 10648994413397, vstest.console.dll, MulticastDelegateUtilities.SafeInvoke: InternalTestLoggerEvents.SendTestResult: Invoking callback 1/1 for Microsoft.VisualStudio.TestPlatform.CommandLine.Internal.ConsoleLogger., took 0 ms.
TpTrace Verbose: 0 : 26768, 4, 2024/05/31, 00:05:30.176, 10648994413688, vstest.console.dll, MulticastDelegateUtilities.SafeInvoke: InternalTestLoggerEvents.SendTestResult: Invoking callback 1/1 for Microsoft.VisualStudio.TestPlatform.CommandLine.Internal.ConsoleLogger., took 0 ms.
TpTrace Verbose: 0 : 26768, 12, 2024/05/31, 00:05:30.176, 10648994415035, vstest.console.dll, ParallelProxyExecutionManager: HandlePartialRunComplete: Total workloads = 1, Total started clients = 1 Total completed clients = 1, Run complete = True, Run canceled: False.
TpTrace Verbose: 0 : 26768, 12, 2024/05/31, 00:05:30.176, 10648994415531, vstest.console.dll, ParallelProxyExecutionManager: HandlePartialRunComplete: All runs completed stopping all managers.
TpTrace Verbose: 0 : 26768, 12, 2024/05/31, 00:05:30.176, 10648994415902, vstest.console.dll, ParallelOperationManager.StopAllManagers: Stopping all managers.
TpTrace Verbose: 0 : 26768, 12, 2024/05/31, 00:05:30.176, 10648994416221, vstest.console.dll, ParallelOperationManager.ClearSlots: Clearing all slots. Slots should accept more work: False
TpTrace Verbose: 0 : 26768, 12, 2024/05/31, 00:05:30.176, 10648994416609, vstest.console.dll, ParallelOperationManager.SetOccupiedSlotCount: Setting slot counts AvailableSlotCount = 1, OccupiedSlotCount = 0.
TpTrace Verbose: 0 : 26768, 12, 2024/05/31, 00:05:30.176, 10648994416969, vstest.console.dll, Occupied slots:

TpTrace Verbose: 0 : 26768, 4, 2024/05/31, 00:05:30.184, 10648994498777, vstest.console.dll, MulticastDelegateUtilities.SafeInvoke: InternalTestLoggerEvents.SendTestRunComplete: Invoking callback 1/2 for Microsoft.TestPlatform.Extensions.BlameDataCollector.BlameLogger., took 0 ms.
TpTrace Verbose: 0 : 26768, 4, 2024/05/31, 00:05:30.188, 10648994534096, vstest.console.dll, MulticastDelegateUtilities.SafeInvoke: InternalTestLoggerEvents.SendTestRunComplete: Invoking callback 2/2 for Microsoft.VisualStudio.TestPlatform.CommandLine.Internal.ConsoleLogger., took 3 ms.
TpTrace Verbose: 0 : 26768, 12, 2024/05/31, 00:05:30.189, 10648994540437, vstest.console.dll, TestRunRequest:TestRunComplete: Starting. IsAborted:False IsCanceled:False.
TpTrace Verbose: 0 : 26768, 12, 2024/05/31, 00:05:30.189, 10648994542551, vstest.console.dll, ParallelOperationManager.DoActionOnAllManagers: Calling an action on all managers.
TpTrace Verbose: 0 : 26768, 12, 2024/05/31, 00:05:30.190, 10648994551673, vstest.console.dll, TestLoggerManager.HandleTestRunComplete: Ignoring as the object is disposed.
TpTrace Verbose: 0 : 26768, 12, 2024/05/31, 00:05:30.190, 10648994553232, vstest.console.dll, MulticastDelegateUtilities.SafeInvoke: TestRun.TestRunComplete: Invoking callback 1/2 for Microsoft.VisualStudio.TestPlatform.CommandLine.TestRunResultAggregator., took 0 ms.
TpTrace Verbose: 0 : 26768, 12, 2024/05/31, 00:05:30.190, 10648994554244, vstest.console.dll, MulticastDelegateUtilities.SafeInvoke: TestRun.TestRunComplete: Invoking callback 2/2 for Microsoft.VisualStudio.TestPlatform.CommandLine.Processors.RunTestsArgumentExecutor+TestRunRequestEventsRegistrar., took 0 ms.
TpTrace Information: 0 : 26768, 12, 2024/05/31, 00:05:30.190, 10648994554915, vstest.console.dll, TestRunRequest:TestRunComplete: Completed.
TpTrace Verbose: 0 : 26768, 12, 2024/05/31, 00:05:30.190, 10648994555195, vstest.console.dll, TestRequestSender.SetOperationComplete: Setting operation complete.
TpTrace Information: 0 : 26768, 12, 2024/05/31, 00:05:30.190, 10648994555387, vstest.console.dll, SocketServer.Stop: Stop server endPoint: 127.0.0.1:62909
TpTrace Information: 0 : 26768, 12, 2024/05/31, 00:05:30.190, 10648994555578, vstest.console.dll, SocketServer.Stop: Cancellation requested. Stopping message loop.
TpTrace Verbose: 0 : 26768, 12, 2024/05/31, 00:05:30.190, 10648994555812, vstest.console.dll, MulticastDelegateUtilities.SafeInvoke: LengthPrefixCommunicationChannel: MessageReceived: Invoking callback 1/1 for Microsoft.VisualStudio.TestPlatform.CommunicationUtilities.TestRequestSender+<>c__DisplayClass34_0., took 100 ms.
TpTrace Information: 0 : 26768, 12, 2024/05/31, 00:05:30.190, 10648994556102, vstest.console.dll, SocketServer.PrivateStop: Stopping server endPoint: 127.0.0.1:62909 error: 
TpTrace Verbose: 0 : 26768, 1, 2024/05/31, 00:05:30.190, 10648994556276, vstest.console.dll, TestRunRequest.Dispose: Starting.
TpTrace Information: 0 : 26768, 1, 2024/05/31, 00:05:30.190, 10648994556874, vstest.console.dll, TestRunRequest.Dispose: Completed.
TpTrace Information: 0 : 26768, 1, 2024/05/31, 00:05:30.190, 10648994557125, vstest.console.dll, TestRequestManager.RunTests: run tests completed.
TpTrace Information: 0 : 26768, 1, 2024/05/31, 00:05:30.190, 10648994557593, vstest.console.dll, RunTestsArgumentProcessor:Execute: Test run is completed.
TpTrace Verbose: 0 : 26768, 1, 2024/05/31, 00:05:30.191, 10648994559414, vstest.console.dll, Executor.Execute: Exiting with exit code of 1
TpTrace Verbose: 0 : 26768, 12, 2024/05/31, 00:05:30.191, 10648994559616, vstest.console.dll, LengthPrefixCommunicationChannel.Dispose: Dispose reader and writer.
TpTrace Information: 0 : 26768, 12, 2024/05/31, 00:05:30.191, 10648994560228, vstest.console.dll, SocketServer.Stop: Raise disconnected event endPoint: 127.0.0.1:62909 error: 
TpTrace Verbose: 0 : 26768, 12, 2024/05/31, 00:05:30.191, 10648994560998, vstest.console.dll, TestRequestSender: OnTestRunAbort: Operation is already complete. Skip error message.
TpTrace Verbose: 0 : 26768, 12, 2024/05/31, 00:05:30.191, 10648994561390, vstest.console.dll, MulticastDelegateUtilities.SafeInvoke: SocketServer: ClientDisconnected: Invoking callback 1/1 for Microsoft.VisualStudio.TestPlatform.CommunicationUtilities.TestRequestSender., took 0 ms.
TpTrace Verbose: 0 : 26768, 12, 2024/05/31, 00:05:30.191, 10648994561621, vstest.console.dll, TcpClientExtensions.MessageLoopAsync: exiting MessageLoopAsync remoteEndPoint: 127.0.0.1:62910 localEndPoint: 127.0.0.1:62909
